New log file opened at Sun May 17 23:22:16 PDT 2015 by 7536@BASHTOP
Sending msg to client activator-524a52d3-1503-4143-a0ec-577eab43db1a: DetachedLogEvent(LogMessage(debug,sbt server socket logs are in: C:\Users\BASHBABA\Desktop\OLGA\movierecommendation\.sbtserver\connections\master.log))
Sending msg to client activator-524a52d3-1503-4143-a0ec-577eab43db1a: DetachedLogEvent(LogMessage(debug,sbt client logs are in: C:\Users\BASHBABA\Desktop\OLGA\movierecommendation\.sbtserver\connections\activator-524a52d3-1503-4143-a0ec-577eab43db1a.log))
Sending msg to client activator-524a52d3-1503-4143-a0ec-577eab43db1a: DetachedLogEvent(LogMessage(debug,sbt general server logs are in: C:\Users\BASHBABA\Desktop\OLGA\movierecommendation\.sbtserver\master.log))
Reading next message from client.
Got request: ListenToEvents()
Reading next message from client.
Got request: ListenToBuildChange()
Reading next message from client.
Got request: SendSyntheticBuildChanged()
Reading next message from client.
Sending msg to client activator-524a52d3-1503-4143-a0ec-577eab43db1a: (3,ReceivedResponse())
Sending msg to client activator-524a52d3-1503-4143-a0ec-577eab43db1a: DetachedLogEvent(LogMessage(debug,> boot))
Got request: KeyLookupRequest(discoveredMainClasses)
Reading next message from client.
Sending msg to client activator-524a52d3-1503-4143-a0ec-577eab43db1a: DetachedLogEvent(LogMessage(debug,> reload))
Got request: KeyLookupRequest(mainClass)
Reading next message from client.
Got request: KeyLookupRequest(echo:echoTraceSupported)
Reading next message from client.
Got request: KeyLookupRequest(echo:echoPlayVersionReport)
Reading next message from client.
Got request: KeyLookupRequest(echo:echoAkkaVersionReport)
Reading next message from client.
Got request: KeyLookupRequest(echo:echoTracePlayVersion)
Reading next message from client.
Sending msg to client activator-524a52d3-1503-4143-a0ec-577eab43db1a: DetachedLogEvent(LogMessage(debug,[Loading] Scanning directory C:\Users\BASHBABA\Desktop\OLGA\movierecommendation\project))
Sending msg to client activator-524a52d3-1503-4143-a0ec-577eab43db1a: DetachedLogEvent(LogMessage(debug,[Loading] Found non-root projects ))
Sending msg to client activator-524a52d3-1503-4143-a0ec-577eab43db1a: DetachedLogEvent(LogMessage(debug,[Loading] Done in C:\Users\BASHBABA\Desktop\OLGA\movierecommendation\project, returning: ()))
Sending msg to client activator-524a52d3-1503-4143-a0ec-577eab43db1a: DetachedLogEvent(LogMessage(debug,deducing auto plugins based on known facts Set(Atom(sbt.plugins.CorePlugin)) and clauses Clauses(List(Clause(Atom(sbt.plugins.JvmPlugin),Set(Atom(sbt.plugins.IvyPlugin))), Clause(Atom(sbt.plugins.JUnitXmlReportPlugin),Set(Atom(sbt.plugins.JvmPlugin))), Clause(Atom(sbt.plugins.CorePlugin),Set(Atom(sbt.plugins.IvyPlugin))), Clause(Atom(sbt.plugins.IvyPlugin),Set(Atom(sbt.plugins.JvmPlugin))), Clause(Atom(sbt.plugins.JvmPlugin),Set(Atom(sbt.plugins.JUnitXmlReportPlugin)))))))
Sending msg to client activator-524a52d3-1503-4143-a0ec-577eab43db1a: DetachedLogEvent(LogMessage(debug,  :: deduced result: Matched(sbt.plugins.CorePlugin,sbt.plugins.IvyPlugin,sbt.plugins.JvmPlugin,sbt.plugins.JUnitXmlReportPlugin)))
Sending msg to client activator-524a52d3-1503-4143-a0ec-577eab43db1a: DetachedLogEvent(LogMessage(debug,sorting: ns: List(sbt.plugins.CorePlugin, sbt.plugins.IvyPlugin, sbt.plugins.JvmPlugin, sbt.plugins.JUnitXmlReportPlugin)))
Sending msg to client activator-524a52d3-1503-4143-a0ec-577eab43db1a: DetachedLogEvent(LogMessage(debug,  :: sorting:: found: List(sbt.plugins.CorePlugin) not found List(sbt.plugins.IvyPlugin, sbt.plugins.JvmPlugin, sbt.plugins.JUnitXmlReportPlugin)))
Sending msg to client activator-524a52d3-1503-4143-a0ec-577eab43db1a: DetachedLogEvent(LogMessage(debug,  :: sorting:: found: List(sbt.plugins.CorePlugin, sbt.plugins.IvyPlugin) not found List(sbt.plugins.JvmPlugin, sbt.plugins.JUnitXmlReportPlugin)))
Sending msg to client activator-524a52d3-1503-4143-a0ec-577eab43db1a: DetachedLogEvent(LogMessage(debug,  :: sorting:: found: List(sbt.plugins.CorePlugin, sbt.plugins.IvyPlugin, sbt.plugins.JvmPlugin) not found List(sbt.plugins.JUnitXmlReportPlugin)))
Sending msg to client activator-524a52d3-1503-4143-a0ec-577eab43db1a: DetachedLogEvent(LogMessage(debug,  :: sorting:: found: List(sbt.plugins.CorePlugin, sbt.plugins.IvyPlugin, sbt.plugins.JvmPlugin, sbt.plugins.JUnitXmlReportPlugin) not found List()))
Sending msg to client activator-524a52d3-1503-4143-a0ec-577eab43db1a: DetachedLogEvent(LogMessage(debug,  :: sorted deduced result: List(sbt.plugins.CorePlugin, sbt.plugins.IvyPlugin, sbt.plugins.JvmPlugin, sbt.plugins.JUnitXmlReportPlugin)))
Sending msg to client activator-524a52d3-1503-4143-a0ec-577eab43db1a: DetachedLogEvent(LogMessage(debug,[Loading] Done in C:\Users\BASHBABA\Desktop\OLGA\movierecommendation\project, returning: (movierecommendation-build)))
Sending msg to client activator-524a52d3-1503-4143-a0ec-577eab43db1a: DetachedLogEvent(LogMessage(info,Loading project definition from C:\Users\BASHBABA\Desktop\OLGA\movierecommendation\project))
Sending msg to client activator-524a52d3-1503-4143-a0ec-577eab43db1a: DetachedLogEvent(LogMessage(debug,Running task... Cancel: sbt.TaskCancellationStrategy$Null$@2acbc7f8, check cycles: false))
Sending msg to client activator-524a52d3-1503-4143-a0ec-577eab43db1a: DetachedLogEvent(LogMessage(debug,
Initial source changes: 
	removed:Set()
	added: Set()
	modified: Set()
Removed products: Set()
External API changes: API Changes: Set()
Modified binary dependencies: Set()
Initial directly invalidated sources: Set()

Sources indirectly invalidated by:
	product: Set()
	binary dep: Set()
	external source: Set()))
Sending msg to client activator-524a52d3-1503-4143-a0ec-577eab43db1a: DetachedLogEvent(LogMessage(debug,All initially invalidated sources: Set()
))
Sending msg to client activator-524a52d3-1503-4143-a0ec-577eab43db1a: DetachedLogEvent(LogMessage(debug,Copy resource mappings: 
	))
Got request: UnlistenToEvents()
Reading next message from client.
Sending msg to client activator-524a52d3-1503-4143-a0ec-577eab43db1a: (12,ReceivedResponse())
Got request: UnlistenToBuildChange()
Reading next message from client.
Client activator-524a52d3-1503-4143-a0ec-577eab43db1a EOF, shutting down.
Stopping client.
Dropping message (0,ReceivedResponse()) to dead client activator-524a52d3-1503-4143-a0ec-577eab43db1a
Client activator-524a52d3-1503-4143-a0ec-577eab43db1a thread exiting.
Dropping message (4,ReceivedResponse()) to dead client activator-524a52d3-1503-4143-a0ec-577eab43db1a
Dropping message BuildStructureChanged(MinimalBuildStructure(Vector(file:/C:/Users/BASHBABA/Desktop/OLGA/movierecommendation/),Vector(MinimalProjectStructure(ProjectReference(file:/C:/Users/BASHBABA/Desktop/OLGA/movierecommendation/,root),Vector(sbt.plugins.CorePlugin, com.typesafe.sbt.web.SbtWeb, sbt.plugins.InteractionServicePlugin, sbt.plugins.SendEventServicePlugin, sbt.plugins.SerializersPlugin, sbt.plugins.IvyPlugin, com.typesafe.sbt.webdriver.SbtWebDriver, com.typesafe.sbt.jse.SbtJsEngine, com.typesafe.sbt.digest.SbtDigest, sbt.plugins.JvmPlugin, com.typesafe.sbt.jse.SbtJsTask, play.twirl.sbt.SbtTwirl, com.typesafe.sbt.jshint.SbtJSHint, sbt.plugins.JUnitXmlReportPlugin, com.typesafe.sbt.mocha.SbtMocha, com.typesafe.sbt.less.SbtLess, com.typesafe.sbt.rjs.SbtRjs, com.typesafe.sbt.coffeescript.SbtCoffeeScript, sbt.plugins.BackgroundRunPlugin, play.Play, play.PlayJava, play.sbt.forkrun.PlayForkRun))))) to dead client activator-524a52d3-1503-4143-a0ec-577eab43db1a
Dropping message (6,KeyLookupResponse(discoveredMainClasses,Vector(AttributeKey[scala.collection.Seq[java.lang.String]]("discoveredMainClasses") in Scope(Build: file:/C:/Users/BASHBABA/Desktop/OLGA/movierecommendation/, , Project: ProjectReference(file:/C:/Users/BASHBABA/Desktop/OLGA/movierecommendation/,root), Config: compile)))) to dead client activator-524a52d3-1503-4143-a0ec-577eab43db1a
Dropping message (7,KeyLookupResponse(mainClass,Vector(AttributeKey[scala.Option[java.lang.String]]("mainClass") in Scope(Build: file:/C:/Users/BASHBABA/Desktop/OLGA/movierecommendation/, , Project: ProjectReference(file:/C:/Users/BASHBABA/Desktop/OLGA/movierecommendation/,root), Config: compile)))) to dead client activator-524a52d3-1503-4143-a0ec-577eab43db1a
Dropping message (8,KeyLookupResponse(echo:echoTraceSupported,Vector())) to dead client activator-524a52d3-1503-4143-a0ec-577eab43db1a
Dropping message (9,KeyLookupResponse(echo:echoPlayVersionReport,Vector())) to dead client activator-524a52d3-1503-4143-a0ec-577eab43db1a
Dropping message (10,KeyLookupResponse(echo:echoAkkaVersionReport,Vector())) to dead client activator-524a52d3-1503-4143-a0ec-577eab43db1a
Dropping message (11,KeyLookupResponse(echo:echoTracePlayVersion,Vector())) to dead client activator-524a52d3-1503-4143-a0ec-577eab43db1a
Dropping message (13,ReceivedResponse()) to dead client activator-524a52d3-1503-4143-a0ec-577eab43db1a
Dropping message BuildStructureChanged(MinimalBuildStructure(Vector(file:/C:/Users/BASHBABA/Desktop/OLGA/movierecommendation/),Vector(MinimalProjectStructure(ProjectReference(file:/C:/Users/BASHBABA/Desktop/OLGA/movierecommendation/,root),Vector(sbt.plugins.CorePlugin, com.typesafe.sbt.web.SbtWeb, sbt.plugins.InteractionServicePlugin, sbt.plugins.SendEventServicePlugin, sbt.plugins.SerializersPlugin, sbt.plugins.IvyPlugin, com.typesafe.sbt.webdriver.SbtWebDriver, com.typesafe.sbt.jse.SbtJsEngine, com.typesafe.sbt.digest.SbtDigest, sbt.plugins.JvmPlugin, com.typesafe.sbt.jse.SbtJsTask, play.twirl.sbt.SbtTwirl, com.typesafe.sbt.jshint.SbtJSHint, sbt.plugins.JUnitXmlReportPlugin, com.typesafe.sbt.mocha.SbtMocha, com.typesafe.sbt.less.SbtLess, com.typesafe.sbt.rjs.SbtRjs, com.typesafe.sbt.coffeescript.SbtCoffeeScript, sbt.plugins.BackgroundRunPlugin, play.Play, play.PlayJava, play.sbt.forkrun.PlayForkRun))))) to dead client activator-524a52d3-1503-4143-a0ec-577eab43db1a
