New log file opened at Mon May 18 13:38:38 PDT 2015 by 5276@BASHTOP
Sending msg to client activator-77c91bac-7e47-4af3-b7d2-6c551f035b58: DetachedLogEvent(LogMessage(debug,sbt server socket logs are in: C:\Users\BASHBABA\Desktop\OLGA\movierecommendation\.sbtserver\connections\master.log))
Sending msg to client activator-77c91bac-7e47-4af3-b7d2-6c551f035b58: DetachedLogEvent(LogMessage(debug,sbt client logs are in: C:\Users\BASHBABA\Desktop\OLGA\movierecommendation\.sbtserver\connections\activator-77c91bac-7e47-4af3-b7d2-6c551f035b58.log))
Reading next message from client.
Sending msg to client activator-77c91bac-7e47-4af3-b7d2-6c551f035b58: DetachedLogEvent(LogMessage(debug,sbt general server logs are in: C:\Users\BASHBABA\Desktop\OLGA\movierecommendation\.sbtserver\master.log))
Got request: ListenToEvents()
Reading next message from client.
Got request: ListenToBuildChange()
Reading next message from client.
Sending msg to client activator-77c91bac-7e47-4af3-b7d2-6c551f035b58: DetachedLogEvent(LogMessage(debug,> --initialize))
Sending msg to client activator-77c91bac-7e47-4af3-b7d2-6c551f035b58: DetachedLogEvent(LogMessage(debug,> initialize))
Sending msg to client activator-77c91bac-7e47-4af3-b7d2-6c551f035b58: DetachedLogEvent(LogMessage(debug,> onFailure load-failed))
Sending msg to client activator-77c91bac-7e47-4af3-b7d2-6c551f035b58: DetachedLogEvent(LogMessage(debug,> boot))
Sending msg to client activator-77c91bac-7e47-4af3-b7d2-6c551f035b58: DetachedLogEvent(LogMessage(debug,> reload))
Sending msg to client activator-77c91bac-7e47-4af3-b7d2-6c551f035b58: DetachedLogEvent(LogMessage(debug,[Loading] Scanning directory C:\Users\BASHBABA\Desktop\OLGA\movierecommendation\project))
Sending msg to client activator-77c91bac-7e47-4af3-b7d2-6c551f035b58: (3,ReceivedResponse())
Got request: SendSyntheticBuildChanged()
Reading next message from client.
Got request: KeyLookupRequest(discoveredMainClasses)
Reading next message from client.
Got request: KeyLookupRequest(mainClass)
Reading next message from client.
Got request: KeyLookupRequest(echo:echoTraceSupported)
Reading next message from client.
Got request: KeyLookupRequest(echo:echoPlayVersionReport)
Reading next message from client.
Got request: KeyLookupRequest(echo:echoAkkaVersionReport)
Reading next message from client.
Got request: KeyLookupRequest(echo:echoTracePlayVersion)
Reading next message from client.
Got request: UnlistenToEvents()
Reading next message from client.
Sending msg to client activator-77c91bac-7e47-4af3-b7d2-6c551f035b58: (12,ReceivedResponse())
Got request: UnlistenToBuildChange()
Reading next message from client.
Client activator-77c91bac-7e47-4af3-b7d2-6c551f035b58 EOF, shutting down.
Stopping client.
Dropping message (0,ReceivedResponse()) to dead client activator-77c91bac-7e47-4af3-b7d2-6c551f035b58
Client activator-77c91bac-7e47-4af3-b7d2-6c551f035b58 thread exiting.
Dropping message (4,ReceivedResponse()) to dead client activator-77c91bac-7e47-4af3-b7d2-6c551f035b58
Dropping message BuildStructureChanged(MinimalBuildStructure(Vector(file:/C:/Users/BASHBABA/Desktop/OLGA/movierecommendation/),Vector(MinimalProjectStructure(ProjectReference(file:/C:/Users/BASHBABA/Desktop/OLGA/movierecommendation/,root),Vector(sbt.plugins.CorePlugin, com.typesafe.sbt.web.SbtWeb, sbt.plugins.InteractionServicePlugin, sbt.plugins.SendEventServicePlugin, sbt.plugins.SerializersPlugin, sbt.plugins.IvyPlugin, com.typesafe.sbt.webdriver.SbtWebDriver, com.typesafe.sbt.jse.SbtJsEngine, com.typesafe.sbt.digest.SbtDigest, sbt.plugins.JvmPlugin, com.typesafe.sbt.jse.SbtJsTask, play.twirl.sbt.SbtTwirl, com.typesafe.sbt.jshint.SbtJSHint, sbt.plugins.JUnitXmlReportPlugin, com.typesafe.sbt.mocha.SbtMocha, com.typesafe.sbt.less.SbtLess, com.typesafe.sbt.rjs.SbtRjs, com.typesafe.sbt.coffeescript.SbtCoffeeScript, sbt.plugins.BackgroundRunPlugin, play.Play, play.PlayJava, play.sbt.forkrun.PlayForkRun))))) to dead client activator-77c91bac-7e47-4af3-b7d2-6c551f035b58
Dropping message (6,KeyLookupResponse(discoveredMainClasses,Vector(AttributeKey[scala.collection.Seq[java.lang.String]]("discoveredMainClasses") in Scope(Build: file:/C:/Users/BASHBABA/Desktop/OLGA/movierecommendation/, , Project: ProjectReference(file:/C:/Users/BASHBABA/Desktop/OLGA/movierecommendation/,root), Config: compile)))) to dead client activator-77c91bac-7e47-4af3-b7d2-6c551f035b58
Dropping message (7,KeyLookupResponse(mainClass,Vector(AttributeKey[scala.Option[java.lang.String]]("mainClass") in Scope(Build: file:/C:/Users/BASHBABA/Desktop/OLGA/movierecommendation/, , Project: ProjectReference(file:/C:/Users/BASHBABA/Desktop/OLGA/movierecommendation/,root), Config: compile)))) to dead client activator-77c91bac-7e47-4af3-b7d2-6c551f035b58
Dropping message (8,KeyLookupResponse(echo:echoTraceSupported,Vector())) to dead client activator-77c91bac-7e47-4af3-b7d2-6c551f035b58
Dropping message (9,KeyLookupResponse(echo:echoPlayVersionReport,Vector())) to dead client activator-77c91bac-7e47-4af3-b7d2-6c551f035b58
Dropping message (10,KeyLookupResponse(echo:echoAkkaVersionReport,Vector())) to dead client activator-77c91bac-7e47-4af3-b7d2-6c551f035b58
Dropping message (11,KeyLookupResponse(echo:echoTracePlayVersion,Vector())) to dead client activator-77c91bac-7e47-4af3-b7d2-6c551f035b58
Dropping message (13,ReceivedResponse()) to dead client activator-77c91bac-7e47-4af3-b7d2-6c551f035b58
Dropping message BuildStructureChanged(MinimalBuildStructure(Vector(file:/C:/Users/BASHBABA/Desktop/OLGA/movierecommendation/),Vector(MinimalProjectStructure(ProjectReference(file:/C:/Users/BASHBABA/Desktop/OLGA/movierecommendation/,root),Vector(sbt.plugins.CorePlugin, com.typesafe.sbt.web.SbtWeb, sbt.plugins.InteractionServicePlugin, sbt.plugins.SendEventServicePlugin, sbt.plugins.SerializersPlugin, sbt.plugins.IvyPlugin, com.typesafe.sbt.webdriver.SbtWebDriver, com.typesafe.sbt.jse.SbtJsEngine, com.typesafe.sbt.digest.SbtDigest, sbt.plugins.JvmPlugin, com.typesafe.sbt.jse.SbtJsTask, play.twirl.sbt.SbtTwirl, com.typesafe.sbt.jshint.SbtJSHint, sbt.plugins.JUnitXmlReportPlugin, com.typesafe.sbt.mocha.SbtMocha, com.typesafe.sbt.less.SbtLess, com.typesafe.sbt.rjs.SbtRjs, com.typesafe.sbt.coffeescript.SbtCoffeeScript, sbt.plugins.BackgroundRunPlugin, play.Play, play.PlayJava, play.sbt.forkrun.PlayForkRun))))) to dead client activator-77c91bac-7e47-4af3-b7d2-6c551f035b58
