New log file opened at Fri May 15 21:39:16 PDT 2015 by 8508@BASHTOP
Sending msg to client activator-fe22ebf5-4283-4261-ab1a-11f5dd5bf706: DetachedLogEvent(LogMessage(debug,sbt server socket logs are in: C:\Users\BASHBABA\Desktop\OLGA\movierecommendation\.sbtserver\connections\master.log))
Sending msg to client activator-fe22ebf5-4283-4261-ab1a-11f5dd5bf706: DetachedLogEvent(LogMessage(debug,sbt client logs are in: C:\Users\BASHBABA\Desktop\OLGA\movierecommendation\.sbtserver\connections\activator-fe22ebf5-4283-4261-ab1a-11f5dd5bf706.log))
Sending msg to client activator-fe22ebf5-4283-4261-ab1a-11f5dd5bf706: DetachedLogEvent(LogMessage(debug,sbt general server logs are in: C:\Users\BASHBABA\Desktop\OLGA\movierecommendation\.sbtserver\master.log))
Reading next message from client.
Got request: ListenToEvents()
Reading next message from client.
Got request: ListenToBuildChange()
Reading next message from client.
Got request: SendSyntheticBuildChanged()
Reading next message from client.
Got request: KeyLookupRequest(discoveredMainClasses)
Reading next message from client.
Got request: KeyLookupRequest(mainClass)
Reading next message from client.
Got request: KeyLookupRequest(echo:echoTraceSupported)
Reading next message from client.
Got request: KeyLookupRequest(echo:echoPlayVersionReport)
Reading next message from client.
Got request: KeyLookupRequest(echo:echoAkkaVersionReport)
Reading next message from client.
Got request: KeyLookupRequest(echo:echoTracePlayVersion)
Reading next message from client.
Sending msg to client activator-fe22ebf5-4283-4261-ab1a-11f5dd5bf706: (3,ReceivedResponse())
Sending msg to client activator-fe22ebf5-4283-4261-ab1a-11f5dd5bf706: DetachedLogEvent(LogMessage(debug,[Loading] Found non-root projects ))
Sending msg to client activator-fe22ebf5-4283-4261-ab1a-11f5dd5bf706: DetachedLogEvent(LogMessage(debug,[Loading] Done in C:\Users\BASHBABA\Desktop\OLGA\movierecommendation\project, returning: ()))
Sending msg to client activator-fe22ebf5-4283-4261-ab1a-11f5dd5bf706: DetachedLogEvent(LogMessage(debug,deducing auto plugins based on known facts Set(Atom(sbt.plugins.CorePlugin)) and clauses Clauses(List(Clause(Atom(sbt.plugins.JvmPlugin),Set(Atom(sbt.plugins.IvyPlugin))), Clause(Atom(sbt.plugins.JUnitXmlReportPlugin),Set(Atom(sbt.plugins.JvmPlugin))), Clause(Atom(sbt.plugins.CorePlugin),Set(Atom(sbt.plugins.IvyPlugin))), Clause(Atom(sbt.plugins.IvyPlugin),Set(Atom(sbt.plugins.JvmPlugin))), Clause(Atom(sbt.plugins.JvmPlugin),Set(Atom(sbt.plugins.JUnitXmlReportPlugin)))))))
Sending msg to client activator-fe22ebf5-4283-4261-ab1a-11f5dd5bf706: DetachedLogEvent(LogMessage(debug,  :: deduced result: Matched(sbt.plugins.CorePlugin,sbt.plugins.IvyPlugin,sbt.plugins.JvmPlugin,sbt.plugins.JUnitXmlReportPlugin)))
Sending msg to client activator-fe22ebf5-4283-4261-ab1a-11f5dd5bf706: DetachedLogEvent(LogMessage(debug,sorting: ns: List(sbt.plugins.CorePlugin, sbt.plugins.IvyPlugin, sbt.plugins.JvmPlugin, sbt.plugins.JUnitXmlReportPlugin)))
Sending msg to client activator-fe22ebf5-4283-4261-ab1a-11f5dd5bf706: DetachedLogEvent(LogMessage(debug,  :: sorting:: found: List(sbt.plugins.CorePlugin) not found List(sbt.plugins.IvyPlugin, sbt.plugins.JvmPlugin, sbt.plugins.JUnitXmlReportPlugin)))
Sending msg to client activator-fe22ebf5-4283-4261-ab1a-11f5dd5bf706: DetachedLogEvent(LogMessage(debug,  :: sorting:: found: List(sbt.plugins.CorePlugin, sbt.plugins.IvyPlugin) not found List(sbt.plugins.JvmPlugin, sbt.plugins.JUnitXmlReportPlugin)))
Sending msg to client activator-fe22ebf5-4283-4261-ab1a-11f5dd5bf706: DetachedLogEvent(LogMessage(debug,  :: sorting:: found: List(sbt.plugins.CorePlugin, sbt.plugins.IvyPlugin, sbt.plugins.JvmPlugin) not found List(sbt.plugins.JUnitXmlReportPlugin)))
Sending msg to client activator-fe22ebf5-4283-4261-ab1a-11f5dd5bf706: DetachedLogEvent(LogMessage(debug,  :: sorting:: found: List(sbt.plugins.CorePlugin, sbt.plugins.IvyPlugin, sbt.plugins.JvmPlugin, sbt.plugins.JUnitXmlReportPlugin) not found List()))
Sending msg to client activator-fe22ebf5-4283-4261-ab1a-11f5dd5bf706: DetachedLogEvent(LogMessage(debug,  :: sorted deduced result: List(sbt.plugins.CorePlugin, sbt.plugins.IvyPlugin, sbt.plugins.JvmPlugin, sbt.plugins.JUnitXmlReportPlugin)))
Sending msg to client activator-fe22ebf5-4283-4261-ab1a-11f5dd5bf706: DetachedLogEvent(LogMessage(debug,[Loading] Done in C:\Users\BASHBABA\Desktop\OLGA\movierecommendation\project, returning: (movierecommendation-build)))
Sending msg to client activator-fe22ebf5-4283-4261-ab1a-11f5dd5bf706: DetachedLogEvent(LogMessage(info,Loading project definition from C:\Users\BASHBABA\Desktop\OLGA\movierecommendation\project))
Sending msg to client activator-fe22ebf5-4283-4261-ab1a-11f5dd5bf706: DetachedLogEvent(LogMessage(debug,Running task... Cancel: sbt.TaskCancellationStrategy$Null$@6804b7f0, check cycles: false))
Sending msg to client activator-fe22ebf5-4283-4261-ab1a-11f5dd5bf706: DetachedLogEvent(LogMessage(debug,
Initial source changes: 
	removed:Set()
	added: Set()
	modified: Set()
Removed products: Set()
External API changes: API Changes: Set()
Modified binary dependencies: Set()
Initial directly invalidated sources: Set()

Sources indirectly invalidated by:
	product: Set()
	binary dep: Set()
	external source: Set()))
Sending msg to client activator-fe22ebf5-4283-4261-ab1a-11f5dd5bf706: DetachedLogEvent(LogMessage(debug,All initially invalidated sources: Set()
))
Sending msg to client activator-fe22ebf5-4283-4261-ab1a-11f5dd5bf706: DetachedLogEvent(LogMessage(debug,Copy resource mappings: 
	))
Sending msg to client activator-fe22ebf5-4283-4261-ab1a-11f5dd5bf706: DetachedLogEvent(LogMessage(debug,[Loading] Scanning directory C:\Users\BASHBABA\Desktop\OLGA\movierecommendation))
Sending msg to client activator-fe22ebf5-4283-4261-ab1a-11f5dd5bf706: DetachedLogEvent(LogMessage(debug,[Loading] Found root project root w/ remaining ))
Sending msg to client activator-fe22ebf5-4283-4261-ab1a-11f5dd5bf706: DetachedLogEvent(LogMessage(debug,deducing auto plugins based on known facts Set(Atom(play.PlayJava), Atom(sbt.plugins.CorePlugin)) and clauses Clauses(List(Clause(Atom(sbt.plugins.JvmPlugin),Set(Atom(sbt.plugins.IvyPlugin))), Clause(Atom(sbt.plugins.JUnitXmlReportPlugin),Set(Atom(sbt.plugins.JvmPlugin))), Clause(Atom(play.sbt.forkrun.PlayForkRun),Set(Atom(sbt.plugins.BackgroundRunPlugin))), Clause(Atom(play.sbt.forkrun.PlayForkRun),Set(Atom(play.Play))), Clause(Atom(play.sbt.forkrun.PlayForkRun),Set(Atom(sbt.plugins.SerializersPlugin))), Clause(Atom(play.Play),Set(Atom(com.typesafe.sbt.webdriver.SbtWebDriver))), Clause(Atom(play.Play),Set(Atom(play.twirl.sbt.SbtTwirl))), Clause(Atom(play.Play),Set(Atom(com.typesafe.sbt.jse.SbtJsTask))), Clause(Atom(play.PlayJava),Set(Atom(play.Play))), Clause(Atom(play.PlayScala),Set(Atom(play.Play))), Clause(Atom(play.twirl.sbt.SbtTwirl),Set(Atom(sbt.plugins.JvmPlugin))), Clause(Atom(com.typesafe.sbt.jse.SbtJsEngine),Set(Atom(com.typesafe.sbt.web.SbtWeb))), Clause(Atom(com.typesafe.sbt.jse.SbtJsTask),Set(Atom(com.typesafe.sbt.jse.SbtJsEngine))), Clause(Atom(com.typesafe.sbt.webdriver.SbtWebDriver),Set(Atom(com.typesafe.sbt.web.SbtWeb))), Clause(Atom(sbt.plugins.BackgroundRunPlugin),Set(Atom(sbt.plugins.JvmPlugin))), Clause(Atom(com.typesafe.sbt.coffeescript.SbtCoffeeScript),Set(Atom(com.typesafe.sbt.jse.SbtJsTask))), Clause(Atom(com.typesafe.sbt.less.SbtLess),Set(Atom(com.typesafe.sbt.jse.SbtJsTask))), Clause(Atom(com.typesafe.sbt.jshint.SbtJSHint),Set(Atom(com.typesafe.sbt.jse.SbtJsTask))), Clause(Atom(com.typesafe.sbt.rjs.SbtRjs),Set(Atom(com.typesafe.sbt.jse.SbtJsTask))), Clause(Atom(com.typesafe.sbt.digest.SbtDigest),Set(Atom(com.typesafe.sbt.web.SbtWeb))), Clause(Atom(com.typesafe.sbt.mocha.SbtMocha),Set(Atom(com.typesafe.sbt.jse.SbtJsTask))), Clause(Atom(sbt.plugins.CorePlugin),Set(Atom(sbt.plugins.IvyPlugin))), Clause(Atom(sbt.plugins.IvyPlugin),Set(Atom(sbt.plugins.JvmPlugin))), Clause(Atom(sbt.plugins.JvmPlugin),Set(Atom(sbt.plugins.JUnitXmlReportPlugin))), Clause(And(Set(Atom(sbt.plugins.BackgroundRunPlugin), Atom(play.Play), Atom(sbt.plugins.SerializersPlugin))),Set(Atom(play.sbt.forkrun.PlayForkRun))), Clause(Atom(com.typesafe.sbt.web.SbtWeb),Set(Atom(com.typesafe.sbt.jse.SbtJsEngine))), Clause(Atom(com.typesafe.sbt.jse.SbtJsEngine),Set(Atom(com.typesafe.sbt.jse.SbtJsTask))), Clause(Atom(com.typesafe.sbt.web.SbtWeb),Set(Atom(com.typesafe.sbt.webdriver.SbtWebDriver))), Clause(Atom(sbt.plugins.JvmPlugin),Set(Atom(sbt.plugins.BackgroundRunPlugin))), Clause(Atom(sbt.plugins.CorePlugin),Set(Atom(sbt.plugins.InteractionServicePlugin))), Clause(Atom(sbt.plugins.CorePlugin),Set(Atom(sbt.plugins.SendEventServicePlugin))), Clause(Atom(sbt.plugins.CorePlugin),Set(Atom(sbt.plugins.SerializersPlugin))), Clause(Atom(com.typesafe.sbt.jse.SbtJsTask),Set(Atom(com.typesafe.sbt.coffeescript.SbtCoffeeScript))), Clause(Atom(com.typesafe.sbt.jse.SbtJsTask),Set(Atom(com.typesafe.sbt.less.SbtLess))), Clause(Atom(com.typesafe.sbt.jse.SbtJsTask),Set(Atom(com.typesafe.sbt.jshint.SbtJSHint))), Clause(Atom(com.typesafe.sbt.jse.SbtJsTask),Set(Atom(com.typesafe.sbt.rjs.SbtRjs))), Clause(Atom(com.typesafe.sbt.web.SbtWeb),Set(Atom(com.typesafe.sbt.digest.SbtDigest))), Clause(Atom(com.typesafe.sbt.jse.SbtJsTask),Set(Atom(com.typesafe.sbt.mocha.SbtMocha)))))))
Sending msg to client activator-fe22ebf5-4283-4261-ab1a-11f5dd5bf706: DetachedLogEvent(LogMessage(debug,  :: deduced result: Matched(sbt.plugins.CorePlugin,play.PlayJava,sbt.plugins.InteractionServicePlugin,sbt.plugins.SendEventServicePlugin,play.Play,sbt.plugins.SerializersPlugin,sbt.plugins.IvyPlugin,sbt.plugins.JvmPlugin,com.typesafe.sbt.jse.SbtJsTask,play.twirl.sbt.SbtTwirl,com.typesafe.sbt.webdriver.SbtWebDriver,com.typesafe.sbt.jshint.SbtJSHint,sbt.plugins.JUnitXmlReportPlugin,com.typesafe.sbt.mocha.SbtMocha,com.typesafe.sbt.less.SbtLess,com.typesafe.sbt.web.SbtWeb,com.typesafe.sbt.rjs.SbtRjs,com.typesafe.sbt.jse.SbtJsEngine,com.typesafe.sbt.coffeescript.SbtCoffeeScript,sbt.plugins.BackgroundRunPlugin,com.typesafe.sbt.digest.SbtDigest,play.sbt.forkrun.PlayForkRun)))
Sending msg to client activator-fe22ebf5-4283-4261-ab1a-11f5dd5bf706: DetachedLogEvent(LogMessage(debug,sorting: ns: List(sbt.plugins.CorePlugin, play.PlayJava, sbt.plugins.InteractionServicePlugin, sbt.plugins.SendEventServicePlugin, play.Play, sbt.plugins.SerializersPlugin, sbt.plugins.IvyPlugin, sbt.plugins.JvmPlugin, com.typesafe.sbt.jse.SbtJsTask, play.twirl.sbt.SbtTwirl, com.typesafe.sbt.webdriver.SbtWebDriver, com.typesafe.sbt.jshint.SbtJSHint, sbt.plugins.JUnitXmlReportPlugin, com.typesafe.sbt.mocha.SbtMocha, com.typesafe.sbt.less.SbtLess, com.typesafe.sbt.web.SbtWeb, com.typesafe.sbt.rjs.SbtRjs, com.typesafe.sbt.jse.SbtJsEngine, com.typesafe.sbt.coffeescript.SbtCoffeeScript, sbt.plugins.BackgroundRunPlugin, com.typesafe.sbt.digest.SbtDigest, play.sbt.forkrun.PlayForkRun)))
Sending msg to client activator-fe22ebf5-4283-4261-ab1a-11f5dd5bf706: DetachedLogEvent(LogMessage(debug,  :: sorting:: found: List(sbt.plugins.CorePlugin, com.typesafe.sbt.web.SbtWeb) not found List(play.PlayJava, sbt.plugins.InteractionServicePlugin, sbt.plugins.SendEventServicePlugin, play.Play, sbt.plugins.SerializersPlugin, sbt.plugins.IvyPlugin, sbt.plugins.JvmPlugin, com.typesafe.sbt.jse.SbtJsTask, play.twirl.sbt.SbtTwirl, com.typesafe.sbt.webdriver.SbtWebDriver, com.typesafe.sbt.jshint.SbtJSHint, sbt.plugins.JUnitXmlReportPlugin, com.typesafe.sbt.mocha.SbtMocha, com.typesafe.sbt.less.SbtLess, com.typesafe.sbt.rjs.SbtRjs, com.typesafe.sbt.jse.SbtJsEngine, com.typesafe.sbt.coffeescript.SbtCoffeeScript, sbt.plugins.BackgroundRunPlugin, com.typesafe.sbt.digest.SbtDigest, play.sbt.forkrun.PlayForkRun)))
Sending msg to client activator-fe22ebf5-4283-4261-ab1a-11f5dd5bf706: DetachedLogEvent(LogMessage(debug,  :: sorting:: found: List(sbt.plugins.CorePlugin, com.typesafe.sbt.web.SbtWeb, sbt.plugins.InteractionServicePlugin, sbt.plugins.SendEventServicePlugin, sbt.plugins.SerializersPlugin, sbt.plugins.IvyPlugin, com.typesafe.sbt.webdriver.SbtWebDriver, com.typesafe.sbt.jse.SbtJsEngine, com.typesafe.sbt.digest.SbtDigest) not found List(play.PlayJava, play.Play, sbt.plugins.JvmPlugin, com.typesafe.sbt.jse.SbtJsTask, play.twirl.sbt.SbtTwirl, com.typesafe.sbt.jshint.SbtJSHint, sbt.plugins.JUnitXmlReportPlugin, com.typesafe.sbt.mocha.SbtMocha, com.typesafe.sbt.less.SbtLess, com.typesafe.sbt.rjs.SbtRjs, com.typesafe.sbt.coffeescript.SbtCoffeeScript, sbt.plugins.BackgroundRunPlugin, play.sbt.forkrun.PlayForkRun)))
Sending msg to client activator-fe22ebf5-4283-4261-ab1a-11f5dd5bf706: DetachedLogEvent(LogMessage(debug,  :: sorting:: found: List(sbt.plugins.CorePlugin, com.typesafe.sbt.web.SbtWeb, sbt.plugins.InteractionServicePlugin, sbt.plugins.SendEventServicePlugin, sbt.plugins.SerializersPlugin, sbt.plugins.IvyPlugin, com.typesafe.sbt.webdriver.SbtWebDriver, com.typesafe.sbt.jse.SbtJsEngine, com.typesafe.sbt.digest.SbtDigest, sbt.plugins.JvmPlugin, com.typesafe.sbt.jse.SbtJsTask) not found List(play.PlayJava, play.Play, play.twirl.sbt.SbtTwirl, com.typesafe.sbt.jshint.SbtJSHint, sbt.plugins.JUnitXmlReportPlugin, com.typesafe.sbt.mocha.SbtMocha, com.typesafe.sbt.less.SbtLess, com.typesafe.sbt.rjs.SbtRjs, com.typesafe.sbt.coffeescript.SbtCoffeeScript, sbt.plugins.BackgroundRunPlugin, play.sbt.forkrun.PlayForkRun)))
Sending msg to client activator-fe22ebf5-4283-4261-ab1a-11f5dd5bf706: DetachedLogEvent(LogMessage(debug,  :: sorting:: found: List(sbt.plugins.CorePlugin, com.typesafe.sbt.web.SbtWeb, sbt.plugins.InteractionServicePlugin, sbt.plugins.SendEventServicePlugin, sbt.plugins.SerializersPlugin, sbt.plugins.IvyPlugin, com.typesafe.sbt.webdriver.SbtWebDriver, com.typesafe.sbt.jse.SbtJsEngine, com.typesafe.sbt.digest.SbtDigest, sbt.plugins.JvmPlugin, com.typesafe.sbt.jse.SbtJsTask, play.twirl.sbt.SbtTwirl, com.typesafe.sbt.jshint.SbtJSHint, sbt.plugins.JUnitXmlReportPlugin, com.typesafe.sbt.mocha.SbtMocha, com.typesafe.sbt.less.SbtLess, com.typesafe.sbt.rjs.SbtRjs, com.typesafe.sbt.coffeescript.SbtCoffeeScript, sbt.plugins.BackgroundRunPlugin) not found List(play.PlayJava, play.Play, play.sbt.forkrun.PlayForkRun)))
Sending msg to client activator-fe22ebf5-4283-4261-ab1a-11f5dd5bf706: DetachedLogEvent(LogMessage(debug,  :: sorting:: found: List(sbt.plugins.CorePlugin, com.typesafe.sbt.web.SbtWeb, sbt.plugins.InteractionServicePlugin, sbt.plugins.SendEventServicePlugin, sbt.plugins.SerializersPlugin, sbt.plugins.IvyPlugin, com.typesafe.sbt.webdriver.SbtWebDriver, com.typesafe.sbt.jse.SbtJsEngine, com.typesafe.sbt.digest.SbtDigest, sbt.plugins.JvmPlugin, com.typesafe.sbt.jse.SbtJsTask, play.twirl.sbt.SbtTwirl, com.typesafe.sbt.jshint.SbtJSHint, sbt.plugins.JUnitXmlReportPlugin, com.typesafe.sbt.mocha.SbtMocha, com.typesafe.sbt.less.SbtLess, com.typesafe.sbt.rjs.SbtRjs, com.typesafe.sbt.coffeescript.SbtCoffeeScript, sbt.plugins.BackgroundRunPlugin, play.Play) not found List(play.PlayJava, play.sbt.forkrun.PlayForkRun)))
Sending msg to client activator-fe22ebf5-4283-4261-ab1a-11f5dd5bf706: DetachedLogEvent(LogMessage(debug,  :: sorting:: found: List(sbt.plugins.CorePlugin, com.typesafe.sbt.web.SbtWeb, sbt.plugins.InteractionServicePlugin, sbt.plugins.SendEventServicePlugin, sbt.plugins.SerializersPlugin, sbt.plugins.IvyPlugin, com.typesafe.sbt.webdriver.SbtWebDriver, com.typesafe.sbt.jse.SbtJsEngine, com.typesafe.sbt.digest.SbtDigest, sbt.plugins.JvmPlugin, com.typesafe.sbt.jse.SbtJsTask, play.twirl.sbt.SbtTwirl, com.typesafe.sbt.jshint.SbtJSHint, sbt.plugins.JUnitXmlReportPlugin, com.typesafe.sbt.mocha.SbtMocha, com.typesafe.sbt.less.SbtLess, com.typesafe.sbt.rjs.SbtRjs, com.typesafe.sbt.coffeescript.SbtCoffeeScript, sbt.plugins.BackgroundRunPlugin, play.Play, play.PlayJava, play.sbt.forkrun.PlayForkRun) not found List()))
Sending msg to client activator-fe22ebf5-4283-4261-ab1a-11f5dd5bf706: DetachedLogEvent(LogMessage(debug,  :: sorted deduced result: List(sbt.plugins.CorePlugin, com.typesafe.sbt.web.SbtWeb, sbt.plugins.InteractionServicePlugin, sbt.plugins.SendEventServicePlugin, sbt.plugins.SerializersPlugin, sbt.plugins.IvyPlugin, com.typesafe.sbt.webdriver.SbtWebDriver, com.typesafe.sbt.jse.SbtJsEngine, com.typesafe.sbt.digest.SbtDigest, sbt.plugins.JvmPlugin, com.typesafe.sbt.jse.SbtJsTask, play.twirl.sbt.SbtTwirl, com.typesafe.sbt.jshint.SbtJSHint, sbt.plugins.JUnitXmlReportPlugin, com.typesafe.sbt.mocha.SbtMocha, com.typesafe.sbt.less.SbtLess, com.typesafe.sbt.rjs.SbtRjs, com.typesafe.sbt.coffeescript.SbtCoffeeScript, sbt.plugins.BackgroundRunPlugin, play.Play, play.PlayJava, play.sbt.forkrun.PlayForkRun)))
Sending msg to client activator-fe22ebf5-4283-4261-ab1a-11f5dd5bf706: DetachedLogEvent(LogMessage(debug,[Loading] Done in C:\Users\BASHBABA\Desktop\OLGA\movierecommendation, returning: (root)))
Sending msg to client activator-fe22ebf5-4283-4261-ab1a-11f5dd5bf706: DetachedLogEvent(LogMessage(info,Set current project to actiontest (in build file:/C:/Users/BASHBABA/Desktop/OLGA/movierecommendation/)))
Sending msg to client activator-fe22ebf5-4283-4261-ab1a-11f5dd5bf706: DetachedLogEvent(LogMessage(info,Reapplying settings...))
Sending msg to client activator-fe22ebf5-4283-4261-ab1a-11f5dd5bf706: DetachedLogEvent(LogMessage(info,Set current project to actiontest (in build file:/C:/Users/BASHBABA/Desktop/OLGA/movierecommendation/)))
Sending msg to client activator-fe22ebf5-4283-4261-ab1a-11f5dd5bf706: DetachedLogEvent(LogMessage(debug,> iflast shell))
Sending msg to client activator-fe22ebf5-4283-4261-ab1a-11f5dd5bf706: DetachedLogEvent(LogMessage(debug,> server-send-ready-for-request))
Sending msg to client activator-fe22ebf5-4283-4261-ab1a-11f5dd5bf706: BuildLoaded()
Sending msg to client activator-fe22ebf5-4283-4261-ab1a-11f5dd5bf706: DetachedLogEvent(LogMessage(debug,> server-handle-next-server-request))
Sending msg to client activator-fe22ebf5-4283-4261-ab1a-11f5dd5bf706: (4,ReceivedResponse())
Sending msg to client activator-fe22ebf5-4283-4261-ab1a-11f5dd5bf706: BuildStructureChanged(MinimalBuildStructure(Vector(file:/C:/Users/BASHBABA/Desktop/OLGA/movierecommendation/),Vector(MinimalProjectStructure(ProjectReference(file:/C:/Users/BASHBABA/Desktop/OLGA/movierecommendation/,root),Vector(sbt.plugins.CorePlugin, com.typesafe.sbt.web.SbtWeb, sbt.plugins.InteractionServicePlugin, sbt.plugins.SendEventServicePlugin, sbt.plugins.SerializersPlugin, sbt.plugins.IvyPlugin, com.typesafe.sbt.webdriver.SbtWebDriver, com.typesafe.sbt.jse.SbtJsEngine, com.typesafe.sbt.digest.SbtDigest, sbt.plugins.JvmPlugin, com.typesafe.sbt.jse.SbtJsTask, play.twirl.sbt.SbtTwirl, com.typesafe.sbt.jshint.SbtJSHint, sbt.plugins.JUnitXmlReportPlugin, com.typesafe.sbt.mocha.SbtMocha, com.typesafe.sbt.less.SbtLess, com.typesafe.sbt.rjs.SbtRjs, com.typesafe.sbt.coffeescript.SbtCoffeeScript, sbt.plugins.BackgroundRunPlugin, play.Play, play.PlayJava, play.sbt.forkrun.PlayForkRun)))))
Got request: KeyLookupRequest(echo:echoAkkaVersionReport)
Reading next message from client.
Got request: KeyLookupRequest(discoveredMainClasses)
Reading next message from client.
Got request: KeyLookupRequest(echo:echoTracePlayVersion)
Reading next message from client.
Got request: KeyLookupRequest(mainClass)
Reading next message from client.
Got request: KeyLookupRequest(echo:echoTraceSupported)
Reading next message from client.
Got request: KeyLookupRequest(echo:echoPlayVersionReport)
Reading next message from client.
Sending msg to client activator-fe22ebf5-4283-4261-ab1a-11f5dd5bf706: (6,KeyLookupResponse(discoveredMainClasses,Vector(AttributeKey[scala.collection.Seq[java.lang.String]]("discoveredMainClasses") in Scope(Build: file:/C:/Users/BASHBABA/Desktop/OLGA/movierecommendation/, , Project: ProjectReference(file:/C:/Users/BASHBABA/Desktop/OLGA/movierecommendation/,root), Config: compile))))
Sending msg to client activator-fe22ebf5-4283-4261-ab1a-11f5dd5bf706: (7,KeyLookupResponse(mainClass,Vector(AttributeKey[scala.Option[java.lang.String]]("mainClass") in Scope(Build: file:/C:/Users/BASHBABA/Desktop/OLGA/movierecommendation/, , Project: ProjectReference(file:/C:/Users/BASHBABA/Desktop/OLGA/movierecommendation/,root), Config: compile))))
Got request: ListenToValue(AttributeKey[scala.collection.Seq[java.lang.String]]("discoveredMainClasses") in Scope(Build: file:/C:/Users/BASHBABA/Desktop/OLGA/movierecommendation/, , Project: ProjectReference(file:/C:/Users/BASHBABA/Desktop/OLGA/movierecommendation/,root), Config: compile))
Reading next message from client.
Got request: SendSyntheticValueChanged(AttributeKey[scala.collection.Seq[java.lang.String]]("discoveredMainClasses") in Scope(Build: file:/C:/Users/BASHBABA/Desktop/OLGA/movierecommendation/, , Project: ProjectReference(file:/C:/Users/BASHBABA/Desktop/OLGA/movierecommendation/,root), Config: compile))
Reading next message from client.
Got request: ListenToValue(AttributeKey[scala.Option[java.lang.String]]("mainClass") in Scope(Build: file:/C:/Users/BASHBABA/Desktop/OLGA/movierecommendation/, , Project: ProjectReference(file:/C:/Users/BASHBABA/Desktop/OLGA/movierecommendation/,root), Config: compile))
Reading next message from client.
Got request: SendSyntheticValueChanged(AttributeKey[scala.Option[java.lang.String]]("mainClass") in Scope(Build: file:/C:/Users/BASHBABA/Desktop/OLGA/movierecommendation/, , Project: ProjectReference(file:/C:/Users/BASHBABA/Desktop/OLGA/movierecommendation/,root), Config: compile))
Reading next message from client.
Sending msg to client activator-fe22ebf5-4283-4261-ab1a-11f5dd5bf706: (8,KeyLookupResponse(echo:echoTraceSupported,Vector()))
Sending msg to client activator-fe22ebf5-4283-4261-ab1a-11f5dd5bf706: (9,KeyLookupResponse(echo:echoPlayVersionReport,Vector()))
Sending msg to client activator-fe22ebf5-4283-4261-ab1a-11f5dd5bf706: (10,KeyLookupResponse(echo:echoAkkaVersionReport,Vector()))
Sending msg to client activator-fe22ebf5-4283-4261-ab1a-11f5dd5bf706: (11,KeyLookupResponse(echo:echoTracePlayVersion,Vector()))
Sending msg to client activator-fe22ebf5-4283-4261-ab1a-11f5dd5bf706: ExecutionWaiting(1,compile,ClientInfo(5d2dedba-96be-4cc4-a010-140799feb8cd,activator,Activator,1,Vector()))
Sending msg to client activator-fe22ebf5-4283-4261-ab1a-11f5dd5bf706: ExecutionStarting(1)
Sending msg to client activator-fe22ebf5-4283-4261-ab1a-11f5dd5bf706: DetachedLogEvent(LogMessage(debug,> compile))
Sending msg to client activator-fe22ebf5-4283-4261-ab1a-11f5dd5bf706: DetachedLogEvent(LogMessage(debug,Evaluating tasks: compile:compile))
Sending msg to client activator-fe22ebf5-4283-4261-ab1a-11f5dd5bf706: DetachedLogEvent(LogMessage(debug,Running task... Cancel: sbt.server.ServerTaskCancellation@6192daa9, check cycles: false))
Sending msg to client activator-fe22ebf5-4283-4261-ab1a-11f5dd5bf706: DetachedLogEvent(LogMessage(debug,cancel strategy start enabled=true lastCommand=Some(LastCommand(CommandExecutionWork(ExecutionId(1),compile,Set(LiveClient(activator 5d2dedba-96be-4cc4-a010-140799feb8cd)),sbt.server.WorkCancellationStatus$$anon$1@304a5af5)))))
Sending msg to client activator-fe22ebf5-4283-4261-ab1a-11f5dd5bf706: TaskStarted(1,6,Some(AttributeKey[java.lang.String]("compileAnalysisFilename") in Scope(Build: file:/C:/Users/BASHBABA/Desktop/OLGA/movierecommendation/, , Project: ProjectReference(file:/C:/Users/BASHBABA/Desktop/OLGA/movierecommendation/,root), Config: compile)))
Sending msg to client activator-fe22ebf5-4283-4261-ab1a-11f5dd5bf706: TaskStarted(1,8,None)
Sending msg to client activator-fe22ebf5-4283-4261-ab1a-11f5dd5bf706: (12,KeyLookupResponse(echo:echoAkkaVersionReport,Vector()))
Sending msg to client activator-fe22ebf5-4283-4261-ab1a-11f5dd5bf706: TaskStarted(1,9,Some(AttributeKey[boolean]("skip") in Scope(Global)))
Sending msg to client activator-fe22ebf5-4283-4261-ab1a-11f5dd5bf706: TaskStarted(1,12,None)
Sending msg to client activator-fe22ebf5-4283-4261-ab1a-11f5dd5bf706: TaskStarted(1,29,None)
Sending msg to client activator-fe22ebf5-4283-4261-ab1a-11f5dd5bf706: TaskStarted(1,30,None)
Sending msg to client activator-fe22ebf5-4283-4261-ab1a-11f5dd5bf706: TaskStarted(1,32,Some(AttributeKey[java.lang.String]("updateCacheName") in Scope(Build: file:/C:/Users/BASHBABA/Desktop/OLGA/movierecommendation/, , Project: ProjectReference(file:/C:/Users/BASHBABA/Desktop/OLGA/movierecommendation/,root))))
Sending msg to client activator-fe22ebf5-4283-4261-ab1a-11f5dd5bf706: TaskStarted(1,38,Some(AttributeKey[scala.collection.Seq[sbt.Credentials]]("credentials") in Scope(Global)))
Sending msg to client activator-fe22ebf5-4283-4261-ab1a-11f5dd5bf706: TaskStarted(1,42,Some(AttributeKey[scala.collection.Seq[sbt.Resolver]]("externalResolvers") in Scope(Build: file:/C:/Users/BASHBABA/Desktop/OLGA/movierecommendation/, , Project: ProjectReference(file:/C:/Users/BASHBABA/Desktop/OLGA/movierecommendation/,root))))
Sending msg to client activator-fe22ebf5-4283-4261-ab1a-11f5dd5bf706: TaskStarted(1,46,Some(AttributeKey[scala.Option[scala.collection.Seq[sbt.Resolver]]]("bootResolvers") in Scope(Build: file:/C:/Users/BASHBABA/Desktop/OLGA/movierecommendation/, , Project: ProjectReference(file:/C:/Users/BASHBABA/Desktop/OLGA/movierecommendation/,root))))
Sending msg to client activator-fe22ebf5-4283-4261-ab1a-11f5dd5bf706: TaskStarted(1,52,None)
Sending msg to client activator-fe22ebf5-4283-4261-ab1a-11f5dd5bf706: TaskStarted(1,53,None)
Sending msg to client activator-fe22ebf5-4283-4261-ab1a-11f5dd5bf706: TaskStarted(1,55,None)
Sending msg to client activator-fe22ebf5-4283-4261-ab1a-11f5dd5bf706: TaskStarted(1,61,Some(AttributeKey[sbt.inc.IncOptions]("incOptions") in Scope(Global)))
Sending msg to client activator-fe22ebf5-4283-4261-ab1a-11f5dd5bf706: TaskStarted(1,62,Some(AttributeKey[scala.Function1[java.io.File,scala.Function1[java.lang.String,boolean]]]("definesClass") in Scope(Global)))
Sending msg to client activator-fe22ebf5-4283-4261-ab1a-11f5dd5bf706: TaskStarted(1,64,Some(AttributeKey[scala.collection.Seq[java.lang.String]]("javacOptions") in Scope(Global)))
Sending msg to client activator-fe22ebf5-4283-4261-ab1a-11f5dd5bf706: TaskStarted(1,65,None)
Sending msg to client activator-fe22ebf5-4283-4261-ab1a-11f5dd5bf706: TaskStarted(1,68,None)
Sending msg to client activator-fe22ebf5-4283-4261-ab1a-11f5dd5bf706: TaskStarted(1,73,Some(AttributeKey[scala.collection.Seq[java.lang.String]]("scalacOptions") in Scope(Global)))
Sending msg to client activator-fe22ebf5-4283-4261-ab1a-11f5dd5bf706: TaskStarted(1,74,None)
Sending msg to client activator-fe22ebf5-4283-4261-ab1a-11f5dd5bf706: TaskStarted(1,85,Some(AttributeKey[scala.collection.Seq[java.io.File]]("unmanagedSources") in Scope(Build: file:/C:/Users/BASHBABA/Desktop/OLGA/movierecommendation/, , Project: ProjectReference(file:/C:/Users/BASHBABA/Desktop/OLGA/movierecommendation/,root), Config: compile)))
Sending msg to client activator-fe22ebf5-4283-4261-ab1a-11f5dd5bf706: TaskStarted(1,87,None)
Sending msg to client activator-fe22ebf5-4283-4261-ab1a-11f5dd5bf706: TaskStarted(1,89,Some(AttributeKey[scala.collection.Seq[scala.Function1[xsbti.Position,scala.Option[xsbti.Position]]]]("sourcePositionMappers") in Scope(Global)))
Sending msg to client activator-fe22ebf5-4283-4261-ab1a-11f5dd5bf706: (13,KeyLookupResponse(discoveredMainClasses,Vector(AttributeKey[scala.collection.Seq[java.lang.String]]("discoveredMainClasses") in Scope(Build: file:/C:/Users/BASHBABA/Desktop/OLGA/movierecommendation/, , Project: ProjectReference(file:/C:/Users/BASHBABA/Desktop/OLGA/movierecommendation/,root), Config: compile))))
Sending msg to client activator-fe22ebf5-4283-4261-ab1a-11f5dd5bf706: TaskStarted(1,96,Some(AttributeKey[sbt.SendEventService]("sendEventService") in Scope(Global)))
Sending msg to client activator-fe22ebf5-4283-4261-ab1a-11f5dd5bf706: TaskFinished(1,6,Some(AttributeKey[java.lang.String]("compileAnalysisFilename") in Scope(Build: file:/C:/Users/BASHBABA/Desktop/OLGA/movierecommendation/, , Project: ProjectReference(file:/C:/Users/BASHBABA/Desktop/OLGA/movierecommendation/,root), Config: compile)),true,None)
Sending msg to client activator-fe22ebf5-4283-4261-ab1a-11f5dd5bf706: TaskFinished(1,8,None,true,None)
Sending msg to client activator-fe22ebf5-4283-4261-ab1a-11f5dd5bf706: TaskStarted(1,7,Some(AttributeKey[xsbti.compile.GlobalsCache]("compilerCache") in Scope(Global)))
Sending msg to client activator-fe22ebf5-4283-4261-ab1a-11f5dd5bf706: TaskStarted(1,20,Some(AttributeKey[sbt.BuildStructure]("buildStructure") in Scope(Global)))
Sending msg to client activator-fe22ebf5-4283-4261-ab1a-11f5dd5bf706: TaskStarted(1,31,Some(AttributeKey[java.io.File]("dependencyCacheDirectory") in Scope(Build: file:/C:/Users/BASHBABA/Desktop/OLGA/movierecommendation/, , Project: ProjectReference(file:/C:/Users/BASHBABA/Desktop/OLGA/movierecommendation/,root))))
Sending msg to client activator-fe22ebf5-4283-4261-ab1a-11f5dd5bf706: TaskStarted(1,79,None)
Sending msg to client activator-fe22ebf5-4283-4261-ab1a-11f5dd5bf706: TaskFinished(1,9,Some(AttributeKey[boolean]("skip") in Scope(Global)),true,None)
Sending msg to client activator-fe22ebf5-4283-4261-ab1a-11f5dd5bf706: TaskFinished(1,29,None,true,None)
Sending msg to client activator-fe22ebf5-4283-4261-ab1a-11f5dd5bf706: TaskFinished(1,38,Some(AttributeKey[scala.collection.Seq[sbt.Credentials]]("credentials") in Scope(Global)),true,None)
Sending msg to client activator-fe22ebf5-4283-4261-ab1a-11f5dd5bf706: TaskFinished(1,12,None,true,None)
Sending msg to client activator-fe22ebf5-4283-4261-ab1a-11f5dd5bf706: TaskStarted(1,11,None)
Sending msg to client activator-fe22ebf5-4283-4261-ab1a-11f5dd5bf706: TaskStarted(1,15,None)
Sending msg to client activator-fe22ebf5-4283-4261-ab1a-11f5dd5bf706: TaskStarted(1,21,None)
Sending msg to client activator-fe22ebf5-4283-4261-ab1a-11f5dd5bf706: TaskStarted(1,23,None)
Sending msg to client activator-fe22ebf5-4283-4261-ab1a-11f5dd5bf706: TaskStarted(1,26,None)
Sending msg to client activator-fe22ebf5-4283-4261-ab1a-11f5dd5bf706: TaskStarted(1,39,None)
Sending msg to client activator-fe22ebf5-4283-4261-ab1a-11f5dd5bf706: TaskStarted(1,45,None)
Sending msg to client activator-fe22ebf5-4283-4261-ab1a-11f5dd5bf706: TaskStarted(1,47,None)
Sending msg to client activator-fe22ebf5-4283-4261-ab1a-11f5dd5bf706: TaskStarted(1,50,None)
Sending msg to client activator-fe22ebf5-4283-4261-ab1a-11f5dd5bf706: TaskStarted(1,57,None)
Sending msg to client activator-fe22ebf5-4283-4261-ab1a-11f5dd5bf706: TaskStarted(1,59,None)
Sending msg to client activator-fe22ebf5-4283-4261-ab1a-11f5dd5bf706: TaskStarted(1,69,None)
Sending msg to client activator-fe22ebf5-4283-4261-ab1a-11f5dd5bf706: TaskStarted(1,70,None)
Sending msg to client activator-fe22ebf5-4283-4261-ab1a-11f5dd5bf706: TaskStarted(1,82,None)
Sending msg to client activator-fe22ebf5-4283-4261-ab1a-11f5dd5bf706: TaskStarted(1,94,None)
Sending msg to client activator-fe22ebf5-4283-4261-ab1a-11f5dd5bf706: TaskStarted(1,97,None)
Sending msg to client activator-fe22ebf5-4283-4261-ab1a-11f5dd5bf706: (14,KeyLookupResponse(echo:echoTracePlayVersion,Vector()))
Sending msg to client activator-fe22ebf5-4283-4261-ab1a-11f5dd5bf706: (15,KeyLookupResponse(mainClass,Vector(AttributeKey[scala.Option[java.lang.String]]("mainClass") in Scope(Build: file:/C:/Users/BASHBABA/Desktop/OLGA/movierecommendation/, , Project: ProjectReference(file:/C:/Users/BASHBABA/Desktop/OLGA/movierecommendation/,root), Config: compile))))
Sending msg to client activator-fe22ebf5-4283-4261-ab1a-11f5dd5bf706: TaskFinished(1,42,Some(AttributeKey[scala.collection.Seq[sbt.Resolver]]("externalResolvers") in Scope(Build: file:/C:/Users/BASHBABA/Desktop/OLGA/movierecommendation/, , Project: ProjectReference(file:/C:/Users/BASHBABA/Desktop/OLGA/movierecommendation/,root))),true,None)
Sending msg to client activator-fe22ebf5-4283-4261-ab1a-11f5dd5bf706: TaskFinished(1,32,Some(AttributeKey[java.lang.String]("updateCacheName") in Scope(Build: file:/C:/Users/BASHBABA/Desktop/OLGA/movierecommendation/, , Project: ProjectReference(file:/C:/Users/BASHBABA/Desktop/OLGA/movierecommendation/,root))),true,None)
Sending msg to client activator-fe22ebf5-4283-4261-ab1a-11f5dd5bf706: TaskFinished(1,46,Some(AttributeKey[scala.Option[scala.collection.Seq[sbt.Resolver]]]("bootResolvers") in Scope(Build: file:/C:/Users/BASHBABA/Desktop/OLGA/movierecommendation/, , Project: ProjectReference(file:/C:/Users/BASHBABA/Desktop/OLGA/movierecommendation/,root))),true,None)
Sending msg to client activator-fe22ebf5-4283-4261-ab1a-11f5dd5bf706: TaskFinished(1,52,None,true,None)
Sending msg to client activator-fe22ebf5-4283-4261-ab1a-11f5dd5bf706: TaskFinished(1,53,None,true,None)
Sending msg to client activator-fe22ebf5-4283-4261-ab1a-11f5dd5bf706: TaskFinished(1,30,None,true,None)
Sending msg to client activator-fe22ebf5-4283-4261-ab1a-11f5dd5bf706: TaskStarted(1,28,Some(AttributeKey[scala.collection.Seq[sbt.UpdateReport]]("transitiveUpdate") in Scope(Build: file:/C:/Users/BASHBABA/Desktop/OLGA/movierecommendation/, , Project: ProjectReference(file:/C:/Users/BASHBABA/Desktop/OLGA/movierecommendation/,root))))
Sending msg to client activator-fe22ebf5-4283-4261-ab1a-11f5dd5bf706: TaskFinished(1,55,None,true,None)
Sending msg to client activator-fe22ebf5-4283-4261-ab1a-11f5dd5bf706: TaskFinished(1,61,Some(AttributeKey[sbt.inc.IncOptions]("incOptions") in Scope(Global)),true,None)
Sending msg to client activator-fe22ebf5-4283-4261-ab1a-11f5dd5bf706: TaskStarted(1,60,Some(AttributeKey[sbt.inc.IncOptions]("incOptions") in Scope(Build: file:/C:/Users/BASHBABA/Desktop/OLGA/movierecommendation/, , Project: ProjectReference(file:/C:/Users/BASHBABA/Desktop/OLGA/movierecommendation/,root))))
Sending msg to client activator-fe22ebf5-4283-4261-ab1a-11f5dd5bf706: TaskFinished(1,62,Some(AttributeKey[scala.Function1[java.io.File,scala.Function1[java.lang.String,boolean]]]("definesClass") in Scope(Global)),true,None)
Sending msg to client activator-fe22ebf5-4283-4261-ab1a-11f5dd5bf706: TaskFinished(1,64,Some(AttributeKey[scala.collection.Seq[java.lang.String]]("javacOptions") in Scope(Global)),true,None)
Sending msg to client activator-fe22ebf5-4283-4261-ab1a-11f5dd5bf706: TaskFinished(1,65,None,true,None)
Sending msg to client activator-fe22ebf5-4283-4261-ab1a-11f5dd5bf706: TaskStarted(1,63,Some(AttributeKey[scala.collection.Seq[java.lang.String]]("javacOptions") in Scope(Build: file:/C:/Users/BASHBABA/Desktop/OLGA/movierecommendation/, , Project: ProjectReference(file:/C:/Users/BASHBABA/Desktop/OLGA/movierecommendation/,root), Config: compile)))
Sending msg to client activator-fe22ebf5-4283-4261-ab1a-11f5dd5bf706: TaskFinished(1,68,None,true,None)
Sending msg to client activator-fe22ebf5-4283-4261-ab1a-11f5dd5bf706: TaskFinished(1,73,Some(AttributeKey[scala.collection.Seq[java.lang.String]]("scalacOptions") in Scope(Global)),true,None)
Sending msg to client activator-fe22ebf5-4283-4261-ab1a-11f5dd5bf706: TaskFinished(1,74,None,true,None)
Sending msg to client activator-fe22ebf5-4283-4261-ab1a-11f5dd5bf706: TaskStarted(1,72,Some(AttributeKey[scala.collection.Seq[java.lang.String]]("scalacOptions") in Scope(Build: file:/C:/Users/BASHBABA/Desktop/OLGA/movierecommendation/, , Project: ProjectReference(file:/C:/Users/BASHBABA/Desktop/OLGA/movierecommendation/,root))))
Sending msg to client activator-fe22ebf5-4283-4261-ab1a-11f5dd5bf706: TaskFinished(1,85,Some(AttributeKey[scala.collection.Seq[java.io.File]]("unmanagedSources") in Scope(Build: file:/C:/Users/BASHBABA/Desktop/OLGA/movierecommendation/, , Project: ProjectReference(file:/C:/Users/BASHBABA/Desktop/OLGA/movierecommendation/,root), Config: compile)),true,None)
Sending msg to client activator-fe22ebf5-4283-4261-ab1a-11f5dd5bf706: TaskStarted(1,84,Some(AttributeKey[scala.collection.Seq[java.io.File]]("unmanagedSources") in Scope(Build: file:/C:/Users/BASHBABA/Desktop/OLGA/movierecommendation/, , Project: ProjectReference(file:/C:/Users/BASHBABA/Desktop/OLGA/movierecommendation/,root), Config: compile)))
Sending msg to client activator-fe22ebf5-4283-4261-ab1a-11f5dd5bf706: TaskFinished(1,87,None,true,None)
Sending msg to client activator-fe22ebf5-4283-4261-ab1a-11f5dd5bf706: TaskFinished(1,89,Some(AttributeKey[scala.collection.Seq[scala.Function1[xsbti.Position,scala.Option[xsbti.Position]]]]("sourcePositionMappers") in Scope(Global)),true,None)
Sending msg to client activator-fe22ebf5-4283-4261-ab1a-11f5dd5bf706: TaskFinished(1,96,Some(AttributeKey[sbt.SendEventService]("sendEventService") in Scope(Global)),true,None)
Sending msg to client activator-fe22ebf5-4283-4261-ab1a-11f5dd5bf706: TaskFinished(1,7,Some(AttributeKey[xsbti.compile.GlobalsCache]("compilerCache") in Scope(Global)),true,None)
Sending msg to client activator-fe22ebf5-4283-4261-ab1a-11f5dd5bf706: TaskFinished(1,20,Some(AttributeKey[sbt.BuildStructure]("buildStructure") in Scope(Global)),true,None)
Sending msg to client activator-fe22ebf5-4283-4261-ab1a-11f5dd5bf706: TaskStarted(1,19,Some(AttributeKey[sbt.Settings[sbt.Scope]]("settingsData") in Scope(Global)))
Sending msg to client activator-fe22ebf5-4283-4261-ab1a-11f5dd5bf706: TaskFinished(1,31,Some(AttributeKey[java.io.File]("dependencyCacheDirectory") in Scope(Build: file:/C:/Users/BASHBABA/Desktop/OLGA/movierecommendation/, , Project: ProjectReference(file:/C:/Users/BASHBABA/Desktop/OLGA/movierecommendation/,root))),true,None)
Sending msg to client activator-fe22ebf5-4283-4261-ab1a-11f5dd5bf706: TaskFinished(1,15,None,true,None)
Sending msg to client activator-fe22ebf5-4283-4261-ab1a-11f5dd5bf706: TaskFinished(1,23,None,true,None)
Sending msg to client activator-fe22ebf5-4283-4261-ab1a-11f5dd5bf706: TaskFinished(1,21,None,true,None)
Sending msg to client activator-fe22ebf5-4283-4261-ab1a-11f5dd5bf706: TaskFinished(1,26,None,true,None)
Sending msg to client activator-fe22ebf5-4283-4261-ab1a-11f5dd5bf706: TaskFinished(1,39,None,true,None)
Sending msg to client activator-fe22ebf5-4283-4261-ab1a-11f5dd5bf706: TaskFinished(1,11,None,true,None)
Sending msg to client activator-fe22ebf5-4283-4261-ab1a-11f5dd5bf706: TaskFinished(1,47,None,true,None)
Sending msg to client activator-fe22ebf5-4283-4261-ab1a-11f5dd5bf706: TaskFinished(1,45,None,true,None)
Sending msg to client activator-fe22ebf5-4283-4261-ab1a-11f5dd5bf706: TaskFinished(1,50,None,true,None)
Sending msg to client activator-fe22ebf5-4283-4261-ab1a-11f5dd5bf706: TaskStarted(1,49,Some(AttributeKey[scala.collection.immutable.Map[sbt.ModuleID,sbt.SourcePosition]]("dependencyPositions") in Scope(Build: file:/C:/Users/BASHBABA/Desktop/OLGA/movierecommendation/, , Project: ProjectReference(file:/C:/Users/BASHBABA/Desktop/OLGA/movierecommendation/,root))))
Sending msg to client activator-fe22ebf5-4283-4261-ab1a-11f5dd5bf706: TaskFinished(1,57,None,true,None)
Sending msg to client activator-fe22ebf5-4283-4261-ab1a-11f5dd5bf706: TaskFinished(1,59,None,true,None)
Sending msg to client activator-fe22ebf5-4283-4261-ab1a-11f5dd5bf706: TaskFinished(1,69,None,true,None)
Sending msg to client activator-fe22ebf5-4283-4261-ab1a-11f5dd5bf706: TaskFinished(1,70,None,true,None)
Sending msg to client activator-fe22ebf5-4283-4261-ab1a-11f5dd5bf706: TaskFinished(1,82,None,true,None)
Sending msg to client activator-fe22ebf5-4283-4261-ab1a-11f5dd5bf706: TaskFinished(1,94,None,true,None)
Sending msg to client activator-fe22ebf5-4283-4261-ab1a-11f5dd5bf706: TaskFinished(1,97,None,true,None)
Sending msg to client activator-fe22ebf5-4283-4261-ab1a-11f5dd5bf706: TaskFinished(1,28,Some(AttributeKey[scala.collection.Seq[sbt.UpdateReport]]("transitiveUpdate") in Scope(Build: file:/C:/Users/BASHBABA/Desktop/OLGA/movierecommendation/, , Project: ProjectReference(file:/C:/Users/BASHBABA/Desktop/OLGA/movierecommendation/,root))),true,None)
Sending msg to client activator-fe22ebf5-4283-4261-ab1a-11f5dd5bf706: TaskFinished(1,60,Some(AttributeKey[sbt.inc.IncOptions]("incOptions") in Scope(Build: file:/C:/Users/BASHBABA/Desktop/OLGA/movierecommendation/, , Project: ProjectReference(file:/C:/Users/BASHBABA/Desktop/OLGA/movierecommendation/,root))),true,None)
Sending msg to client activator-fe22ebf5-4283-4261-ab1a-11f5dd5bf706: TaskFinished(1,63,Some(AttributeKey[scala.collection.Seq[java.lang.String]]("javacOptions") in Scope(Build: file:/C:/Users/BASHBABA/Desktop/OLGA/movierecommendation/, , Project: ProjectReference(file:/C:/Users/BASHBABA/Desktop/OLGA/movierecommendation/,root), Config: compile)),true,None)
Sending msg to client activator-fe22ebf5-4283-4261-ab1a-11f5dd5bf706: TaskFinished(1,72,Some(AttributeKey[scala.collection.Seq[java.lang.String]]("scalacOptions") in Scope(Build: file:/C:/Users/BASHBABA/Desktop/OLGA/movierecommendation/, , Project: ProjectReference(file:/C:/Users/BASHBABA/Desktop/OLGA/movierecommendation/,root))),true,None)
Sending msg to client activator-fe22ebf5-4283-4261-ab1a-11f5dd5bf706: TaskStarted(1,83,Some(AttributeKey[java.lang.String]("twirlSourceEncoding") in Scope(Build: file:/C:/Users/BASHBABA/Desktop/OLGA/movierecommendation/, , Project: ProjectReference(file:/C:/Users/BASHBABA/Desktop/OLGA/movierecommendation/,root))))
Sending msg to client activator-fe22ebf5-4283-4261-ab1a-11f5dd5bf706: TaskFinished(1,84,Some(AttributeKey[scala.collection.Seq[java.io.File]]("unmanagedSources") in Scope(Build: file:/C:/Users/BASHBABA/Desktop/OLGA/movierecommendation/, , Project: ProjectReference(file:/C:/Users/BASHBABA/Desktop/OLGA/movierecommendation/,root), Config: compile)),true,None)
Sending msg to client activator-fe22ebf5-4283-4261-ab1a-11f5dd5bf706: TaskFinished(1,19,Some(AttributeKey[sbt.Settings[sbt.Scope]]("settingsData") in Scope(Global)),true,None)
Sending msg to client activator-fe22ebf5-4283-4261-ab1a-11f5dd5bf706: TaskStarted(1,18,None)
Sending msg to client activator-fe22ebf5-4283-4261-ab1a-11f5dd5bf706: TaskStarted(1,36,Some(AttributeKey[scala.collection.Seq[sbt.ModuleID]]("projectDependencies") in Scope(Build: file:/C:/Users/BASHBABA/Desktop/OLGA/movierecommendation/, , Project: ProjectReference(file:/C:/Users/BASHBABA/Desktop/OLGA/movierecommendation/,root))))
Sending msg to client activator-fe22ebf5-4283-4261-ab1a-11f5dd5bf706: TaskStarted(1,44,Some(AttributeKey[scala.collection.immutable.Map[org.apache.ivy.core.module.id.ModuleRevisionId,org.apache.ivy.core.module.descriptor.ModuleDescriptor]]("projectDescriptors") in Scope(Build: file:/C:/Users/BASHBABA/Desktop/OLGA/movierecommendation/, , Project: ProjectReference(file:/C:/Users/BASHBABA/Desktop/OLGA/movierecommendation/,root))))
Sending msg to client activator-fe22ebf5-4283-4261-ab1a-11f5dd5bf706: TaskStarted(1,51,None)
Sending msg to client activator-fe22ebf5-4283-4261-ab1a-11f5dd5bf706: TaskStarted(1,67,Some(AttributeKey[sbt.ScalaInstance]("scalaInstance") in Scope(Build: file:/C:/Users/BASHBABA/Desktop/OLGA/movierecommendation/, , Project: ProjectReference(file:/C:/Users/BASHBABA/Desktop/OLGA/movierecommendation/,root))))
Sending msg to client activator-fe22ebf5-4283-4261-ab1a-11f5dd5bf706: TaskStarted(1,75,None)
Sending msg to client activator-fe22ebf5-4283-4261-ab1a-11f5dd5bf706: TaskFinished(1,83,Some(AttributeKey[java.lang.String]("twirlSourceEncoding") in Scope(Build: file:/C:/Users/BASHBABA/Desktop/OLGA/movierecommendation/, , Project: ProjectReference(file:/C:/Users/BASHBABA/Desktop/OLGA/movierecommendation/,root))),true,None)
Sending msg to client activator-fe22ebf5-4283-4261-ab1a-11f5dd5bf706: TaskStarted(1,81,None)
Sending msg to client activator-fe22ebf5-4283-4261-ab1a-11f5dd5bf706: TaskStarted(1,90,None)
Sending msg to client activator-fe22ebf5-4283-4261-ab1a-11f5dd5bf706: TaskStarted(1,103,None)
Sending msg to client activator-fe22ebf5-4283-4261-ab1a-11f5dd5bf706: TaskStarted(1,105,None)
Sending msg to client activator-fe22ebf5-4283-4261-ab1a-11f5dd5bf706: TaskStarted(1,106,None)
Sending msg to client activator-fe22ebf5-4283-4261-ab1a-11f5dd5bf706: TaskFinished(1,36,Some(AttributeKey[scala.collection.Seq[sbt.ModuleID]]("projectDependencies") in Scope(Build: file:/C:/Users/BASHBABA/Desktop/OLGA/movierecommendation/, , Project: ProjectReference(file:/C:/Users/BASHBABA/Desktop/OLGA/movierecommendation/,root))),true,None)
Sending msg to client activator-fe22ebf5-4283-4261-ab1a-11f5dd5bf706: TaskStarted(1,35,Some(AttributeKey[scala.collection.Seq[sbt.ModuleID]]("allDependencies") in Scope(Build: file:/C:/Users/BASHBABA/Desktop/OLGA/movierecommendation/, , Project: ProjectReference(file:/C:/Users/BASHBABA/Desktop/OLGA/movierecommendation/,root))))
Sending msg to client activator-fe22ebf5-4283-4261-ab1a-11f5dd5bf706: TaskStarted(1,107,None)
Sending msg to client activator-fe22ebf5-4283-4261-ab1a-11f5dd5bf706: TaskStarted(1,110,None)
Sending msg to client activator-fe22ebf5-4283-4261-ab1a-11f5dd5bf706: (16,KeyLookupResponse(echo:echoTraceSupported,Vector()))
Sending msg to client activator-fe22ebf5-4283-4261-ab1a-11f5dd5bf706: (17,KeyLookupResponse(echo:echoPlayVersionReport,Vector()))
Sending msg to client activator-fe22ebf5-4283-4261-ab1a-11f5dd5bf706: TaskStarted(1,112,None)
Sending msg to client activator-fe22ebf5-4283-4261-ab1a-11f5dd5bf706: TaskFinished(1,90,None,true,None)
Sending msg to client activator-fe22ebf5-4283-4261-ab1a-11f5dd5bf706: TaskStarted(1,88,Some(AttributeKey[scala.collection.Seq[scala.Function1[xsbti.Position,scala.Option[xsbti.Position]]]]("sourcePositionMappers") in Scope(Build: file:/C:/Users/BASHBABA/Desktop/OLGA/movierecommendation/, , Project: ProjectReference(file:/C:/Users/BASHBABA/Desktop/OLGA/movierecommendation/,root))))
Sending msg to client activator-fe22ebf5-4283-4261-ab1a-11f5dd5bf706: TaskFinished(1,103,None,true,None)
Sending msg to client activator-fe22ebf5-4283-4261-ab1a-11f5dd5bf706: TaskStarted(1,102,None)
Sending msg to client activator-fe22ebf5-4283-4261-ab1a-11f5dd5bf706: TaskFinished(1,105,None,true,None)
Sending msg to client activator-fe22ebf5-4283-4261-ab1a-11f5dd5bf706: TaskFinished(1,106,None,true,None)
Sending msg to client activator-fe22ebf5-4283-4261-ab1a-11f5dd5bf706: TaskStarted(1,104,Some(AttributeKey[scala.collection.Seq[sbt.Attributed[java.io.File]]]("unmanagedJars") in Scope(Build: file:/C:/Users/BASHBABA/Desktop/OLGA/movierecommendation/, , Project: ProjectReference(file:/C:/Users/BASHBABA/Desktop/OLGA/movierecommendation/,root), Config: compile)))
Sending msg to client activator-fe22ebf5-4283-4261-ab1a-11f5dd5bf706: TaskFinished(1,35,Some(AttributeKey[scala.collection.Seq[sbt.ModuleID]]("allDependencies") in Scope(Build: file:/C:/Users/BASHBABA/Desktop/OLGA/movierecommendation/, , Project: ProjectReference(file:/C:/Users/BASHBABA/Desktop/OLGA/movierecommendation/,root))),true,None)
Sending msg to client activator-fe22ebf5-4283-4261-ab1a-11f5dd5bf706: TaskStarted(1,34,Some(AttributeKey[sbt.ModuleSettings]("moduleSettings") in Scope(Build: file:/C:/Users/BASHBABA/Desktop/OLGA/movierecommendation/, , Project: ProjectReference(file:/C:/Users/BASHBABA/Desktop/OLGA/movierecommendation/,root))))
Sending msg to client activator-fe22ebf5-4283-4261-ab1a-11f5dd5bf706: TaskFinished(1,107,None,true,None)
Sending msg to client activator-fe22ebf5-4283-4261-ab1a-11f5dd5bf706: TaskFinished(1,51,None,true,None)
Sending msg to client activator-fe22ebf5-4283-4261-ab1a-11f5dd5bf706: TaskFinished(1,110,None,true,None)
Sending msg to client activator-fe22ebf5-4283-4261-ab1a-11f5dd5bf706: TaskStarted(1,109,None)
Sending msg to client activator-fe22ebf5-4283-4261-ab1a-11f5dd5bf706: TaskFinished(1,112,None,true,None)
Sending msg to client activator-fe22ebf5-4283-4261-ab1a-11f5dd5bf706: TaskStarted(1,111,None)
Sending msg to client activator-fe22ebf5-4283-4261-ab1a-11f5dd5bf706: TaskFinished(1,88,Some(AttributeKey[scala.collection.Seq[scala.Function1[xsbti.Position,scala.Option[xsbti.Position]]]]("sourcePositionMappers") in Scope(Build: file:/C:/Users/BASHBABA/Desktop/OLGA/movierecommendation/, , Project: ProjectReference(file:/C:/Users/BASHBABA/Desktop/OLGA/movierecommendation/,root))),true,None)
Sending msg to client activator-fe22ebf5-4283-4261-ab1a-11f5dd5bf706: TaskStarted(1,86,Some(AttributeKey[scala.collection.Seq[scala.Function1[xsbti.Position,scala.Option[xsbti.Position]]]]("sourcePositionMappers") in Scope(Build: file:/C:/Users/BASHBABA/Desktop/OLGA/movierecommendation/, , Project: ProjectReference(file:/C:/Users/BASHBABA/Desktop/OLGA/movierecommendation/,root))))
Sending msg to client activator-fe22ebf5-4283-4261-ab1a-11f5dd5bf706: TaskStarted(1,113,None)
Sending msg to client activator-fe22ebf5-4283-4261-ab1a-11f5dd5bf706: TaskFinished(1,104,Some(AttributeKey[scala.collection.Seq[sbt.Attributed[java.io.File]]]("unmanagedJars") in Scope(Build: file:/C:/Users/BASHBABA/Desktop/OLGA/movierecommendation/, , Project: ProjectReference(file:/C:/Users/BASHBABA/Desktop/OLGA/movierecommendation/,root), Config: compile)),true,None)
Sending msg to client activator-fe22ebf5-4283-4261-ab1a-11f5dd5bf706: TaskFinished(1,34,Some(AttributeKey[sbt.ModuleSettings]("moduleSettings") in Scope(Build: file:/C:/Users/BASHBABA/Desktop/OLGA/movierecommendation/, , Project: ProjectReference(file:/C:/Users/BASHBABA/Desktop/OLGA/movierecommendation/,root))),true,None)
Sending msg to client activator-fe22ebf5-4283-4261-ab1a-11f5dd5bf706: TaskFinished(1,109,None,true,None)
Sending msg to client activator-fe22ebf5-4283-4261-ab1a-11f5dd5bf706: TaskFinished(1,75,None,true,None)
Sending msg to client activator-fe22ebf5-4283-4261-ab1a-11f5dd5bf706: TaskFinished(1,111,None,true,None)
Sending msg to client activator-fe22ebf5-4283-4261-ab1a-11f5dd5bf706: TaskFinished(1,44,Some(AttributeKey[scala.collection.immutable.Map[org.apache.ivy.core.module.id.ModuleRevisionId,org.apache.ivy.core.module.descriptor.ModuleDescriptor]]("projectDescriptors") in Scope(Build: file:/C:/Users/BASHBABA/Desktop/OLGA/movierecommendation/, , Project: ProjectReference(file:/C:/Users/BASHBABA/Desktop/OLGA/movierecommendation/,root))),true,None)
Sending msg to client activator-fe22ebf5-4283-4261-ab1a-11f5dd5bf706: TaskStarted(1,43,Some(AttributeKey[sbt.Resolver]("projectResolver") in Scope(Build: file:/C:/Users/BASHBABA/Desktop/OLGA/movierecommendation/, , Project: ProjectReference(file:/C:/Users/BASHBABA/Desktop/OLGA/movierecommendation/,root))))
Sending msg to client activator-fe22ebf5-4283-4261-ab1a-11f5dd5bf706: TaskFinished(1,86,Some(AttributeKey[scala.collection.Seq[scala.Function1[xsbti.Position,scala.Option[xsbti.Position]]]]("sourcePositionMappers") in Scope(Build: file:/C:/Users/BASHBABA/Desktop/OLGA/movierecommendation/, , Project: ProjectReference(file:/C:/Users/BASHBABA/Desktop/OLGA/movierecommendation/,root))),true,None)
Sending msg to client activator-fe22ebf5-4283-4261-ab1a-11f5dd5bf706: TaskFinished(1,113,None,true,None)
Sending msg to client activator-fe22ebf5-4283-4261-ab1a-11f5dd5bf706: TaskFinished(1,102,None,true,None)
Sending msg to client activator-fe22ebf5-4283-4261-ab1a-11f5dd5bf706: TaskStarted(1,101,Some(AttributeKey[scala.collection.Seq[sbt.Attributed[java.io.File]]]("unmanagedJars") in Scope(Build: file:/C:/Users/BASHBABA/Desktop/OLGA/movierecommendation/, , Project: ProjectReference(file:/C:/Users/BASHBABA/Desktop/OLGA/movierecommendation/,root), Config: compile)))
Sending msg to client activator-fe22ebf5-4283-4261-ab1a-11f5dd5bf706: TaskFinished(1,43,Some(AttributeKey[sbt.Resolver]("projectResolver") in Scope(Build: file:/C:/Users/BASHBABA/Desktop/OLGA/movierecommendation/, , Project: ProjectReference(file:/C:/Users/BASHBABA/Desktop/OLGA/movierecommendation/,root))),true,None)
Sending msg to client activator-fe22ebf5-4283-4261-ab1a-11f5dd5bf706: TaskStarted(1,41,Some(AttributeKey[scala.collection.Seq[sbt.Resolver]]("fullResolvers") in Scope(Build: file:/C:/Users/BASHBABA/Desktop/OLGA/movierecommendation/, , Project: ProjectReference(file:/C:/Users/BASHBABA/Desktop/OLGA/movierecommendation/,root))))
Sending msg to client activator-fe22ebf5-4283-4261-ab1a-11f5dd5bf706: TaskFinished(1,101,Some(AttributeKey[scala.collection.Seq[sbt.Attributed[java.io.File]]]("unmanagedJars") in Scope(Build: file:/C:/Users/BASHBABA/Desktop/OLGA/movierecommendation/, , Project: ProjectReference(file:/C:/Users/BASHBABA/Desktop/OLGA/movierecommendation/,root), Config: compile)),true,None)
Sending msg to client activator-fe22ebf5-4283-4261-ab1a-11f5dd5bf706: TaskStarted(1,100,None)
Sending msg to client activator-fe22ebf5-4283-4261-ab1a-11f5dd5bf706: TaskFinished(1,41,Some(AttributeKey[scala.collection.Seq[sbt.Resolver]]("fullResolvers") in Scope(Build: file:/C:/Users/BASHBABA/Desktop/OLGA/movierecommendation/, , Project: ProjectReference(file:/C:/Users/BASHBABA/Desktop/OLGA/movierecommendation/,root))),true,None)
Sending msg to client activator-fe22ebf5-4283-4261-ab1a-11f5dd5bf706: TaskStarted(1,40,Some(AttributeKey[sbt.IvyConfiguration]("ivyConfiguration") in Scope(Build: file:/C:/Users/BASHBABA/Desktop/OLGA/movierecommendation/, , Project: ProjectReference(file:/C:/Users/BASHBABA/Desktop/OLGA/movierecommendation/,root))))
Sending msg to client activator-fe22ebf5-4283-4261-ab1a-11f5dd5bf706: TaskFinished(1,100,None,true,None)
Sending msg to client activator-fe22ebf5-4283-4261-ab1a-11f5dd5bf706: TaskStarted(1,99,None)
Sending msg to client activator-fe22ebf5-4283-4261-ab1a-11f5dd5bf706: TaskFinished(1,40,Some(AttributeKey[sbt.IvyConfiguration]("ivyConfiguration") in Scope(Build: file:/C:/Users/BASHBABA/Desktop/OLGA/movierecommendation/, , Project: ProjectReference(file:/C:/Users/BASHBABA/Desktop/OLGA/movierecommendation/,root))),true,None)
Sending msg to client activator-fe22ebf5-4283-4261-ab1a-11f5dd5bf706: TaskStarted(1,37,Some(AttributeKey[sbt.IvySbt]("ivySbt") in Scope(Build: file:/C:/Users/BASHBABA/Desktop/OLGA/movierecommendation/, , Project: ProjectReference(file:/C:/Users/BASHBABA/Desktop/OLGA/movierecommendation/,root))))
Sending msg to client activator-fe22ebf5-4283-4261-ab1a-11f5dd5bf706: TaskFinished(1,99,None,true,None)
Sending msg to client activator-fe22ebf5-4283-4261-ab1a-11f5dd5bf706: TaskFinished(1,18,None,true,None)
Sending msg to client activator-fe22ebf5-4283-4261-ab1a-11f5dd5bf706: TaskStarted(1,17,Some(AttributeKey[scala.collection.Seq[sbt.Attributed[java.io.File]]]("unmanagedClasspath") in Scope(Build: file:/C:/Users/BASHBABA/Desktop/OLGA/movierecommendation/, , Project: ProjectReference(file:/C:/Users/BASHBABA/Desktop/OLGA/movierecommendation/,root), Config: compile)))
Sending msg to client activator-fe22ebf5-4283-4261-ab1a-11f5dd5bf706: TaskFinished(1,37,Some(AttributeKey[sbt.IvySbt]("ivySbt") in Scope(Build: file:/C:/Users/BASHBABA/Desktop/OLGA/movierecommendation/, , Project: ProjectReference(file:/C:/Users/BASHBABA/Desktop/OLGA/movierecommendation/,root))),true,None)
Sending msg to client activator-fe22ebf5-4283-4261-ab1a-11f5dd5bf706: TaskStarted(1,33,Some(AttributeKey[sbt.IvySbt$Module]("ivyModule") in Scope(Build: file:/C:/Users/BASHBABA/Desktop/OLGA/movierecommendation/, , Project: ProjectReference(file:/C:/Users/BASHBABA/Desktop/OLGA/movierecommendation/,root))))
Sending msg to client activator-fe22ebf5-4283-4261-ab1a-11f5dd5bf706: TaskFinished(1,49,Some(AttributeKey[scala.collection.immutable.Map[sbt.ModuleID,sbt.SourcePosition]]("dependencyPositions") in Scope(Build: file:/C:/Users/BASHBABA/Desktop/OLGA/movierecommendation/, , Project: ProjectReference(file:/C:/Users/BASHBABA/Desktop/OLGA/movierecommendation/,root))),true,None)
Sending msg to client activator-fe22ebf5-4283-4261-ab1a-11f5dd5bf706: TaskStarted(1,48,Some(AttributeKey[sbt.UnresolvedWarningConfiguration]("unresolvedWarningConfiguration") in Scope(Build: file:/C:/Users/BASHBABA/Desktop/OLGA/movierecommendation/, , Project: ProjectReference(file:/C:/Users/BASHBABA/Desktop/OLGA/movierecommendation/,root), Task: AttributeKey[sbt.UpdateReport]("update"))))
Sending msg to client activator-fe22ebf5-4283-4261-ab1a-11f5dd5bf706: TaskFinished(1,33,Some(AttributeKey[sbt.IvySbt$Module]("ivyModule") in Scope(Build: file:/C:/Users/BASHBABA/Desktop/OLGA/movierecommendation/, , Project: ProjectReference(file:/C:/Users/BASHBABA/Desktop/OLGA/movierecommendation/,root))),true,None)
Sending msg to client activator-fe22ebf5-4283-4261-ab1a-11f5dd5bf706: (18,ReceivedResponse())
Sending msg to client activator-fe22ebf5-4283-4261-ab1a-11f5dd5bf706: TaskFinished(1,48,Some(AttributeKey[sbt.UnresolvedWarningConfiguration]("unresolvedWarningConfiguration") in Scope(Build: file:/C:/Users/BASHBABA/Desktop/OLGA/movierecommendation/, , Project: ProjectReference(file:/C:/Users/BASHBABA/Desktop/OLGA/movierecommendation/,root), Task: AttributeKey[sbt.UpdateReport]("update"))),true,None)
Sending msg to client activator-fe22ebf5-4283-4261-ab1a-11f5dd5bf706: TaskStarted(1,27,Some(AttributeKey[sbt.UpdateReport]("update") in Scope(Build: file:/C:/Users/BASHBABA/Desktop/OLGA/movierecommendation/, , Project: ProjectReference(file:/C:/Users/BASHBABA/Desktop/OLGA/movierecommendation/,root))))
Sending msg to client activator-fe22ebf5-4283-4261-ab1a-11f5dd5bf706: ExecutionWaiting(2,{file:/C:/Users/BASHBABA/Desktop/OLGA/movierecommendation/}root/compile:discoveredMainClasses,ClientInfo(fe22ebf5-4283-4261-ab1a-11f5dd5bf706,activator,Activator,1,Vector()))
Sending msg to client activator-fe22ebf5-4283-4261-ab1a-11f5dd5bf706: (19,ReceivedResponse())
Sending msg to client activator-fe22ebf5-4283-4261-ab1a-11f5dd5bf706: (20,ReceivedResponse())
Sending msg to client activator-fe22ebf5-4283-4261-ab1a-11f5dd5bf706: ExecutionWaiting(3,{file:/C:/Users/BASHBABA/Desktop/OLGA/movierecommendation/}root/compile:mainClass,ClientInfo(fe22ebf5-4283-4261-ab1a-11f5dd5bf706,activator,Activator,1,Vector()))
Sending msg to client activator-fe22ebf5-4283-4261-ab1a-11f5dd5bf706: (21,ReceivedResponse())
Sending msg to client activator-fe22ebf5-4283-4261-ab1a-11f5dd5bf706: TaskFinished(1,17,Some(AttributeKey[scala.collection.Seq[sbt.Attributed[java.io.File]]]("unmanagedClasspath") in Scope(Build: file:/C:/Users/BASHBABA/Desktop/OLGA/movierecommendation/, , Project: ProjectReference(file:/C:/Users/BASHBABA/Desktop/OLGA/movierecommendation/,root), Config: compile)),true,None)
Sending msg to client activator-fe22ebf5-4283-4261-ab1a-11f5dd5bf706: TaskFinished(1,79,None,true,None)
Got request: UnlistenToEvents()
Reading next message from client.
Sending msg to client activator-fe22ebf5-4283-4261-ab1a-11f5dd5bf706: (22,ReceivedResponse())
Got request: UnlistenToValue(AttributeKey[scala.collection.Seq[java.lang.String]]("discoveredMainClasses") in Scope(Build: file:/C:/Users/BASHBABA/Desktop/OLGA/movierecommendation/, , Project: ProjectReference(file:/C:/Users/BASHBABA/Desktop/OLGA/movierecommendation/,root), Config: compile))
Reading next message from client.
Got request: UnlistenToValue(AttributeKey[scala.Option[java.lang.String]]("mainClass") in Scope(Build: file:/C:/Users/BASHBABA/Desktop/OLGA/movierecommendation/, , Project: ProjectReference(file:/C:/Users/BASHBABA/Desktop/OLGA/movierecommendation/,root), Config: compile))
Reading next message from client.
Got request: UnlistenToBuildChange()
Reading next message from client.
Client activator-fe22ebf5-4283-4261-ab1a-11f5dd5bf706 EOF, shutting down.
Stopping client.
Dropping message (23,ReceivedResponse()) to dead client activator-fe22ebf5-4283-4261-ab1a-11f5dd5bf706
Dropping message (24,ReceivedResponse()) to dead client activator-fe22ebf5-4283-4261-ab1a-11f5dd5bf706
Dropping message (25,ReceivedResponse()) to dead client activator-fe22ebf5-4283-4261-ab1a-11f5dd5bf706
Client activator-fe22ebf5-4283-4261-ab1a-11f5dd5bf706 thread exiting.
Dropping message (0,ReceivedResponse()) to dead client activator-fe22ebf5-4283-4261-ab1a-11f5dd5bf706
Dropping message BuildStructureChanged(MinimalBuildStructure(Vector(file:/C:/Users/BASHBABA/Desktop/OLGA/movierecommendation/),Vector(MinimalProjectStructure(ProjectReference(file:/C:/Users/BASHBABA/Desktop/OLGA/movierecommendation/,root),Vector(sbt.plugins.CorePlugin, com.typesafe.sbt.web.SbtWeb, sbt.plugins.InteractionServicePlugin, sbt.plugins.SendEventServicePlugin, sbt.plugins.SerializersPlugin, sbt.plugins.IvyPlugin, com.typesafe.sbt.webdriver.SbtWebDriver, com.typesafe.sbt.jse.SbtJsEngine, com.typesafe.sbt.digest.SbtDigest, sbt.plugins.JvmPlugin, com.typesafe.sbt.jse.SbtJsTask, play.twirl.sbt.SbtTwirl, com.typesafe.sbt.jshint.SbtJSHint, sbt.plugins.JUnitXmlReportPlugin, com.typesafe.sbt.mocha.SbtMocha, com.typesafe.sbt.less.SbtLess, com.typesafe.sbt.rjs.SbtRjs, com.typesafe.sbt.coffeescript.SbtCoffeeScript, sbt.plugins.BackgroundRunPlugin, play.Play, play.PlayJava, play.sbt.forkrun.PlayForkRun))))) to dead client activator-fe22ebf5-4283-4261-ab1a-11f5dd5bf706
