New log file opened at Mon May 18 14:01:39 PDT 2015 by 5276@BASHTOP
Sending msg to client play-fork-run-badeeb38-5663-4abc-8390-14be2c73f441: DetachedLogEvent(LogMessage(debug,sbt server socket logs are in: C:\Users\BASHBABA\Desktop\OLGA\movierecommendation\.sbtserver\connections\master.log))
Sending msg to client play-fork-run-badeeb38-5663-4abc-8390-14be2c73f441: DetachedLogEvent(LogMessage(debug,sbt general server logs are in: C:\Users\BASHBABA\Desktop\OLGA\movierecommendation\.sbtserver\master.log))
Sending msg to client play-fork-run-badeeb38-5663-4abc-8390-14be2c73f441: DetachedLogEvent(LogMessage(debug,sbt client logs are in: C:\Users\BASHBABA\Desktop\OLGA\movierecommendation\.sbtserver\connections\play-fork-run-badeeb38-5663-4abc-8390-14be2c73f441.log))
Reading next message from client.
Got request: DaemonRequest(true)
Reading next message from client.
Sending msg to client play-fork-run-badeeb38-5663-4abc-8390-14be2c73f441: (3,ReceivedResponse())
Got request: ListenToEvents()
Reading next message from client.
Sending msg to client play-fork-run-badeeb38-5663-4abc-8390-14be2c73f441: BackgroundJobStarted(20,BackgroundJobInfo(1,backgroundRun,AttributeKey[sbt.BackgroundJobHandle]("backgroundRun") in Scope(Build: file:/C:/Users/BASHBABA/Desktop/OLGA/movierecommendation/, , Project: ProjectReference(file:/C:/Users/BASHBABA/Desktop/OLGA/movierecommendation/,root), Config: compile)))
Sending msg to client play-fork-run-badeeb38-5663-4abc-8390-14be2c73f441: (4,ReceivedResponse())
Got request: KeyLookupRequest(root/playForkConfig)
Reading next message from client.
Sending msg to client play-fork-run-badeeb38-5663-4abc-8390-14be2c73f441: (5,KeyLookupResponse(root/playForkConfig,Vector(AttributeKey[play.forkrun.protocol.ForkConfig]("playForkConfig") in Scope(Build: file:/C:/Users/BASHBABA/Desktop/OLGA/movierecommendation/, , Project: ProjectReference(file:/C:/Users/BASHBABA/Desktop/OLGA/movierecommendation/,root)))))
Got request: ListenToValue(AttributeKey[play.forkrun.protocol.ForkConfig]("playForkConfig") in Scope(Build: file:/C:/Users/BASHBABA/Desktop/OLGA/movierecommendation/, , Project: ProjectReference(file:/C:/Users/BASHBABA/Desktop/OLGA/movierecommendation/,root)))
Reading next message from client.
Got request: KeyExecutionRequest(AttributeKey[play.forkrun.protocol.ForkConfig]("playForkConfig") in Scope(Build: file:/C:/Users/BASHBABA/Desktop/OLGA/movierecommendation/, , Project: ProjectReference(file:/C:/Users/BASHBABA/Desktop/OLGA/movierecommendation/,root)))
Reading next message from client.
Sending msg to client play-fork-run-badeeb38-5663-4abc-8390-14be2c73f441: (6,ReceivedResponse())
Sending msg to client play-fork-run-badeeb38-5663-4abc-8390-14be2c73f441: (7,ExecutionRequestReceived(21))
Sending msg to client play-fork-run-badeeb38-5663-4abc-8390-14be2c73f441: ExecutionWaiting(21,{file:/C:/Users/BASHBABA/Desktop/OLGA/movierecommendation/}root/*:playForkConfig,ClientInfo(badeeb38-5663-4abc-8390-14be2c73f441,play-fork-run,Play Fork Run,1,Vector()))
Sending msg to client play-fork-run-badeeb38-5663-4abc-8390-14be2c73f441: ExecutionStarting(21)
Sending msg to client play-fork-run-badeeb38-5663-4abc-8390-14be2c73f441: DetachedLogEvent(LogMessage(debug,> {file:/C:/Users/BASHBABA/Desktop/OLGA/movierecommendation/}root/*:playForkConfig))
Sending msg to client play-fork-run-badeeb38-5663-4abc-8390-14be2c73f441: DetachedLogEvent(LogMessage(debug,Evaluating tasks: *:playForkConfig))
Sending msg to client play-fork-run-badeeb38-5663-4abc-8390-14be2c73f441: DetachedLogEvent(LogMessage(debug,Running task... Cancel: sbt.server.ServerTaskCancellation@2b9d833, check cycles: false))
Sending msg to client play-fork-run-badeeb38-5663-4abc-8390-14be2c73f441: DetachedLogEvent(LogMessage(debug,cancel strategy start enabled=true lastCommand=Some(LastCommand(CommandExecutionWork(ExecutionId(21),{file:/C:/Users/BASHBABA/Desktop/OLGA/movierecommendation/}root/*:playForkConfig,Set(LiveClient(play-fork-run badeeb38-5663-4abc-8390-14be2c73f441)),sbt.server.WorkCancellationStatus$$anon$1@379b6553)))))
Sending msg to client play-fork-run-badeeb38-5663-4abc-8390-14be2c73f441: TaskStarted(21,1709,Some(AttributeKey[scala.collection.Seq[java.lang.String]]("javaOptions") in Scope(Global)))
Sending msg to client play-fork-run-badeeb38-5663-4abc-8390-14be2c73f441: TaskStarted(21,1713,Some(AttributeKey[scala.Tuple2[java.lang.String,java.io.File]]("playPrefixAndAssets") in Scope(Build: file:/C:/Users/BASHBABA/Desktop/OLGA/movierecommendation/, , Project: ProjectReference(file:/C:/Users/BASHBABA/Desktop/OLGA/movierecommendation/,root))))
Sending msg to client play-fork-run-badeeb38-5663-4abc-8390-14be2c73f441: TaskStarted(21,1717,Some(AttributeKey[boolean]("skip") in Scope(Global)))
Sending msg to client play-fork-run-badeeb38-5663-4abc-8390-14be2c73f441: TaskStarted(21,1718,None)
Sending msg to client play-fork-run-badeeb38-5663-4abc-8390-14be2c73f441: TaskStarted(21,1719,None)
Sending msg to client play-fork-run-badeeb38-5663-4abc-8390-14be2c73f441: TaskStarted(21,1721,None)
Sending msg to client play-fork-run-badeeb38-5663-4abc-8390-14be2c73f441: TaskStarted(21,1722,None)
Sending msg to client play-fork-run-badeeb38-5663-4abc-8390-14be2c73f441: TaskStarted(21,1723,Some(AttributeKey[java.lang.String]("updateCacheName") in Scope(Build: file:/C:/Users/BASHBABA/Desktop/OLGA/movierecommendation/, , Project: ProjectReference(file:/C:/Users/BASHBABA/Desktop/OLGA/movierecommendation/,root))))
Sending msg to client play-fork-run-badeeb38-5663-4abc-8390-14be2c73f441: TaskStarted(21,1726,Some(AttributeKey[scala.collection.Seq[sbt.Credentials]]("credentials") in Scope(Global)))
Sending msg to client play-fork-run-badeeb38-5663-4abc-8390-14be2c73f441: TaskStarted(21,1728,None)
Sending msg to client play-fork-run-badeeb38-5663-4abc-8390-14be2c73f441: TaskStarted(21,1736,Some(AttributeKey[scala.collection.Seq[sbt.Resolver]]("externalResolvers") in Scope(Build: file:/C:/Users/BASHBABA/Desktop/OLGA/movierecommendation/, , Project: ProjectReference(file:/C:/Users/BASHBABA/Desktop/OLGA/movierecommendation/,root))))
Sending msg to client play-fork-run-badeeb38-5663-4abc-8390-14be2c73f441: TaskStarted(21,1737,Some(AttributeKey[scala.Option[scala.collection.Seq[sbt.Resolver]]]("bootResolvers") in Scope(Build: file:/C:/Users/BASHBABA/Desktop/OLGA/movierecommendation/, , Project: ProjectReference(file:/C:/Users/BASHBABA/Desktop/OLGA/movierecommendation/,root))))
Sending msg to client play-fork-run-badeeb38-5663-4abc-8390-14be2c73f441: TaskStarted(21,1743,None)
Sending msg to client play-fork-run-badeeb38-5663-4abc-8390-14be2c73f441: TaskStarted(21,1757,None)
Sending msg to client play-fork-run-badeeb38-5663-4abc-8390-14be2c73f441: TaskFinished(21,1709,Some(AttributeKey[scala.collection.Seq[java.lang.String]]("javaOptions") in Scope(Global)),true,None)
Sending msg to client play-fork-run-badeeb38-5663-4abc-8390-14be2c73f441: TaskFinished(21,1717,Some(AttributeKey[boolean]("skip") in Scope(Global)),true,None)
Sending msg to client play-fork-run-badeeb38-5663-4abc-8390-14be2c73f441: TaskFinished(21,1718,None,true,None)
Sending msg to client play-fork-run-badeeb38-5663-4abc-8390-14be2c73f441: TaskStarted(21,1735,Some(AttributeKey[sbt.BuildStructure]("buildStructure") in Scope(Global)))
Sending msg to client play-fork-run-badeeb38-5663-4abc-8390-14be2c73f441: TaskStarted(21,1748,Some(AttributeKey[java.io.File]("dependencyCacheDirectory") in Scope(Build: file:/C:/Users/BASHBABA/Desktop/OLGA/movierecommendation/, , Project: ProjectReference(file:/C:/Users/BASHBABA/Desktop/OLGA/movierecommendation/,root))))
Sending msg to client play-fork-run-badeeb38-5663-4abc-8390-14be2c73f441: TaskStarted(21,1762,Some(AttributeKey[scala.collection.Seq[java.lang.String]]("playMonitoredFiles") in Scope(Build: file:/C:/Users/BASHBABA/Desktop/OLGA/movierecommendation/, , Project: ProjectReference(file:/C:/Users/BASHBABA/Desktop/OLGA/movierecommendation/,root))))
Sending msg to client play-fork-run-badeeb38-5663-4abc-8390-14be2c73f441: TaskFinished(21,1719,None,true,None)
Sending msg to client play-fork-run-badeeb38-5663-4abc-8390-14be2c73f441: TaskFinished(21,1721,None,true,None)
Sending msg to client play-fork-run-badeeb38-5663-4abc-8390-14be2c73f441: TaskFinished(21,1722,None,true,None)
Sending msg to client play-fork-run-badeeb38-5663-4abc-8390-14be2c73f441: TaskStarted(21,1720,Some(AttributeKey[scala.collection.Seq[sbt.UpdateReport]]("transitiveUpdate") in Scope(Build: file:/C:/Users/BASHBABA/Desktop/OLGA/movierecommendation/, , Project: ProjectReference(file:/C:/Users/BASHBABA/Desktop/OLGA/movierecommendation/,root))))
Sending msg to client play-fork-run-badeeb38-5663-4abc-8390-14be2c73f441: TaskFinished(21,1723,Some(AttributeKey[java.lang.String]("updateCacheName") in Scope(Build: file:/C:/Users/BASHBABA/Desktop/OLGA/movierecommendation/, , Project: ProjectReference(file:/C:/Users/BASHBABA/Desktop/OLGA/movierecommendation/,root))),true,None)
Sending msg to client play-fork-run-badeeb38-5663-4abc-8390-14be2c73f441: TaskFinished(21,1728,None,true,None)
Sending msg to client play-fork-run-badeeb38-5663-4abc-8390-14be2c73f441: TaskStarted(21,1727,None)
Sending msg to client play-fork-run-badeeb38-5663-4abc-8390-14be2c73f441: TaskStarted(21,1733,None)
Sending msg to client play-fork-run-badeeb38-5663-4abc-8390-14be2c73f441: TaskStarted(21,1738,None)
Sending msg to client play-fork-run-badeeb38-5663-4abc-8390-14be2c73f441: TaskStarted(21,1746,None)
Sending msg to client play-fork-run-badeeb38-5663-4abc-8390-14be2c73f441: TaskStarted(21,1747,None)
Sending msg to client play-fork-run-badeeb38-5663-4abc-8390-14be2c73f441: TaskStarted(21,1752,None)
Sending msg to client play-fork-run-badeeb38-5663-4abc-8390-14be2c73f441: TaskStarted(21,1760,None)
Sending msg to client play-fork-run-badeeb38-5663-4abc-8390-14be2c73f441: TaskStarted(21,1761,None)
Sending msg to client play-fork-run-badeeb38-5663-4abc-8390-14be2c73f441: TaskFinished(21,1726,Some(AttributeKey[scala.collection.Seq[sbt.Credentials]]("credentials") in Scope(Global)),true,None)
Sending msg to client play-fork-run-badeeb38-5663-4abc-8390-14be2c73f441: TaskFinished(21,1736,Some(AttributeKey[scala.collection.Seq[sbt.Resolver]]("externalResolvers") in Scope(Build: file:/C:/Users/BASHBABA/Desktop/OLGA/movierecommendation/, , Project: ProjectReference(file:/C:/Users/BASHBABA/Desktop/OLGA/movierecommendation/,root))),true,None)
Sending msg to client play-fork-run-badeeb38-5663-4abc-8390-14be2c73f441: TaskFinished(21,1737,Some(AttributeKey[scala.Option[scala.collection.Seq[sbt.Resolver]]]("bootResolvers") in Scope(Build: file:/C:/Users/BASHBABA/Desktop/OLGA/movierecommendation/, , Project: ProjectReference(file:/C:/Users/BASHBABA/Desktop/OLGA/movierecommendation/,root))),true,None)
Sending msg to client play-fork-run-badeeb38-5663-4abc-8390-14be2c73f441: TaskFinished(21,1743,None,true,None)
Sending msg to client play-fork-run-badeeb38-5663-4abc-8390-14be2c73f441: TaskFinished(21,1757,None,true,None)
Sending msg to client play-fork-run-badeeb38-5663-4abc-8390-14be2c73f441: TaskFinished(21,1735,Some(AttributeKey[sbt.BuildStructure]("buildStructure") in Scope(Global)),true,None)
Sending msg to client play-fork-run-badeeb38-5663-4abc-8390-14be2c73f441: TaskStarted(21,1734,Some(AttributeKey[sbt.Settings[sbt.Scope]]("settingsData") in Scope(Global)))
Sending msg to client play-fork-run-badeeb38-5663-4abc-8390-14be2c73f441: TaskFinished(21,1748,Some(AttributeKey[java.io.File]("dependencyCacheDirectory") in Scope(Build: file:/C:/Users/BASHBABA/Desktop/OLGA/movierecommendation/, , Project: ProjectReference(file:/C:/Users/BASHBABA/Desktop/OLGA/movierecommendation/,root))),true,None)
Sending msg to client play-fork-run-badeeb38-5663-4abc-8390-14be2c73f441: TaskFinished(21,1720,Some(AttributeKey[scala.collection.Seq[sbt.UpdateReport]]("transitiveUpdate") in Scope(Build: file:/C:/Users/BASHBABA/Desktop/OLGA/movierecommendation/, , Project: ProjectReference(file:/C:/Users/BASHBABA/Desktop/OLGA/movierecommendation/,root))),true,None)
Sending msg to client play-fork-run-badeeb38-5663-4abc-8390-14be2c73f441: TaskFinished(21,1727,None,true,None)
Sending msg to client play-fork-run-badeeb38-5663-4abc-8390-14be2c73f441: TaskFinished(21,1738,None,true,None)
Sending msg to client play-fork-run-badeeb38-5663-4abc-8390-14be2c73f441: TaskFinished(21,1746,None,true,None)
Sending msg to client play-fork-run-badeeb38-5663-4abc-8390-14be2c73f441: TaskStarted(21,1745,Some(AttributeKey[scala.collection.immutable.Map[sbt.ModuleID,sbt.SourcePosition]]("dependencyPositions") in Scope(Build: file:/C:/Users/BASHBABA/Desktop/OLGA/movierecommendation/, , Project: ProjectReference(file:/C:/Users/BASHBABA/Desktop/OLGA/movierecommendation/,root))))
Sending msg to client play-fork-run-badeeb38-5663-4abc-8390-14be2c73f441: TaskFinished(21,1713,Some(AttributeKey[scala.Tuple2[java.lang.String,java.io.File]]("playPrefixAndAssets") in Scope(Build: file:/C:/Users/BASHBABA/Desktop/OLGA/movierecommendation/, , Project: ProjectReference(file:/C:/Users/BASHBABA/Desktop/OLGA/movierecommendation/,root))),true,None)
Sending msg to client play-fork-run-badeeb38-5663-4abc-8390-14be2c73f441: TaskStarted(21,1712,None)
Sending msg to client play-fork-run-badeeb38-5663-4abc-8390-14be2c73f441: TaskFinished(21,1747,None,true,None)
Sending msg to client play-fork-run-badeeb38-5663-4abc-8390-14be2c73f441: TaskFinished(21,1752,None,true,None)
Sending msg to client play-fork-run-badeeb38-5663-4abc-8390-14be2c73f441: TaskFinished(21,1733,None,true,None)
Sending msg to client play-fork-run-badeeb38-5663-4abc-8390-14be2c73f441: TaskFinished(21,1760,None,true,None)
Sending msg to client play-fork-run-badeeb38-5663-4abc-8390-14be2c73f441: TaskFinished(21,1761,None,true,None)
Sending msg to client play-fork-run-badeeb38-5663-4abc-8390-14be2c73f441: TaskFinished(21,1734,Some(AttributeKey[sbt.Settings[sbt.Scope]]("settingsData") in Scope(Global)),true,None)
Sending msg to client play-fork-run-badeeb38-5663-4abc-8390-14be2c73f441: TaskStarted(21,1732,Some(AttributeKey[scala.collection.immutable.Map[org.apache.ivy.core.module.id.ModuleRevisionId,org.apache.ivy.core.module.descriptor.ModuleDescriptor]]("projectDescriptors") in Scope(Build: file:/C:/Users/BASHBABA/Desktop/OLGA/movierecommendation/, , Project: ProjectReference(file:/C:/Users/BASHBABA/Desktop/OLGA/movierecommendation/,root))))
Sending msg to client play-fork-run-badeeb38-5663-4abc-8390-14be2c73f441: TaskStarted(21,1741,Some(AttributeKey[scala.collection.Seq[sbt.ModuleID]]("projectDependencies") in Scope(Build: file:/C:/Users/BASHBABA/Desktop/OLGA/movierecommendation/, , Project: ProjectReference(file:/C:/Users/BASHBABA/Desktop/OLGA/movierecommendation/,root))))
Sending msg to client play-fork-run-badeeb38-5663-4abc-8390-14be2c73f441: TaskStarted(21,1742,None)
Sending msg to client play-fork-run-badeeb38-5663-4abc-8390-14be2c73f441: TaskStarted(21,1759,None)
Sending msg to client play-fork-run-badeeb38-5663-4abc-8390-14be2c73f441: TaskFinished(21,1712,None,true,None)
Sending msg to client play-fork-run-badeeb38-5663-4abc-8390-14be2c73f441: TaskStarted(21,1711,None)
Sending msg to client play-fork-run-badeeb38-5663-4abc-8390-14be2c73f441: TaskFinished(21,1741,Some(AttributeKey[scala.collection.Seq[sbt.ModuleID]]("projectDependencies") in Scope(Build: file:/C:/Users/BASHBABA/Desktop/OLGA/movierecommendation/, , Project: ProjectReference(file:/C:/Users/BASHBABA/Desktop/OLGA/movierecommendation/,root))),true,None)
Sending msg to client play-fork-run-badeeb38-5663-4abc-8390-14be2c73f441: TaskStarted(21,1740,Some(AttributeKey[scala.collection.Seq[sbt.ModuleID]]("allDependencies") in Scope(Build: file:/C:/Users/BASHBABA/Desktop/OLGA/movierecommendation/, , Project: ProjectReference(file:/C:/Users/BASHBABA/Desktop/OLGA/movierecommendation/,root))))
Sending msg to client play-fork-run-badeeb38-5663-4abc-8390-14be2c73f441: TaskStarted(21,1763,None)
Sending msg to client play-fork-run-badeeb38-5663-4abc-8390-14be2c73f441: TaskStarted(21,1767,None)
Sending msg to client play-fork-run-badeeb38-5663-4abc-8390-14be2c73f441: TaskStarted(21,1768,None)
Sending msg to client play-fork-run-badeeb38-5663-4abc-8390-14be2c73f441: TaskStarted(21,1771,None)
Sending msg to client play-fork-run-badeeb38-5663-4abc-8390-14be2c73f441: TaskStarted(21,1773,None)
Sending msg to client play-fork-run-badeeb38-5663-4abc-8390-14be2c73f441: TaskStarted(21,1774,None)
Sending msg to client play-fork-run-badeeb38-5663-4abc-8390-14be2c73f441: TaskFinished(21,1711,None,true,None)
Sending msg to client play-fork-run-badeeb38-5663-4abc-8390-14be2c73f441: TaskStarted(21,1710,Some(AttributeKey[scala.collection.Seq[scala.Tuple2[java.lang.String,java.io.File]]]("playAllAssets") in Scope(Build: file:/C:/Users/BASHBABA/Desktop/OLGA/movierecommendation/, , Project: ProjectReference(file:/C:/Users/BASHBABA/Desktop/OLGA/movierecommendation/,root))))
Sending msg to client play-fork-run-badeeb38-5663-4abc-8390-14be2c73f441: TaskFinished(21,1740,Some(AttributeKey[scala.collection.Seq[sbt.ModuleID]]("allDependencies") in Scope(Build: file:/C:/Users/BASHBABA/Desktop/OLGA/movierecommendation/, , Project: ProjectReference(file:/C:/Users/BASHBABA/Desktop/OLGA/movierecommendation/,root))),true,None)
Sending msg to client play-fork-run-badeeb38-5663-4abc-8390-14be2c73f441: TaskStarted(21,1739,Some(AttributeKey[sbt.ModuleSettings]("moduleSettings") in Scope(Build: file:/C:/Users/BASHBABA/Desktop/OLGA/movierecommendation/, , Project: ProjectReference(file:/C:/Users/BASHBABA/Desktop/OLGA/movierecommendation/,root))))
Sending msg to client play-fork-run-badeeb38-5663-4abc-8390-14be2c73f441: TaskFinished(21,1763,None,true,None)
Sending msg to client play-fork-run-badeeb38-5663-4abc-8390-14be2c73f441: TaskFinished(21,1742,None,true,None)
Sending msg to client play-fork-run-badeeb38-5663-4abc-8390-14be2c73f441: TaskFinished(21,1745,Some(AttributeKey[scala.collection.immutable.Map[sbt.ModuleID,sbt.SourcePosition]]("dependencyPositions") in Scope(Build: file:/C:/Users/BASHBABA/Desktop/OLGA/movierecommendation/, , Project: ProjectReference(file:/C:/Users/BASHBABA/Desktop/OLGA/movierecommendation/,root))),true,None)
Sending msg to client play-fork-run-badeeb38-5663-4abc-8390-14be2c73f441: TaskStarted(21,1744,Some(AttributeKey[sbt.UnresolvedWarningConfiguration]("unresolvedWarningConfiguration") in Scope(Build: file:/C:/Users/BASHBABA/Desktop/OLGA/movierecommendation/, , Project: ProjectReference(file:/C:/Users/BASHBABA/Desktop/OLGA/movierecommendation/,root), Task: AttributeKey[sbt.UpdateReport]("update"))))
Sending msg to client play-fork-run-badeeb38-5663-4abc-8390-14be2c73f441: TaskFinished(21,1768,None,true,None)
Sending msg to client play-fork-run-badeeb38-5663-4abc-8390-14be2c73f441: TaskFinished(21,1771,None,true,None)
Sending msg to client play-fork-run-badeeb38-5663-4abc-8390-14be2c73f441: TaskStarted(21,1770,None)
Sending msg to client play-fork-run-badeeb38-5663-4abc-8390-14be2c73f441: TaskStarted(21,1776,None)
Sending msg to client play-fork-run-badeeb38-5663-4abc-8390-14be2c73f441: TaskFinished(21,1774,None,true,None)
Sending msg to client play-fork-run-badeeb38-5663-4abc-8390-14be2c73f441: TaskFinished(21,1773,None,true,None)
Sending msg to client play-fork-run-badeeb38-5663-4abc-8390-14be2c73f441: TaskStarted(21,1772,Some(AttributeKey[scala.collection.Seq[sbt.Attributed[java.io.File]]]("unmanagedJars") in Scope(Build: file:/C:/Users/BASHBABA/Desktop/OLGA/movierecommendation/, , Project: ProjectReference(file:/C:/Users/BASHBABA/Desktop/OLGA/movierecommendation/,root), Config: compile)))
Sending msg to client play-fork-run-badeeb38-5663-4abc-8390-14be2c73f441: TaskFinished(21,1767,None,true,None)
Sending msg to client play-fork-run-badeeb38-5663-4abc-8390-14be2c73f441: TaskStarted(21,1766,Some(AttributeKey[scala.collection.Seq[sbt.Attributed[java.io.File]]]("unmanagedJars") in Scope(Build: file:/C:/Users/BASHBABA/Desktop/OLGA/movierecommendation/, , Project: ProjectReference(file:/C:/Users/BASHBABA/Desktop/OLGA/movierecommendation/,root), Config: runtime)))
Sending msg to client play-fork-run-badeeb38-5663-4abc-8390-14be2c73f441: TaskFinished(21,1739,Some(AttributeKey[sbt.ModuleSettings]("moduleSettings") in Scope(Build: file:/C:/Users/BASHBABA/Desktop/OLGA/movierecommendation/, , Project: ProjectReference(file:/C:/Users/BASHBABA/Desktop/OLGA/movierecommendation/,root))),true,None)
Sending msg to client play-fork-run-badeeb38-5663-4abc-8390-14be2c73f441: TaskFinished(21,1744,Some(AttributeKey[sbt.UnresolvedWarningConfiguration]("unresolvedWarningConfiguration") in Scope(Build: file:/C:/Users/BASHBABA/Desktop/OLGA/movierecommendation/, , Project: ProjectReference(file:/C:/Users/BASHBABA/Desktop/OLGA/movierecommendation/,root), Task: AttributeKey[sbt.UpdateReport]("update"))),true,None)
Sending msg to client play-fork-run-badeeb38-5663-4abc-8390-14be2c73f441: TaskStarted(21,1777,None)
Sending msg to client play-fork-run-badeeb38-5663-4abc-8390-14be2c73f441: TaskFinished(21,1776,None,true,None)
Sending msg to client play-fork-run-badeeb38-5663-4abc-8390-14be2c73f441: TaskStarted(21,1775,None)
Sending msg to client play-fork-run-badeeb38-5663-4abc-8390-14be2c73f441: TaskFinished(21,1772,Some(AttributeKey[scala.collection.Seq[sbt.Attributed[java.io.File]]]("unmanagedJars") in Scope(Build: file:/C:/Users/BASHBABA/Desktop/OLGA/movierecommendation/, , Project: ProjectReference(file:/C:/Users/BASHBABA/Desktop/OLGA/movierecommendation/,root), Config: compile)),true,None)
Sending msg to client play-fork-run-badeeb38-5663-4abc-8390-14be2c73f441: TaskFinished(21,1777,None,true,None)
Sending msg to client play-fork-run-badeeb38-5663-4abc-8390-14be2c73f441: TaskFinished(21,1770,None,true,None)
Sending msg to client play-fork-run-badeeb38-5663-4abc-8390-14be2c73f441: TaskStarted(21,1769,Some(AttributeKey[scala.collection.Seq[sbt.Attributed[java.io.File]]]("unmanagedJars") in Scope(Build: file:/C:/Users/BASHBABA/Desktop/OLGA/movierecommendation/, , Project: ProjectReference(file:/C:/Users/BASHBABA/Desktop/OLGA/movierecommendation/,root), Config: compile)))
Sending msg to client play-fork-run-badeeb38-5663-4abc-8390-14be2c73f441: TaskFinished(21,1775,None,true,None)
Sending msg to client play-fork-run-badeeb38-5663-4abc-8390-14be2c73f441: TaskFinished(21,1732,Some(AttributeKey[scala.collection.immutable.Map[org.apache.ivy.core.module.id.ModuleRevisionId,org.apache.ivy.core.module.descriptor.ModuleDescriptor]]("projectDescriptors") in Scope(Build: file:/C:/Users/BASHBABA/Desktop/OLGA/movierecommendation/, , Project: ProjectReference(file:/C:/Users/BASHBABA/Desktop/OLGA/movierecommendation/,root))),true,None)
Sending msg to client play-fork-run-badeeb38-5663-4abc-8390-14be2c73f441: TaskStarted(21,1731,Some(AttributeKey[sbt.Resolver]("projectResolver") in Scope(Build: file:/C:/Users/BASHBABA/Desktop/OLGA/movierecommendation/, , Project: ProjectReference(file:/C:/Users/BASHBABA/Desktop/OLGA/movierecommendation/,root))))
Sending msg to client play-fork-run-badeeb38-5663-4abc-8390-14be2c73f441: TaskFinished(21,1769,Some(AttributeKey[scala.collection.Seq[sbt.Attributed[java.io.File]]]("unmanagedJars") in Scope(Build: file:/C:/Users/BASHBABA/Desktop/OLGA/movierecommendation/, , Project: ProjectReference(file:/C:/Users/BASHBABA/Desktop/OLGA/movierecommendation/,root), Config: compile)),true,None)
Sending msg to client play-fork-run-badeeb38-5663-4abc-8390-14be2c73f441: TaskFinished(21,1766,Some(AttributeKey[scala.collection.Seq[sbt.Attributed[java.io.File]]]("unmanagedJars") in Scope(Build: file:/C:/Users/BASHBABA/Desktop/OLGA/movierecommendation/, , Project: ProjectReference(file:/C:/Users/BASHBABA/Desktop/OLGA/movierecommendation/,root), Config: runtime)),true,None)
Sending msg to client play-fork-run-badeeb38-5663-4abc-8390-14be2c73f441: TaskStarted(21,1765,None)
Sending msg to client play-fork-run-badeeb38-5663-4abc-8390-14be2c73f441: TaskFinished(21,1731,Some(AttributeKey[sbt.Resolver]("projectResolver") in Scope(Build: file:/C:/Users/BASHBABA/Desktop/OLGA/movierecommendation/, , Project: ProjectReference(file:/C:/Users/BASHBABA/Desktop/OLGA/movierecommendation/,root))),true,None)
Sending msg to client play-fork-run-badeeb38-5663-4abc-8390-14be2c73f441: TaskStarted(21,1730,Some(AttributeKey[scala.collection.Seq[sbt.Resolver]]("fullResolvers") in Scope(Build: file:/C:/Users/BASHBABA/Desktop/OLGA/movierecommendation/, , Project: ProjectReference(file:/C:/Users/BASHBABA/Desktop/OLGA/movierecommendation/,root))))
Sending msg to client play-fork-run-badeeb38-5663-4abc-8390-14be2c73f441: TaskFinished(21,1765,None,true,None)
Sending msg to client play-fork-run-badeeb38-5663-4abc-8390-14be2c73f441: TaskStarted(21,1764,None)
Sending msg to client play-fork-run-badeeb38-5663-4abc-8390-14be2c73f441: TaskFinished(21,1730,Some(AttributeKey[scala.collection.Seq[sbt.Resolver]]("fullResolvers") in Scope(Build: file:/C:/Users/BASHBABA/Desktop/OLGA/movierecommendation/, , Project: ProjectReference(file:/C:/Users/BASHBABA/Desktop/OLGA/movierecommendation/,root))),true,None)
Sending msg to client play-fork-run-badeeb38-5663-4abc-8390-14be2c73f441: TaskStarted(21,1729,Some(AttributeKey[sbt.IvyConfiguration]("ivyConfiguration") in Scope(Build: file:/C:/Users/BASHBABA/Desktop/OLGA/movierecommendation/, , Project: ProjectReference(file:/C:/Users/BASHBABA/Desktop/OLGA/movierecommendation/,root))))
Sending msg to client play-fork-run-badeeb38-5663-4abc-8390-14be2c73f441: TaskFinished(21,1764,None,true,None)
Sending msg to client play-fork-run-badeeb38-5663-4abc-8390-14be2c73f441: TaskFinished(21,1759,None,true,None)
Sending msg to client play-fork-run-badeeb38-5663-4abc-8390-14be2c73f441: TaskStarted(21,1758,Some(AttributeKey[scala.collection.Seq[sbt.Attributed[java.io.File]]]("unmanagedClasspath") in Scope(Build: file:/C:/Users/BASHBABA/Desktop/OLGA/movierecommendation/, , Project: ProjectReference(file:/C:/Users/BASHBABA/Desktop/OLGA/movierecommendation/,root), Config: runtime)))
Sending msg to client play-fork-run-badeeb38-5663-4abc-8390-14be2c73f441: TaskFinished(21,1729,Some(AttributeKey[sbt.IvyConfiguration]("ivyConfiguration") in Scope(Build: file:/C:/Users/BASHBABA/Desktop/OLGA/movierecommendation/, , Project: ProjectReference(file:/C:/Users/BASHBABA/Desktop/OLGA/movierecommendation/,root))),true,None)
Sending msg to client play-fork-run-badeeb38-5663-4abc-8390-14be2c73f441: TaskStarted(21,1725,Some(AttributeKey[sbt.IvySbt]("ivySbt") in Scope(Build: file:/C:/Users/BASHBABA/Desktop/OLGA/movierecommendation/, , Project: ProjectReference(file:/C:/Users/BASHBABA/Desktop/OLGA/movierecommendation/,root))))
Sending msg to client play-fork-run-badeeb38-5663-4abc-8390-14be2c73f441: TaskFinished(21,1725,Some(AttributeKey[sbt.IvySbt]("ivySbt") in Scope(Build: file:/C:/Users/BASHBABA/Desktop/OLGA/movierecommendation/, , Project: ProjectReference(file:/C:/Users/BASHBABA/Desktop/OLGA/movierecommendation/,root))),true,None)
Sending msg to client play-fork-run-badeeb38-5663-4abc-8390-14be2c73f441: TaskStarted(21,1724,Some(AttributeKey[sbt.IvySbt$Module]("ivyModule") in Scope(Build: file:/C:/Users/BASHBABA/Desktop/OLGA/movierecommendation/, , Project: ProjectReference(file:/C:/Users/BASHBABA/Desktop/OLGA/movierecommendation/,root))))
Sending msg to client play-fork-run-badeeb38-5663-4abc-8390-14be2c73f441: TaskFinished(21,1758,Some(AttributeKey[scala.collection.Seq[sbt.Attributed[java.io.File]]]("unmanagedClasspath") in Scope(Build: file:/C:/Users/BASHBABA/Desktop/OLGA/movierecommendation/, , Project: ProjectReference(file:/C:/Users/BASHBABA/Desktop/OLGA/movierecommendation/,root), Config: runtime)),true,None)
Sending msg to client play-fork-run-badeeb38-5663-4abc-8390-14be2c73f441: TaskFinished(21,1724,Some(AttributeKey[sbt.IvySbt$Module]("ivyModule") in Scope(Build: file:/C:/Users/BASHBABA/Desktop/OLGA/movierecommendation/, , Project: ProjectReference(file:/C:/Users/BASHBABA/Desktop/OLGA/movierecommendation/,root))),true,None)
Sending msg to client play-fork-run-badeeb38-5663-4abc-8390-14be2c73f441: TaskStarted(21,1716,Some(AttributeKey[sbt.UpdateReport]("update") in Scope(Build: file:/C:/Users/BASHBABA/Desktop/OLGA/movierecommendation/, , Project: ProjectReference(file:/C:/Users/BASHBABA/Desktop/OLGA/movierecommendation/,root))))
Sending msg to client play-fork-run-badeeb38-5663-4abc-8390-14be2c73f441: TaskFinished(21,1710,Some(AttributeKey[scala.collection.Seq[scala.Tuple2[java.lang.String,java.io.File]]]("playAllAssets") in Scope(Build: file:/C:/Users/BASHBABA/Desktop/OLGA/movierecommendation/, , Project: ProjectReference(file:/C:/Users/BASHBABA/Desktop/OLGA/movierecommendation/,root))),true,None)
Sending msg to client play-fork-run-badeeb38-5663-4abc-8390-14be2c73f441: TaskFinished(21,1762,Some(AttributeKey[scala.collection.Seq[java.lang.String]]("playMonitoredFiles") in Scope(Build: file:/C:/Users/BASHBABA/Desktop/OLGA/movierecommendation/, , Project: ProjectReference(file:/C:/Users/BASHBABA/Desktop/OLGA/movierecommendation/,root))),true,None)
Sending msg to client play-fork-run-badeeb38-5663-4abc-8390-14be2c73f441: TaskFinished(21,1716,Some(AttributeKey[sbt.UpdateReport]("update") in Scope(Build: file:/C:/Users/BASHBABA/Desktop/OLGA/movierecommendation/, , Project: ProjectReference(file:/C:/Users/BASHBABA/Desktop/OLGA/movierecommendation/,root))),true,None)
Sending msg to client play-fork-run-badeeb38-5663-4abc-8390-14be2c73f441: TaskStarted(21,1715,Some(AttributeKey[sbt.UpdateReport]("update") in Scope(Build: file:/C:/Users/BASHBABA/Desktop/OLGA/movierecommendation/, , Project: ProjectReference(file:/C:/Users/BASHBABA/Desktop/OLGA/movierecommendation/,root))))
Sending msg to client play-fork-run-badeeb38-5663-4abc-8390-14be2c73f441: TaskFinished(21,1715,Some(AttributeKey[sbt.UpdateReport]("update") in Scope(Build: file:/C:/Users/BASHBABA/Desktop/OLGA/movierecommendation/, , Project: ProjectReference(file:/C:/Users/BASHBABA/Desktop/OLGA/movierecommendation/,root))),true,None)
Sending msg to client play-fork-run-badeeb38-5663-4abc-8390-14be2c73f441: TaskStarted(21,1714,Some(AttributeKey[scala.collection.Seq[sbt.Attributed[java.io.File]]]("managedClasspath") in Scope(Build: file:/C:/Users/BASHBABA/Desktop/OLGA/movierecommendation/, , Project: ProjectReference(file:/C:/Users/BASHBABA/Desktop/OLGA/movierecommendation/,root), Config: docs)))
Sending msg to client play-fork-run-badeeb38-5663-4abc-8390-14be2c73f441: TaskStarted(21,1756,Some(AttributeKey[sbt.Configuration]("classpathConfiguration") in Scope(Build: file:/C:/Users/BASHBABA/Desktop/OLGA/movierecommendation/, , Project: ProjectReference(file:/C:/Users/BASHBABA/Desktop/OLGA/movierecommendation/,root), Config: compile)))
Sending msg to client play-fork-run-badeeb38-5663-4abc-8390-14be2c73f441: TaskFinished(21,1756,Some(AttributeKey[sbt.Configuration]("classpathConfiguration") in Scope(Build: file:/C:/Users/BASHBABA/Desktop/OLGA/movierecommendation/, , Project: ProjectReference(file:/C:/Users/BASHBABA/Desktop/OLGA/movierecommendation/,root), Config: compile)),true,None)
Sending msg to client play-fork-run-badeeb38-5663-4abc-8390-14be2c73f441: TaskStarted(21,1755,None)
Sending msg to client play-fork-run-badeeb38-5663-4abc-8390-14be2c73f441: TaskFinished(21,1714,Some(AttributeKey[scala.collection.Seq[sbt.Attributed[java.io.File]]]("managedClasspath") in Scope(Build: file:/C:/Users/BASHBABA/Desktop/OLGA/movierecommendation/, , Project: ProjectReference(file:/C:/Users/BASHBABA/Desktop/OLGA/movierecommendation/,root), Config: docs)),true,None)
Sending msg to client play-fork-run-badeeb38-5663-4abc-8390-14be2c73f441: TaskFinished(21,1755,None,true,None)
Sending msg to client play-fork-run-badeeb38-5663-4abc-8390-14be2c73f441: TaskStarted(21,1754,Some(AttributeKey[sbt.Configuration]("classpathConfiguration") in Scope(Build: file:/C:/Users/BASHBABA/Desktop/OLGA/movierecommendation/, , Project: ProjectReference(file:/C:/Users/BASHBABA/Desktop/OLGA/movierecommendation/,root), Config: runtime)))
Sending msg to client play-fork-run-badeeb38-5663-4abc-8390-14be2c73f441: TaskFinished(21,1754,Some(AttributeKey[sbt.Configuration]("classpathConfiguration") in Scope(Build: file:/C:/Users/BASHBABA/Desktop/OLGA/movierecommendation/, , Project: ProjectReference(file:/C:/Users/BASHBABA/Desktop/OLGA/movierecommendation/,root), Config: runtime)),true,None)
Sending msg to client play-fork-run-badeeb38-5663-4abc-8390-14be2c73f441: TaskStarted(21,1753,None)
Sending msg to client play-fork-run-badeeb38-5663-4abc-8390-14be2c73f441: TaskFinished(21,1753,None,true,None)
Sending msg to client play-fork-run-badeeb38-5663-4abc-8390-14be2c73f441: TaskStarted(21,1751,Some(AttributeKey[scala.collection.Seq[sbt.Attributed[java.io.File]]]("managedClasspath") in Scope(Build: file:/C:/Users/BASHBABA/Desktop/OLGA/movierecommendation/, , Project: ProjectReference(file:/C:/Users/BASHBABA/Desktop/OLGA/movierecommendation/,root), Config: runtime)))
Sending msg to client play-fork-run-badeeb38-5663-4abc-8390-14be2c73f441: TaskFinished(21,1751,Some(AttributeKey[scala.collection.Seq[sbt.Attributed[java.io.File]]]("managedClasspath") in Scope(Build: file:/C:/Users/BASHBABA/Desktop/OLGA/movierecommendation/, , Project: ProjectReference(file:/C:/Users/BASHBABA/Desktop/OLGA/movierecommendation/,root), Config: runtime)),true,None)
Sending msg to client play-fork-run-badeeb38-5663-4abc-8390-14be2c73f441: TaskStarted(21,1750,None)
Sending msg to client play-fork-run-badeeb38-5663-4abc-8390-14be2c73f441: TaskFinished(21,1750,None,true,None)
Sending msg to client play-fork-run-badeeb38-5663-4abc-8390-14be2c73f441: TaskStarted(21,1749,Some(AttributeKey[scala.collection.Seq[sbt.Attributed[java.io.File]]]("playDependencyClasspath") in Scope(Build: file:/C:/Users/BASHBABA/Desktop/OLGA/movierecommendation/, , Project: ProjectReference(file:/C:/Users/BASHBABA/Desktop/OLGA/movierecommendation/,root))))
Sending msg to client play-fork-run-badeeb38-5663-4abc-8390-14be2c73f441: TaskFinished(21,1749,Some(AttributeKey[scala.collection.Seq[sbt.Attributed[java.io.File]]]("playDependencyClasspath") in Scope(Build: file:/C:/Users/BASHBABA/Desktop/OLGA/movierecommendation/, , Project: ProjectReference(file:/C:/Users/BASHBABA/Desktop/OLGA/movierecommendation/,root))),true,None)
Sending msg to client play-fork-run-badeeb38-5663-4abc-8390-14be2c73f441: TaskStarted(21,1708,Some(AttributeKey[play.forkrun.protocol.ForkConfig]("playForkConfig") in Scope(Build: file:/C:/Users/BASHBABA/Desktop/OLGA/movierecommendation/, , Project: ProjectReference(file:/C:/Users/BASHBABA/Desktop/OLGA/movierecommendation/,root))))
Sending msg to client play-fork-run-badeeb38-5663-4abc-8390-14be2c73f441: TaskFinished(21,1708,Some(AttributeKey[play.forkrun.protocol.ForkConfig]("playForkConfig") in Scope(Build: file:/C:/Users/BASHBABA/Desktop/OLGA/movierecommendation/, , Project: ProjectReference(file:/C:/Users/BASHBABA/Desktop/OLGA/movierecommendation/,root))),true,None)
Sending msg to client play-fork-run-badeeb38-5663-4abc-8390-14be2c73f441: ValueChanged(AttributeKey[play.forkrun.protocol.ForkConfig]("playForkConfig") in Scope(Build: file:/C:/Users/BASHBABA/Desktop/OLGA/movierecommendation/, , Project: ProjectReference(file:/C:/Users/BASHBABA/Desktop/OLGA/movierecommendation/,root)),TaskSuccess(BuildValue(LazyValue(ForkConfig(C:\Users\BASHBABA\Desktop\OLGA\movierecommendation,List(),List(C:\Users\BASHBABA\Desktop\OLGA\movierecommendation\lib\commons-math3-3.4.1.jar, C:\Users\BASHBABA\Desktop\OLGA\movierecommendation\lib\guava-18.0.jar, C:\Users\BASHBABA\Desktop\OLGA\movierecommendation\lib\mahout-core-0.9.jar, C:\Users\BASHBABA\Desktop\OLGA\movierecommendation\lib\mahout-integration-0.9.jar, C:\Users\BASHBABA\Desktop\OLGA\movierecommendation\lib\mahout-math-0.9.jar, C:\Users\BASHBABA\.ivy2\cache\org.scala-lang\scala-library\jars\scala-library-2.11.1.jar, C:\Users\BASHBABA\.ivy2\cache\com.typesafe.play\twirl-api_2.11\jars\twirl-api_2.11-1.0.2.jar, C:\Users\BASHBABA\.ivy2\cache\org.apache.commons\commons-lang3\jars\commons-lang3-3.1.jar, C:\Users\BASHBABA\.ivy2\cache\org.scala-lang.modules\scala-xml_2.11\bundles\scala-xml_2.11-1.0.1.jar, C:\Users\BASHBABA\.ivy2\cache\com.typesafe.play\play_2.11\jars\play_2.11-2.3.8.jar, C:\Users\BASHBABA\.ivy2\cache\com.typesafe.play\build-link\jars\build-link-2.3.8.jar, C:\Users\BASHBABA\.ivy2\cache\com.typesafe.play\play-exceptions\jars\play-exceptions-2.3.8.jar, C:\Users\BASHBABA\.ivy2\cache\com.typesafe.play\play-iteratees_2.11\jars\play-iteratees_2.11-2.3.8.jar, C:\Users\BASHBABA\.ivy2\cache\org.scala-stm\scala-stm_2.11\jars\scala-stm_2.11-0.7.jar, C:\Users\BASHBABA\.ivy2\cache\com.typesafe\config\bundles\config-1.2.1.jar, C:\Users\BASHBABA\.ivy2\cache\com.typesafe.play\play-json_2.11\jars\play-json_2.11-2.3.8.jar, C:\Users\BASHBABA\.ivy2\cache\com.typesafe.play\play-functional_2.11\jars\play-functional_2.11-2.3.8.jar, C:\Users\BASHBABA\.ivy2\cache\com.typesafe.play\play-datacommons_2.11\jars\play-datacommons_2.11-2.3.8.jar, C:\Users\BASHBABA\.ivy2\cache\joda-time\joda-time\jars\joda-time-2.3.jar, C:\Users\BASHBABA\.ivy2\cache\org.joda\joda-convert\jars\joda-convert-1.6.jar, C:\Users\BASHBABA\.ivy2\cache\com.fasterxml.jackson.core\jackson-annotations\bundles\jackson-annotations-2.3.2.jar, C:\Users\BASHBABA\.ivy2\cache\com.fasterxml.jackson.core\jackson-core\bundles\jackson-core-2.3.2.jar, C:\Users\BASHBABA\.ivy2\cache\com.fasterxml.jackson.core\jackson-databind\bundles\jackson-databind-2.3.2.jar, C:\Users\BASHBABA\.ivy2\cache\org.scala-lang\scala-reflect\jars\scala-reflect-2.11.1.jar, C:\Users\BASHBABA\.ivy2\cache\org.scala-lang.modules\scala-parser-combinators_2.11\bundles\scala-parser-combinators_2.11-1.0.1.jar, C:\Users\BASHBABA\.ivy2\cache\io.netty\netty\bundles\netty-3.9.3.Final.jar, C:\Users\BASHBABA\.ivy2\cache\com.typesafe.netty\netty-http-pipelining\jars\netty-http-pipelining-1.1.2.jar, C:\Users\BASHBABA\.ivy2\cache\org.slf4j\slf4j-api\jars\slf4j-api-1.7.6.jar, C:\Users\BASHBABA\.ivy2\cache\org.slf4j\jul-to-slf4j\jars\jul-to-slf4j-1.7.6.jar, C:\Users\BASHBABA\.ivy2\cache\org.slf4j\jcl-over-slf4j\jars\jcl-over-slf4j-1.7.6.jar, C:\Users\BASHBABA\.ivy2\cache\ch.qos.logback\logback-core\jars\logback-core-1.1.1.jar, C:\Users\BASHBABA\.ivy2\cache\ch.qos.logback\logback-classic\jars\logback-classic-1.1.1.jar, C:\Users\BASHBABA\.ivy2\cache\com.typesafe.akka\akka-actor_2.11\jars\akka-actor_2.11-2.3.4.jar, C:\Users\BASHBABA\.ivy2\cache\com.typesafe.akka\akka-slf4j_2.11\jars\akka-slf4j_2.11-2.3.4.jar, C:\Users\BASHBABA\.ivy2\cache\commons-codec\commons-codec\jars\commons-codec-1.9.jar, C:\Users\BASHBABA\.ivy2\cache\xerces\xercesImpl\jars\xercesImpl-2.11.0.jar, C:\Users\BASHBABA\.ivy2\cache\xml-apis\xml-apis\jars\xml-apis-1.4.01.jar, C:\Users\BASHBABA\.ivy2\cache\javax.transaction\jta\jars\jta-1.1.jar, C:\Users\BASHBABA\.ivy2\cache\com.typesafe.play\play-java_2.11\jars\play-java_2.11-2.3.8.jar, C:\Users\BASHBABA\.ivy2\cache\org.yaml\snakeyaml\bundles\snakeyaml-1.13.jar, C:\Users\BASHBABA\.ivy2\cache\org.hibernate\hibernate-validator\jars\hibernate-validator-5.0.3.Final.jar, C:\Users\BASHBABA\.ivy2\cache\javax.validation\validation-api\jars\validation-api-1.1.0.Final.jar, C:\Users\BASHBABA\.ivy2\cache\com.fasterxml\classmate\bundles\classmate-1.0.0.jar, C:\Users\BASHBABA\.ivy2\cache\org.jboss.logging\jboss-logging\jars\jboss-logging-3.2.0.Final.jar, C:\Users\BASHBABA\.ivy2\cache\org.springframework\spring-context\jars\spring-context-4.0.3.RELEASE.jar, C:\Users\BASHBABA\.ivy2\cache\org.springframework\spring-core\jars\spring-core-4.0.3.RELEASE.jar, C:\Users\BASHBABA\.ivy2\cache\org.springframework\spring-beans\jars\spring-beans-4.0.3.RELEASE.jar, C:\Users\BASHBABA\.ivy2\cache\org.javassist\javassist\bundles\javassist-3.19.0-GA.jar, C:\Users\BASHBABA\.ivy2\cache\org.reflections\reflections\jars\reflections-0.9.8.jar, C:\Users\BASHBABA\.ivy2\cache\com.google.guava\guava\bundles\guava-16.0.1.jar, C:\Users\BASHBABA\.ivy2\cache\dom4j\dom4j\jars\dom4j-1.6.1.jar, C:\Users\BASHBABA\.ivy2\cache\com.google.code.findbugs\jsr305\jars\jsr305-2.0.3.jar, C:\Users\BASHBABA\.ivy2\cache\org.apache.tomcat\tomcat-servlet-api\jars\tomcat-servlet-api-8.0.5.jar, C:\Users\BASHBABA\.ivy2\cache\com.typesafe.play\play-java-jdbc_2.11\jars\play-java-jdbc_2.11-2.3.8.jar, C:\Users\BASHBABA\.ivy2\cache\com.typesafe.play\play-jdbc_2.11\jars\play-jdbc_2.11-2.3.8.jar, C:\Users\BASHBABA\.ivy2\cache\com.jolbox\bonecp\bundles\bonecp-0.8.0.RELEASE.jar, C:\Users\BASHBABA\.ivy2\cache\com.h2database\h2\jars\h2-1.3.175.jar, C:\Users\BASHBABA\.ivy2\cache\tyrex\tyrex\jars\tyrex-1.0.1.jar, C:\Users\BASHBABA\.ivy2\cache\com.typesafe.play\play-java-ebean_2.11\jars\play-java-ebean_2.11-2.3.8.jar, C:\Users\BASHBABA\.ivy2\cache\org.avaje.ebeanorm\avaje-ebeanorm\jars\avaje-ebeanorm-3.3.4.jar, C:\Users\BASHBABA\.ivy2\cache\org.avaje.ebeanorm\avaje-ebeanorm-agent\jars\avaje-ebeanorm-agent-3.2.2.jar, C:\Users\BASHBABA\.ivy2\cache\org.hibernate.javax.persistence\hibernate-jpa-2.0-api\jars\hibernate-jpa-2.0-api-1.0.1.Final.jar, C:\Users\BASHBABA\.ivy2\cache\com.typesafe.play\play-cache_2.11\jars\play-cache_2.11-2.3.8.jar, C:\Users\BASHBABA\.ivy2\cache\net.sf.ehcache\ehcache-core\jars\ehcache-core-2.6.8.jar, C:\Users\BASHBABA\.ivy2\cache\com.typesafe.play\play-java-ws_2.11\jars\play-java-ws_2.11-2.3.8.jar, C:\Users\BASHBABA\.ivy2\cache\com.typesafe.play\play-ws_2.11\jars\play-ws_2.11-2.3.8.jar, C:\Users\BASHBABA\.ivy2\cache\com.ning\async-http-client\jars\async-http-client-1.8.15.jar, C:\Users\BASHBABA\.ivy2\cache\oauth.signpost\signpost-core\jars\signpost-core-1.2.1.2.jar, C:\Users\BASHBABA\.ivy2\cache\oauth.signpost\signpost-commonshttp4\jars\signpost-commonshttp4-1.2.1.2.jar, C:\Users\BASHBABA\.ivy2\cache\org.apache.httpcomponents\httpcore\jars\httpcore-4.0.1.jar, C:\Users\BASHBABA\.ivy2\cache\org.apache.httpcomponents\httpclient\jars\httpclient-4.0.1.jar, C:\Users\BASHBABA\.ivy2\cache\commons-logging\commons-logging\jars\commons-logging-1.1.1.jar, C:\Users\BASHBABA\.ivy2\cache\mysql\mysql-connector-java\jars\mysql-connector-java-5.1.27.jar, C:\Users\BASHBABA\.ivy2\cache\org.webjars\bootstrap\jars\bootstrap-3.0.2.jar, C:\Users\BASHBABA\.ivy2\cache\org.webjars\jquery\jars\jquery-1.9.0.jar),List((public/,C:\Users\BASHBABA\Desktop\OLGA\movierecommendation\target\web\public\main)),List(C:\Users\BASHBABA\.ivy2\cache\com.typesafe.play\play-docs_2.11\jars\play-docs_2.11-2.3.8.jar, C:\Users\BASHBABA\.ivy2\cache\org.scala-lang\scala-library\jars\scala-library-2.11.1.jar, C:\Users\BASHBABA\.ivy2\cache\com.typesafe.play\play_2.11\jars\play_2.11-2.3.8.jar, C:\Users\BASHBABA\.ivy2\cache\com.typesafe.play\build-link\jars\build-link-2.3.8.jar, C:\Users\BASHBABA\.ivy2\cache\com.typesafe.play\play-exceptions\jars\play-exceptions-2.3.8.jar, C:\Users\BASHBABA\.ivy2\cache\org.javassist\javassist\bundles\javassist-3.18.2-GA.jar, C:\Users\BASHBABA\.ivy2\cache\com.typesafe.play\play-iteratees_2.11\jars\play-iteratees_2.11-2.3.8.jar, C:\Users\BASHBABA\.ivy2\cache\org.scala-stm\scala-stm_2.11\jars\scala-stm_2.11-0.7.jar, C:\Users\BASHBABA\.ivy2\cache\com.typesafe\config\bundles\config-1.2.1.jar, C:\Users\BASHBABA\.ivy2\cache\com.typesafe.play\play-json_2.11\jars\play-json_2.11-2.3.8.jar, C:\Users\BASHBABA\.ivy2\cache\com.typesafe.play\play-functional_2.11\jars\play-functional_2.11-2.3.8.jar, C:\Users\BASHBABA\.ivy2\cache\com.typesafe.play\play-datacommons_2.11\jars\play-datacommons_2.11-2.3.8.jar, C:\Users\BASHBABA\.ivy2\cache\joda-time\joda-time\jars\joda-time-2.3.jar, C:\Users\BASHBABA\.ivy2\cache\org.joda\joda-convert\jars\joda-convert-1.6.jar, C:\Users\BASHBABA\.ivy2\cache\com.fasterxml.jackson.core\jackson-annotations\bundles\jackson-annotations-2.3.2.jar, C:\Users\BASHBABA\.ivy2\cache\com.fasterxml.jackson.core\jackson-core\bundles\jackson-core-2.3.2.jar, C:\Users\BASHBABA\.ivy2\cache\com.fasterxml.jackson.core\jackson-databind\bundles\jackson-databind-2.3.2.jar, C:\Users\BASHBABA\.ivy2\cache\org.scala-lang\scala-reflect\jars\scala-reflect-2.11.1.jar, C:\Users\BASHBABA\.ivy2\cache\com.typesafe.play\twirl-api_2.11\jars\twirl-api_2.11-1.0.2.jar, C:\Users\BASHBABA\.ivy2\cache\org.apache.commons\commons-lang3\jars\commons-lang3-3.1.jar, C:\Users\BASHBABA\.ivy2\cache\org.scala-lang.modules\scala-xml_2.11\bundles\scala-xml_2.11-1.0.1.jar, C:\Users\BASHBABA\.ivy2\cache\org.scala-lang.modules\scala-parser-combinators_2.11\bundles\scala-parser-combinators_2.11-1.0.1.jar, C:\Users\BASHBABA\.ivy2\cache\io.netty\netty\bundles\netty-3.9.3.Final.jar, C:\Users\BASHBABA\.ivy2\cache\com.typesafe.netty\netty-http-pipelining\jars\netty-http-pipelining-1.1.2.jar, C:\Users\BASHBABA\.ivy2\cache\org.slf4j\slf4j-api\jars\slf4j-api-1.7.6.jar, C:\Users\BASHBABA\.ivy2\cache\org.slf4j\jul-to-slf4j\jars\jul-to-slf4j-1.7.6.jar, C:\Users\BASHBABA\.ivy2\cache\org.slf4j\jcl-over-slf4j\jars\jcl-over-slf4j-1.7.6.jar, C:\Users\BASHBABA\.ivy2\cache\ch.qos.logback\logback-core\jars\logback-core-1.1.1.jar, C:\Users\BASHBABA\.ivy2\cache\ch.qos.logback\logback-classic\jars\logback-classic-1.1.1.jar, C:\Users\BASHBABA\.ivy2\cache\com.typesafe.akka\akka-actor_2.11\jars\akka-actor_2.11-2.3.4.jar, C:\Users\BASHBABA\.ivy2\cache\com.typesafe.akka\akka-slf4j_2.11\jars\akka-slf4j_2.11-2.3.4.jar, C:\Users\BASHBABA\.ivy2\cache\commons-codec\commons-codec\jars\commons-codec-1.9.jar, C:\Users\BASHBABA\.ivy2\cache\xerces\xercesImpl\jars\xercesImpl-2.11.0.jar, C:\Users\BASHBABA\.ivy2\cache\xml-apis\xml-apis\jars\xml-apis-1.4.01.jar, C:\Users\BASHBABA\.ivy2\cache\javax.transaction\jta\jars\jta-1.1.jar, C:\Users\BASHBABA\.ivy2\cache\com.typesafe.play\play-doc_2.11\jars\play-doc_2.11-1.1.0.jar, C:\Users\BASHBABA\.ivy2\cache\org.pegdown\pegdown\jars\pegdown-1.4.0.jar, C:\Users\BASHBABA\.ivy2\cache\org.parboiled\parboiled-java\bundles\parboiled-java-1.1.5.jar, C:\Users\BASHBABA\.ivy2\cache\org.parboiled\parboiled-core\bundles\parboiled-core-1.1.5.jar, C:\Users\BASHBABA\.ivy2\cache\org.ow2.asm\asm\jars\asm-4.1.jar, C:\Users\BASHBABA\.ivy2\cache\org.ow2.asm\asm-tree\jars\asm-tree-4.1.jar, C:\Users\BASHBABA\.ivy2\cache\org.ow2.asm\asm-analysis\jars\asm-analysis-4.1.jar, C:\Users\BASHBABA\.ivy2\cache\org.ow2.asm\asm-util\jars\asm-util-4.1.jar, C:\Users\BASHBABA\.ivy2\cache\commons-io\commons-io\jars\commons-io-2.4.jar),List(),9000,DefaultWatchService,List(C:\Users\BASHBABA\Desktop\OLGA\movierecommendation\app-2.11, C:\Users\BASHBABA\Desktop\OLGA\movierecommendation\app, C:\Users\BASHBABA\Desktop\OLGA\movierecommendation\conf, C:\Users\BASHBABA\Desktop\OLGA\movierecommendation\app\assets, C:\Users\BASHBABA\Desktop\OLGA\movierecommendation\public),C:\Users\BASHBABA\Desktop\OLGA\movierecommendation\target,500,root/playForkNotifyStart,root/playForkReload,300000),scala.pickling.PicklerUnpickler$DelegatingPicklerUnpickler@927dbc2),ForkConfig(C:\Users\BASHBABA\Desktop\OLGA\movierecommendation,List(),List(C:\Users\BASHBABA\Desktop\OLGA\movierecommendation\lib\commons-math3-3.4.1.jar, C:\Users\BASHBABA\Desktop\OLGA\movierecommendation\lib\guava-18.0.jar, C:\Users\BASHBABA\Desktop\OLGA\movierecommendation\lib\mahout-core-0.9.jar, C:\Users\BASHBABA\Desktop\OLGA\movierecommendation\lib\mahout-integration-0.9.jar, C:\Users\BASHBABA\Desktop\OLGA\movierecommendation\lib\mahout-math-0.9.jar, C:\Users\BASHBABA\.ivy2\cache\org.scala-lang\scala-library\jars\scala-library-2.11.1.jar, C:\Users\BASHBABA\.ivy2\cache\com.typesafe.play\twirl-api_2.11\jars\twirl-api_2.11-1.0.2.jar, C:\Users\BASHBABA\.ivy2\cache\org.apache.commons\commons-lang3\jars\commons-lang3-3.1.jar, C:\Users\BASHBABA\.ivy2\cache\org.scala-lang.modules\scala-xml_2.11\bundles\scala-xml_2.11-1.0.1.jar, C:\Users\BASHBABA\.ivy2\cache\com.typesafe.play\play_2.11\jars\play_2.11-2.3.8.jar, C:\Users\BASHBABA\.ivy2\cache\com.typesafe.play\build-link\jars\build-link-2.3.8.jar, C:\Users\BASHBABA\.ivy2\cache\com.typesafe.play\play-exceptions\jars\play-exceptions-2.3.8.jar, C:\Users\BASHBABA\.ivy2\cache\com.typesafe.play\play-iteratees_2.11\jars\play-iteratees_2.11-2.3.8.jar, C:\Users\BASHBABA\.ivy2\cache\org.scala-stm\scala-stm_2.11\jars\scala-stm_2.11-0.7.jar, C:\Users\BASHBABA\.ivy2\cache\com.typesafe\config\bundles\config-1.2.1.jar, C:\Users\BASHBABA\.ivy2\cache\com.typesafe.play\play-json_2.11\jars\play-json_2.11-2.3.8.jar, C:\Users\BASHBABA\.ivy2\cache\com.typesafe.play\play-functional_2.11\jars\play-functional_2.11-2.3.8.jar, C:\Users\BASHBABA\.ivy2\cache\com.typesafe.play\play-datacommons_2.11\jars\play-datacommons_2.11-2.3.8.jar, C:\Users\BASHBABA\.ivy2\cache\joda-time\joda-time\jars\joda-time-2.3.jar, C:\Users\BASHBABA\.ivy2\cache\org.joda\joda-convert\jars\joda-convert-1.6.jar, C:\Users\BASHBABA\.ivy2\cache\com.fasterxml.jackson.core\jackson-annotations\bundles\jackson-annotations-2.3.2.jar, C:\Users\BASHBABA\.ivy2\cache\com.fasterxml.jackson.core\jackson-core\bundles\jackson-core-2.3.2.jar, C:\Users\BASHBABA\.ivy2\cache\com.fasterxml.jackson.core\jackson-databind\bundles\jackson-databind-2.3.2.jar, C:\Users\BASHBABA\.ivy2\cache\org.scala-lang\scala-reflect\jars\scala-reflect-2.11.1.jar, C:\Users\BASHBABA\.ivy2\cache\org.scala-lang.modules\scala-parser-combinators_2.11\bundles\scala-parser-combinators_2.11-1.0.1.jar, C:\Users\BASHBABA\.ivy2\cache\io.netty\netty\bundles\netty-3.9.3.Final.jar, C:\Users\BASHBABA\.ivy2\cache\com.typesafe.netty\netty-http-pipelining\jars\netty-http-pipelining-1.1.2.jar, C:\Users\BASHBABA\.ivy2\cache\org.slf4j\slf4j-api\jars\slf4j-api-1.7.6.jar, C:\Users\BASHBABA\.ivy2\cache\org.slf4j\jul-to-slf4j\jars\jul-to-slf4j-1.7.6.jar, C:\Users\BASHBABA\.ivy2\cache\org.slf4j\jcl-over-slf4j\jars\jcl-over-slf4j-1.7.6.jar, C:\Users\BASHBABA\.ivy2\cache\ch.qos.logback\logback-core\jars\logback-core-1.1.1.jar, C:\Users\BASHBABA\.ivy2\cache\ch.qos.logback\logback-classic\jars\logback-classic-1.1.1.jar, C:\Users\BASHBABA\.ivy2\cache\com.typesafe.akka\akka-actor_2.11\jars\akka-actor_2.11-2.3.4.jar, C:\Users\BASHBABA\.ivy2\cache\com.typesafe.akka\akka-slf4j_2.11\jars\akka-slf4j_2.11-2.3.4.jar, C:\Users\BASHBABA\.ivy2\cache\commons-codec\commons-codec\jars\commons-codec-1.9.jar, C:\Users\BASHBABA\.ivy2\cache\xerces\xercesImpl\jars\xercesImpl-2.11.0.jar, C:\Users\BASHBABA\.ivy2\cache\xml-apis\xml-apis\jars\xml-apis-1.4.01.jar, C:\Users\BASHBABA\.ivy2\cache\javax.transaction\jta\jars\jta-1.1.jar, C:\Users\BASHBABA\.ivy2\cache\com.typesafe.play\play-java_2.11\jars\play-java_2.11-2.3.8.jar, C:\Users\BASHBABA\.ivy2\cache\org.yaml\snakeyaml\bundles\snakeyaml-1.13.jar, C:\Users\BASHBABA\.ivy2\cache\org.hibernate\hibernate-validator\jars\hibernate-validator-5.0.3.Final.jar, C:\Users\BASHBABA\.ivy2\cache\javax.validation\validation-api\jars\validation-api-1.1.0.Final.jar, C:\Users\BASHBABA\.ivy2\cache\com.fasterxml\classmate\bundles\classmate-1.0.0.jar, C:\Users\BASHBABA\.ivy2\cache\org.jboss.logging\jboss-logging\jars\jboss-logging-3.2.0.Final.jar, C:\Users\BASHBABA\.ivy2\cache\org.springframework\spring-context\jars\spring-context-4.0.3.RELEASE.jar, C:\Users\BASHBABA\.ivy2\cache\org.springframework\spring-core\jars\spring-core-4.0.3.RELEASE.jar, C:\Users\BASHBABA\.ivy2\cache\org.springframework\spring-beans\jars\spring-beans-4.0.3.RELEASE.jar, C:\Users\BASHBABA\.ivy2\cache\org.javassist\javassist\bundles\javassist-3.19.0-GA.jar, C:\Users\BASHBABA\.ivy2\cache\org.reflections\reflections\jars\reflections-0.9.8.jar, C:\Users\BASHBABA\.ivy2\cache\com.google.guava\guava\bundles\guava-16.0.1.jar, C:\Users\BASHBABA\.ivy2\cache\dom4j\dom4j\jars\dom4j-1.6.1.jar, C:\Users\BASHBABA\.ivy2\cache\com.google.code.findbugs\jsr305\jars\jsr305-2.0.3.jar, C:\Users\BASHBABA\.ivy2\cache\org.apache.tomcat\tomcat-servlet-api\jars\tomcat-servlet-api-8.0.5.jar, C:\Users\BASHBABA\.ivy2\cache\com.typesafe.play\play-java-jdbc_2.11\jars\play-java-jdbc_2.11-2.3.8.jar, C:\Users\BASHBABA\.ivy2\cache\com.typesafe.play\play-jdbc_2.11\jars\play-jdbc_2.11-2.3.8.jar, C:\Users\BASHBABA\.ivy2\cache\com.jolbox\bonecp\bundles\bonecp-0.8.0.RELEASE.jar, C:\Users\BASHBABA\.ivy2\cache\com.h2database\h2\jars\h2-1.3.175.jar, C:\Users\BASHBABA\.ivy2\cache\tyrex\tyrex\jars\tyrex-1.0.1.jar, C:\Users\BASHBABA\.ivy2\cache\com.typesafe.play\play-java-ebean_2.11\jars\play-java-ebean_2.11-2.3.8.jar, C:\Users\BASHBABA\.ivy2\cache\org.avaje.ebeanorm\avaje-ebeanorm\jars\avaje-ebeanorm-3.3.4.jar, C:\Users\BASHBABA\.ivy2\cache\org.avaje.ebeanorm\avaje-ebeanorm-agent\jars\avaje-ebeanorm-agent-3.2.2.jar, C:\Users\BASHBABA\.ivy2\cache\org.hibernate.javax.persistence\hibernate-jpa-2.0-api\jars\hibernate-jpa-2.0-api-1.0.1.Final.jar, C:\Users\BASHBABA\.ivy2\cache\com.typesafe.play\play-cache_2.11\jars\play-cache_2.11-2.3.8.jar, C:\Users\BASHBABA\.ivy2\cache\net.sf.ehcache\ehcache-core\jars\ehcache-core-2.6.8.jar, C:\Users\BASHBABA\.ivy2\cache\com.typesafe.play\play-java-ws_2.11\jars\play-java-ws_2.11-2.3.8.jar, C:\Users\BASHBABA\.ivy2\cache\com.typesafe.play\play-ws_2.11\jars\play-ws_2.11-2.3.8.jar, C:\Users\BASHBABA\.ivy2\cache\com.ning\async-http-client\jars\async-http-client-1.8.15.jar, C:\Users\BASHBABA\.ivy2\cache\oauth.signpost\signpost-core\jars\signpost-core-1.2.1.2.jar, C:\Users\BASHBABA\.ivy2\cache\oauth.signpost\signpost-commonshttp4\jars\signpost-commonshttp4-1.2.1.2.jar, C:\Users\BASHBABA\.ivy2\cache\org.apache.httpcomponents\httpcore\jars\httpcore-4.0.1.jar, C:\Users\BASHBABA\.ivy2\cache\org.apache.httpcomponents\httpclient\jars\httpclient-4.0.1.jar, C:\Users\BASHBABA\.ivy2\cache\commons-logging\commons-logging\jars\commons-logging-1.1.1.jar, C:\Users\BASHBABA\.ivy2\cache\mysql\mysql-connector-java\jars\mysql-connector-java-5.1.27.jar, C:\Users\BASHBABA\.ivy2\cache\org.webjars\bootstrap\jars\bootstrap-3.0.2.jar, C:\Users\BASHBABA\.ivy2\cache\org.webjars\jquery\jars\jquery-1.9.0.jar),List((public/,C:\Users\BASHBABA\Desktop\OLGA\movierecommendation\target\web\public\main)),List(C:\Users\BASHBABA\.ivy2\cache\com.typesafe.play\play-docs_2.11\jars\play-docs_2.11-2.3.8.jar, C:\Users\BASHBABA\.ivy2\cache\org.scala-lang\scala-library\jars\scala-library-2.11.1.jar, C:\Users\BASHBABA\.ivy2\cache\com.typesafe.play\play_2.11\jars\play_2.11-2.3.8.jar, C:\Users\BASHBABA\.ivy2\cache\com.typesafe.play\build-link\jars\build-link-2.3.8.jar, C:\Users\BASHBABA\.ivy2\cache\com.typesafe.play\play-exceptions\jars\play-exceptions-2.3.8.jar, C:\Users\BASHBABA\.ivy2\cache\org.javassist\javassist\bundles\javassist-3.18.2-GA.jar, C:\Users\BASHBABA\.ivy2\cache\com.typesafe.play\play-iteratees_2.11\jars\play-iteratees_2.11-2.3.8.jar, C:\Users\BASHBABA\.ivy2\cache\org.scala-stm\scala-stm_2.11\jars\scala-stm_2.11-0.7.jar, C:\Users\BASHBABA\.ivy2\cache\com.typesafe\config\bundles\config-1.2.1.jar, C:\Users\BASHBABA\.ivy2\cache\com.typesafe.play\play-json_2.11\jars\play-json_2.11-2.3.8.jar, C:\Users\BASHBABA\.ivy2\cache\com.typesafe.play\play-functional_2.11\jars\play-functional_2.11-2.3.8.jar, C:\Users\BASHBABA\.ivy2\cache\com.typesafe.play\play-datacommons_2.11\jars\play-datacommons_2.11-2.3.8.jar, C:\Users\BASHBABA\.ivy2\cache\joda-time\joda-time\jars\joda-time-2.3.jar, C:\Users\BASHBABA\.ivy2\cache\org.joda\joda-convert\jars\joda-convert-1.6.jar, C:\Users\BASHBABA\.ivy2\cache\com.fasterxml.jackson.core\jackson-annotations\bundles\jackson-annotations-2.3.2.jar, C:\Users\BASHBABA\.ivy2\cache\com.fasterxml.jackson.core\jackson-core\bundles\jackson-core-2.3.2.jar, C:\Users\BASHBABA\.ivy2\cache\com.fasterxml.jackson.core\jackson-databind\bundles\jackson-databind-2.3.2.jar, C:\Users\BASHBABA\.ivy2\cache\org.scala-lang\scala-reflect\jars\scala-reflect-2.11.1.jar, C:\Users\BASHBABA\.ivy2\cache\com.typesafe.play\twirl-api_2.11\jars\twirl-api_2.11-1.0.2.jar, C:\Users\BASHBABA\.ivy2\cache\org.apache.commons\commons-lang3\jars\commons-lang3-3.1.jar, C:\Users\BASHBABA\.ivy2\cache\org.scala-lang.modules\scala-xml_2.11\bundles\scala-xml_2.11-1.0.1.jar, C:\Users\BASHBABA\.ivy2\cache\org.scala-lang.modules\scala-parser-combinators_2.11\bundles\scala-parser-combinators_2.11-1.0.1.jar, C:\Users\BASHBABA\.ivy2\cache\io.netty\netty\bundles\netty-3.9.3.Final.jar, C:\Users\BASHBABA\.ivy2\cache\com.typesafe.netty\netty-http-pipelining\jars\netty-http-pipelining-1.1.2.jar, C:\Users\BASHBABA\.ivy2\cache\org.slf4j\slf4j-api\jars\slf4j-api-1.7.6.jar, C:\Users\BASHBABA\.ivy2\cache\org.slf4j\jul-to-slf4j\jars\jul-to-slf4j-1.7.6.jar, C:\Users\BASHBABA\.ivy2\cache\org.slf4j\jcl-over-slf4j\jars\jcl-over-slf4j-1.7.6.jar, C:\Users\BASHBABA\.ivy2\cache\ch.qos.logback\logback-core\jars\logback-core-1.1.1.jar, C:\Users\BASHBABA\.ivy2\cache\ch.qos.logback\logback-classic\jars\logback-classic-1.1.1.jar, C:\Users\BASHBABA\.ivy2\cache\com.typesafe.akka\akka-actor_2.11\jars\akka-actor_2.11-2.3.4.jar, C:\Users\BASHBABA\.ivy2\cache\com.typesafe.akka\akka-slf4j_2.11\jars\akka-slf4j_2.11-2.3.4.jar, C:\Users\BASHBABA\.ivy2\cache\commons-codec\commons-codec\jars\commons-codec-1.9.jar, C:\Users\BASHBABA\.ivy2\cache\xerces\xercesImpl\jars\xercesImpl-2.11.0.jar, C:\Users\BASHBABA\.ivy2\cache\xml-apis\xml-apis\jars\xml-apis-1.4.01.jar, C:\Users\BASHBABA\.ivy2\cache\javax.transaction\jta\jars\jta-1.1.jar, C:\Users\BASHBABA\.ivy2\cache\com.typesafe.play\play-doc_2.11\jars\play-doc_2.11-1.1.0.jar, C:\Users\BASHBABA\.ivy2\cache\org.pegdown\pegdown\jars\pegdown-1.4.0.jar, C:\Users\BASHBABA\.ivy2\cache\org.parboiled\parboiled-java\bundles\parboiled-java-1.1.5.jar, C:\Users\BASHBABA\.ivy2\cache\org.parboiled\parboiled-core\bundles\parboiled-core-1.1.5.jar, C:\Users\BASHBABA\.ivy2\cache\org.ow2.asm\asm\jars\asm-4.1.jar, C:\Users\BASHBABA\.ivy2\cache\org.ow2.asm\asm-tree\jars\asm-tree-4.1.jar, C:\Users\BASHBABA\.ivy2\cache\org.ow2.asm\asm-analysis\jars\asm-analysis-4.1.jar, C:\Users\BASHBABA\.ivy2\cache\org.ow2.asm\asm-util\jars\asm-util-4.1.jar, C:\Users\BASHBABA\.ivy2\cache\commons-io\commons-io\jars\commons-io-2.4.jar),List(),9000,DefaultWatchService,List(C:\Users\BASHBABA\Desktop\OLGA\movierecommendation\app-2.11, C:\Users\BASHBABA\Desktop\OLGA\movierecommendation\app, C:\Users\BASHBABA\Desktop\OLGA\movierecommendation\conf, C:\Users\BASHBABA\Desktop\OLGA\movierecommendation\app\assets, C:\Users\BASHBABA\Desktop\OLGA\movierecommendation\public),C:\Users\BASHBABA\Desktop\OLGA\movierecommendation\target,500,root/playForkNotifyStart,root/playForkReload,300000))))
Sending msg to client play-fork-run-badeeb38-5663-4abc-8390-14be2c73f441: TaskStarted(21,1707,None)
Sending msg to client play-fork-run-badeeb38-5663-4abc-8390-14be2c73f441: TaskFinished(21,1707,None,true,None)
Sending msg to client play-fork-run-badeeb38-5663-4abc-8390-14be2c73f441: TaskStarted(21,1706,None)
Sending msg to client play-fork-run-badeeb38-5663-4abc-8390-14be2c73f441: TaskFinished(21,1706,None,true,None)
Sending msg to client play-fork-run-badeeb38-5663-4abc-8390-14be2c73f441: DetachedLogEvent(LogMessage(debug,cancel strategy finish enabled=false lastCommand=Some(LastCommand(CommandExecutionWork(ExecutionId(21),{file:/C:/Users/BASHBABA/Desktop/OLGA/movierecommendation/}root/*:playForkConfig,Set(LiveClient(play-fork-run badeeb38-5663-4abc-8390-14be2c73f441)),sbt.server.WorkCancellationStatus$$anon$1@379b6553)))))
Sending msg to client play-fork-run-badeeb38-5663-4abc-8390-14be2c73f441: DetachedLogEvent(LogSuccess(Total time: 11 s, completed May 18, 2015 2:01:54 PM))
Sending msg to client play-fork-run-badeeb38-5663-4abc-8390-14be2c73f441: DetachedLogEvent(LogMessage(debug,> server-post-command-cleanup))
Sending msg to client play-fork-run-badeeb38-5663-4abc-8390-14be2c73f441: ExecutionSuccess(21)
Sending msg to client play-fork-run-badeeb38-5663-4abc-8390-14be2c73f441: DetachedLogEvent(LogMessage(debug,> server-handle-next-server-request))
Sending msg to client play-fork-run-badeeb38-5663-4abc-8390-14be2c73f441: BackgroundJobLogEvent(1,LogMessage(info,))
Sending msg to client play-fork-run-badeeb38-5663-4abc-8390-14be2c73f441: BackgroundJobLogEvent(1,LogMessage(info,--- (Running the application, auto-reloading is enabled) ---))
Sending msg to client play-fork-run-badeeb38-5663-4abc-8390-14be2c73f441: BackgroundJobLogEvent(1,LogMessage(info,))
Sending msg to client play-fork-run-badeeb38-5663-4abc-8390-14be2c73f441: BackgroundJobLogEvent(1,LogMessage(info,play - Listening for HTTP on /0:0:0:0:0:0:0:0:9000))
Sending msg to client play-fork-run-badeeb38-5663-4abc-8390-14be2c73f441: BackgroundJobLogEvent(1,LogMessage(info,))
Sending msg to client play-fork-run-badeeb38-5663-4abc-8390-14be2c73f441: BackgroundJobLogEvent(1,LogMessage(info,(Server started, use Ctrl+D to stop and go back to the console...)))
Sending msg to client play-fork-run-badeeb38-5663-4abc-8390-14be2c73f441: BackgroundJobLogEvent(1,LogMessage(info,))
Got request: ExecutionRequest(root/playForkNotifyStart http://localhost:9000)
Reading next message from client.
Sending msg to client play-fork-run-badeeb38-5663-4abc-8390-14be2c73f441: (8,ExecutionRequestReceived(22))
Sending msg to client play-fork-run-badeeb38-5663-4abc-8390-14be2c73f441: ExecutionWaiting(22,root/playForkNotifyStart http://localhost:9000,ClientInfo(badeeb38-5663-4abc-8390-14be2c73f441,play-fork-run,Play Fork Run,1,Vector()))
Sending msg to client play-fork-run-badeeb38-5663-4abc-8390-14be2c73f441: ExecutionStarting(22)
Sending msg to client play-fork-run-badeeb38-5663-4abc-8390-14be2c73f441: DetachedLogEvent(LogMessage(debug,> root/playForkNotifyStart http://localhost:9000))
Sending msg to client play-fork-run-badeeb38-5663-4abc-8390-14be2c73f441: DetachedLogEvent(LogMessage(debug,Evaluating tasks: *:playForkNotifyStart))
Sending msg to client play-fork-run-badeeb38-5663-4abc-8390-14be2c73f441: DetachedLogEvent(LogMessage(debug,Running task... Cancel: sbt.server.ServerTaskCancellation@41790afc, check cycles: false))
Sending msg to client play-fork-run-badeeb38-5663-4abc-8390-14be2c73f441: DetachedLogEvent(LogMessage(debug,cancel strategy start enabled=true lastCommand=Some(LastCommand(CommandExecutionWork(ExecutionId(22),root/playForkNotifyStart http://localhost:9000,Set(LiveClient(play-fork-run badeeb38-5663-4abc-8390-14be2c73f441)),sbt.server.WorkCancellationStatus$$anon$1@44e5ac0c)))))
Sending msg to client play-fork-run-badeeb38-5663-4abc-8390-14be2c73f441: TaskStarted(22,1782,Some(AttributeKey[sbt.SendEventService]("sendEventService") in Scope(Global)))
Sending msg to client play-fork-run-badeeb38-5663-4abc-8390-14be2c73f441: TaskFinished(22,1782,Some(AttributeKey[sbt.SendEventService]("sendEventService") in Scope(Global)),true,None)
Sending msg to client play-fork-run-badeeb38-5663-4abc-8390-14be2c73f441: TaskStarted(22,1781,Some(AttributeKey[scala.Function1[java.lang.String,void]]("playForkStarted") in Scope(Build: file:/C:/Users/BASHBABA/Desktop/OLGA/movierecommendation/, , Project: ProjectReference(file:/C:/Users/BASHBABA/Desktop/OLGA/movierecommendation/,root))))
Sending msg to client play-fork-run-badeeb38-5663-4abc-8390-14be2c73f441: TaskFinished(22,1781,Some(AttributeKey[scala.Function1[java.lang.String,void]]("playForkStarted") in Scope(Build: file:/C:/Users/BASHBABA/Desktop/OLGA/movierecommendation/, , Project: ProjectReference(file:/C:/Users/BASHBABA/Desktop/OLGA/movierecommendation/,root))),true,None)
Sending msg to client play-fork-run-badeeb38-5663-4abc-8390-14be2c73f441: TaskStarted(22,1780,Some(AttributeKey[void]("playForkNotifyStart") in Scope(Build: file:/C:/Users/BASHBABA/Desktop/OLGA/movierecommendation/, , Project: ProjectReference(file:/C:/Users/BASHBABA/Desktop/OLGA/movierecommendation/,root))))
Sending msg to client play-fork-run-badeeb38-5663-4abc-8390-14be2c73f441: TaskEvent(1780,LazyValue(PlayServerStarted(http://localhost:9000),play.forkrun.protocol.Serializers$PlayForkrunProtocolPlayServerStartedPickler1$2$@22246871))
Sending msg to client play-fork-run-badeeb38-5663-4abc-8390-14be2c73f441: TaskFinished(22,1780,Some(AttributeKey[void]("playForkNotifyStart") in Scope(Build: file:/C:/Users/BASHBABA/Desktop/OLGA/movierecommendation/, , Project: ProjectReference(file:/C:/Users/BASHBABA/Desktop/OLGA/movierecommendation/,root))),true,None)
Sending msg to client play-fork-run-badeeb38-5663-4abc-8390-14be2c73f441: TaskStarted(22,1779,None)
Sending msg to client play-fork-run-badeeb38-5663-4abc-8390-14be2c73f441: TaskFinished(22,1779,None,true,None)
Sending msg to client play-fork-run-badeeb38-5663-4abc-8390-14be2c73f441: TaskStarted(22,1778,None)
Sending msg to client play-fork-run-badeeb38-5663-4abc-8390-14be2c73f441: TaskFinished(22,1778,None,true,None)
Sending msg to client play-fork-run-badeeb38-5663-4abc-8390-14be2c73f441: DetachedLogEvent(LogMessage(debug,cancel strategy finish enabled=false lastCommand=Some(LastCommand(CommandExecutionWork(ExecutionId(22),root/playForkNotifyStart http://localhost:9000,Set(LiveClient(play-fork-run badeeb38-5663-4abc-8390-14be2c73f441)),sbt.server.WorkCancellationStatus$$anon$1@44e5ac0c)))))
Sending msg to client play-fork-run-badeeb38-5663-4abc-8390-14be2c73f441: DetachedLogEvent(LogSuccess(Total time: 0 s, completed May 18, 2015 2:01:57 PM))
Sending msg to client play-fork-run-badeeb38-5663-4abc-8390-14be2c73f441: DetachedLogEvent(LogMessage(debug,> server-post-command-cleanup))
Sending msg to client play-fork-run-badeeb38-5663-4abc-8390-14be2c73f441: ExecutionSuccess(22)
Sending msg to client play-fork-run-badeeb38-5663-4abc-8390-14be2c73f441: DetachedLogEvent(LogMessage(debug,> server-handle-next-server-request))
Sending msg to client play-fork-run-badeeb38-5663-4abc-8390-14be2c73f441: ExecutionWaiting(23,jobStop 1,ClientInfo(9c5c4c1e-d7fe-48d2-af5b-f869733026b5,activator,Activator,1,Vector()))
Sending msg to client play-fork-run-badeeb38-5663-4abc-8390-14be2c73f441: ExecutionStarting(23)
Sending msg to client play-fork-run-badeeb38-5663-4abc-8390-14be2c73f441: DetachedLogEvent(LogMessage(debug,> jobStop 1))
Sending msg to client play-fork-run-badeeb38-5663-4abc-8390-14be2c73f441: DetachedLogEvent(LogMessage(debug,Evaluating tasks: *:jobStop))
Sending msg to client play-fork-run-badeeb38-5663-4abc-8390-14be2c73f441: DetachedLogEvent(LogMessage(debug,Running task... Cancel: sbt.server.ServerTaskCancellation@7b105cbd, check cycles: false))
Sending msg to client play-fork-run-badeeb38-5663-4abc-8390-14be2c73f441: DetachedLogEvent(LogMessage(debug,cancel strategy start enabled=true lastCommand=Some(LastCommand(CommandExecutionWork(ExecutionId(23),jobStop 1,Set(LiveClient(activator 9c5c4c1e-d7fe-48d2-af5b-f869733026b5)),sbt.server.WorkCancellationStatus$$anon$1@ecda352)))))
Sending msg to client play-fork-run-badeeb38-5663-4abc-8390-14be2c73f441: TaskStarted(23,1785,Some(AttributeKey[void]("jobStop") in Scope(Global)))
Sending msg to client play-fork-run-badeeb38-5663-4abc-8390-14be2c73f441: TaskFinished(23,1785,Some(AttributeKey[void]("jobStop") in Scope(Global)),true,None)
Sending msg to client play-fork-run-badeeb38-5663-4abc-8390-14be2c73f441: TaskStarted(23,1784,None)
Sending msg to client play-fork-run-badeeb38-5663-4abc-8390-14be2c73f441: BackgroundJobLogEvent(1,LogMessage(info,Stopping Play fork run ...))
Sending msg to client play-fork-run-badeeb38-5663-4abc-8390-14be2c73f441: TaskFinished(23,1784,None,true,None)
Sending msg to client play-fork-run-badeeb38-5663-4abc-8390-14be2c73f441: TaskStarted(23,1783,None)
Sending msg to client play-fork-run-badeeb38-5663-4abc-8390-14be2c73f441: TaskFinished(23,1783,None,true,None)
Sending msg to client play-fork-run-badeeb38-5663-4abc-8390-14be2c73f441: DetachedLogEvent(LogMessage(debug,cancel strategy finish enabled=false lastCommand=Some(LastCommand(CommandExecutionWork(ExecutionId(23),jobStop 1,Set(LiveClient(activator 9c5c4c1e-d7fe-48d2-af5b-f869733026b5)),sbt.server.WorkCancellationStatus$$anon$1@ecda352)))))
Sending msg to client play-fork-run-badeeb38-5663-4abc-8390-14be2c73f441: DetachedLogEvent(LogSuccess(Total time: 3 s, completed May 18, 2015 2:02:17 PM))
Sending msg to client play-fork-run-badeeb38-5663-4abc-8390-14be2c73f441: DetachedLogEvent(LogMessage(debug,> server-post-command-cleanup))
Sending msg to client play-fork-run-badeeb38-5663-4abc-8390-14be2c73f441: ExecutionSuccess(23)
Sending msg to client play-fork-run-badeeb38-5663-4abc-8390-14be2c73f441: DetachedLogEvent(LogMessage(debug,> server-handle-next-server-request))
Got request: UnlistenToEvents()
Reading next message from client.
Sending msg to client play-fork-run-badeeb38-5663-4abc-8390-14be2c73f441: (9,ReceivedResponse())
Got request: UnlistenToValue(AttributeKey[play.forkrun.protocol.ForkConfig]("playForkConfig") in Scope(Build: file:/C:/Users/BASHBABA/Desktop/OLGA/movierecommendation/, , Project: ProjectReference(file:/C:/Users/BASHBABA/Desktop/OLGA/movierecommendation/,root)))
Reading next message from client.
Client play-fork-run-badeeb38-5663-4abc-8390-14be2c73f441 EOF, shutting down.
Stopping client.
Client play-fork-run-badeeb38-5663-4abc-8390-14be2c73f441 thread exiting.
Dropping message (10,ReceivedResponse()) to dead client play-fork-run-badeeb38-5663-4abc-8390-14be2c73f441
Dropping message (0,ReceivedResponse()) to dead client play-fork-run-badeeb38-5663-4abc-8390-14be2c73f441
