New log file opened at Sun May 17 23:22:13 PDT 2015 by 7536@BASHTOP
jvm 7536@BASHTOP
jvm vmName=Java HotSpot(TM) 64-Bit Server VM vmVendor=Oracle Corporation vmVersion=25.40-b25
jvm specName=Java Virtual Machine Specification specVendor=Oracle Corporation specVersion=1.8
jvm arguments: [-Xms256m, -Xmx1024m, -XX:MetaspaceSize=64m, -XX:MaxMetaspaceSize=256m]
Starting event engine
Starting sbt command engine
Waiting for sbt command engine
Command engine arguments=List()
Command engine baseDirectory=C:\Users\BASHBABA\Desktop\OLGA\movierecommendation
Command engine initial remaining commands List(--initialize, onFailure load-failed, boot, server-send-ready-for-request, server-handle-next-server-request)
> --initialize
> initialize
> onFailure load-failed
> boot
> reload
[Loading] Scanning directory C:\Users\BASHBABA\Desktop\OLGA\movierecommendation\project
[Loading] Found non-root projects 
[Loading] Done in C:\Users\BASHBABA\Desktop\OLGA\movierecommendation\project, returning: ()
deducing auto plugins based on known facts Set(Atom(sbt.plugins.CorePlugin)) and clauses Clauses(List(Clause(Atom(sbt.plugins.JvmPlugin),Set(Atom(sbt.plugins.IvyPlugin))), Clause(Atom(sbt.plugins.JUnitXmlReportPlugin),Set(Atom(sbt.plugins.JvmPlugin))), Clause(Atom(sbt.plugins.CorePlugin),Set(Atom(sbt.plugins.IvyPlugin))), Clause(Atom(sbt.plugins.IvyPlugin),Set(Atom(sbt.plugins.JvmPlugin))), Clause(Atom(sbt.plugins.JvmPlugin),Set(Atom(sbt.plugins.JUnitXmlReportPlugin)))))
  :: deduced result: Matched(sbt.plugins.CorePlugin,sbt.plugins.IvyPlugin,sbt.plugins.JvmPlugin,sbt.plugins.JUnitXmlReportPlugin)
sorting: ns: List(sbt.plugins.CorePlugin, sbt.plugins.IvyPlugin, sbt.plugins.JvmPlugin, sbt.plugins.JUnitXmlReportPlugin)
  :: sorting:: found: List(sbt.plugins.CorePlugin) not found List(sbt.plugins.IvyPlugin, sbt.plugins.JvmPlugin, sbt.plugins.JUnitXmlReportPlugin)
  :: sorting:: found: List(sbt.plugins.CorePlugin, sbt.plugins.IvyPlugin) not found List(sbt.plugins.JvmPlugin, sbt.plugins.JUnitXmlReportPlugin)
  :: sorting:: found: List(sbt.plugins.CorePlugin, sbt.plugins.IvyPlugin, sbt.plugins.JvmPlugin) not found List(sbt.plugins.JUnitXmlReportPlugin)
  :: sorting:: found: List(sbt.plugins.CorePlugin, sbt.plugins.IvyPlugin, sbt.plugins.JvmPlugin, sbt.plugins.JUnitXmlReportPlugin) not found List()
  :: sorted deduced result: List(sbt.plugins.CorePlugin, sbt.plugins.IvyPlugin, sbt.plugins.JvmPlugin, sbt.plugins.JUnitXmlReportPlugin)
[Loading] Done in C:\Users\BASHBABA\Desktop\OLGA\movierecommendation\project, returning: (movierecommendation-build)
Loading project definition from C:\Users\BASHBABA\Desktop\OLGA\movierecommendation\project
Running task... Cancel: sbt.TaskCancellationStrategy$Null$@2acbc7f8, check cycles: false

Initial source changes: 
	removed:Set()
	added: Set()
	modified: Set()
Removed products: Set()
External API changes: API Changes: Set()
Modified binary dependencies: Set()
Initial directly invalidated sources: Set()

Sources indirectly invalidated by:
	product: Set()
	binary dep: Set()
	external source: Set()
All initially invalidated sources: Set()

Copy resource mappings: 
	
[Loading] Scanning directory C:\Users\BASHBABA\Desktop\OLGA\movierecommendation
[Loading] Found root project root w/ remaining 
deducing auto plugins based on known facts Set(Atom(play.PlayJava), Atom(sbt.plugins.CorePlugin)) and clauses Clauses(List(Clause(Atom(sbt.plugins.JvmPlugin),Set(Atom(sbt.plugins.IvyPlugin))), Clause(Atom(sbt.plugins.JUnitXmlReportPlugin),Set(Atom(sbt.plugins.JvmPlugin))), Clause(Atom(play.sbt.forkrun.PlayForkRun),Set(Atom(sbt.plugins.BackgroundRunPlugin))), Clause(Atom(play.sbt.forkrun.PlayForkRun),Set(Atom(play.Play))), Clause(Atom(play.sbt.forkrun.PlayForkRun),Set(Atom(sbt.plugins.SerializersPlugin))), Clause(Atom(play.Play),Set(Atom(com.typesafe.sbt.webdriver.SbtWebDriver))), Clause(Atom(play.Play),Set(Atom(play.twirl.sbt.SbtTwirl))), Clause(Atom(play.Play),Set(Atom(com.typesafe.sbt.jse.SbtJsTask))), Clause(Atom(play.PlayJava),Set(Atom(play.Play))), Clause(Atom(play.PlayScala),Set(Atom(play.Play))), Clause(Atom(play.twirl.sbt.SbtTwirl),Set(Atom(sbt.plugins.JvmPlugin))), Clause(Atom(com.typesafe.sbt.jse.SbtJsEngine),Set(Atom(com.typesafe.sbt.web.SbtWeb))), Clause(Atom(com.typesafe.sbt.jse.SbtJsTask),Set(Atom(com.typesafe.sbt.jse.SbtJsEngine))), Clause(Atom(com.typesafe.sbt.webdriver.SbtWebDriver),Set(Atom(com.typesafe.sbt.web.SbtWeb))), Clause(Atom(sbt.plugins.BackgroundRunPlugin),Set(Atom(sbt.plugins.JvmPlugin))), Clause(Atom(com.typesafe.sbt.coffeescript.SbtCoffeeScript),Set(Atom(com.typesafe.sbt.jse.SbtJsTask))), Clause(Atom(com.typesafe.sbt.less.SbtLess),Set(Atom(com.typesafe.sbt.jse.SbtJsTask))), Clause(Atom(com.typesafe.sbt.jshint.SbtJSHint),Set(Atom(com.typesafe.sbt.jse.SbtJsTask))), Clause(Atom(com.typesafe.sbt.rjs.SbtRjs),Set(Atom(com.typesafe.sbt.jse.SbtJsTask))), Clause(Atom(com.typesafe.sbt.digest.SbtDigest),Set(Atom(com.typesafe.sbt.web.SbtWeb))), Clause(Atom(com.typesafe.sbt.mocha.SbtMocha),Set(Atom(com.typesafe.sbt.jse.SbtJsTask))), Clause(Atom(sbt.plugins.CorePlugin),Set(Atom(sbt.plugins.IvyPlugin))), Clause(Atom(sbt.plugins.IvyPlugin),Set(Atom(sbt.plugins.JvmPlugin))), Clause(Atom(sbt.plugins.JvmPlugin),Set(Atom(sbt.plugins.JUnitXmlReportPlugin))), Clause(And(Set(Atom(sbt.plugins.BackgroundRunPlugin), Atom(play.Play), Atom(sbt.plugins.SerializersPlugin))),Set(Atom(play.sbt.forkrun.PlayForkRun))), Clause(Atom(com.typesafe.sbt.web.SbtWeb),Set(Atom(com.typesafe.sbt.jse.SbtJsEngine))), Clause(Atom(com.typesafe.sbt.jse.SbtJsEngine),Set(Atom(com.typesafe.sbt.jse.SbtJsTask))), Clause(Atom(com.typesafe.sbt.web.SbtWeb),Set(Atom(com.typesafe.sbt.webdriver.SbtWebDriver))), Clause(Atom(sbt.plugins.JvmPlugin),Set(Atom(sbt.plugins.BackgroundRunPlugin))), Clause(Atom(sbt.plugins.CorePlugin),Set(Atom(sbt.plugins.InteractionServicePlugin))), Clause(Atom(sbt.plugins.CorePlugin),Set(Atom(sbt.plugins.SendEventServicePlugin))), Clause(Atom(sbt.plugins.CorePlugin),Set(Atom(sbt.plugins.SerializersPlugin))), Clause(Atom(com.typesafe.sbt.jse.SbtJsTask),Set(Atom(com.typesafe.sbt.coffeescript.SbtCoffeeScript))), Clause(Atom(com.typesafe.sbt.jse.SbtJsTask),Set(Atom(com.typesafe.sbt.less.SbtLess))), Clause(Atom(com.typesafe.sbt.jse.SbtJsTask),Set(Atom(com.typesafe.sbt.jshint.SbtJSHint))), Clause(Atom(com.typesafe.sbt.jse.SbtJsTask),Set(Atom(com.typesafe.sbt.rjs.SbtRjs))), Clause(Atom(com.typesafe.sbt.web.SbtWeb),Set(Atom(com.typesafe.sbt.digest.SbtDigest))), Clause(Atom(com.typesafe.sbt.jse.SbtJsTask),Set(Atom(com.typesafe.sbt.mocha.SbtMocha)))))
  :: deduced result: Matched(sbt.plugins.CorePlugin,play.PlayJava,sbt.plugins.InteractionServicePlugin,sbt.plugins.SendEventServicePlugin,play.Play,sbt.plugins.SerializersPlugin,sbt.plugins.IvyPlugin,sbt.plugins.JvmPlugin,com.typesafe.sbt.jse.SbtJsTask,play.twirl.sbt.SbtTwirl,com.typesafe.sbt.webdriver.SbtWebDriver,com.typesafe.sbt.jshint.SbtJSHint,sbt.plugins.JUnitXmlReportPlugin,com.typesafe.sbt.mocha.SbtMocha,com.typesafe.sbt.less.SbtLess,com.typesafe.sbt.web.SbtWeb,com.typesafe.sbt.rjs.SbtRjs,com.typesafe.sbt.jse.SbtJsEngine,com.typesafe.sbt.coffeescript.SbtCoffeeScript,sbt.plugins.BackgroundRunPlugin,com.typesafe.sbt.digest.SbtDigest,play.sbt.forkrun.PlayForkRun)
sorting: ns: List(sbt.plugins.CorePlugin, play.PlayJava, sbt.plugins.InteractionServicePlugin, sbt.plugins.SendEventServicePlugin, play.Play, sbt.plugins.SerializersPlugin, sbt.plugins.IvyPlugin, sbt.plugins.JvmPlugin, com.typesafe.sbt.jse.SbtJsTask, play.twirl.sbt.SbtTwirl, com.typesafe.sbt.webdriver.SbtWebDriver, com.typesafe.sbt.jshint.SbtJSHint, sbt.plugins.JUnitXmlReportPlugin, com.typesafe.sbt.mocha.SbtMocha, com.typesafe.sbt.less.SbtLess, com.typesafe.sbt.web.SbtWeb, com.typesafe.sbt.rjs.SbtRjs, com.typesafe.sbt.jse.SbtJsEngine, com.typesafe.sbt.coffeescript.SbtCoffeeScript, sbt.plugins.BackgroundRunPlugin, com.typesafe.sbt.digest.SbtDigest, play.sbt.forkrun.PlayForkRun)
  :: sorting:: found: List(sbt.plugins.CorePlugin, com.typesafe.sbt.web.SbtWeb) not found List(play.PlayJava, sbt.plugins.InteractionServicePlugin, sbt.plugins.SendEventServicePlugin, play.Play, sbt.plugins.SerializersPlugin, sbt.plugins.IvyPlugin, sbt.plugins.JvmPlugin, com.typesafe.sbt.jse.SbtJsTask, play.twirl.sbt.SbtTwirl, com.typesafe.sbt.webdriver.SbtWebDriver, com.typesafe.sbt.jshint.SbtJSHint, sbt.plugins.JUnitXmlReportPlugin, com.typesafe.sbt.mocha.SbtMocha, com.typesafe.sbt.less.SbtLess, com.typesafe.sbt.rjs.SbtRjs, com.typesafe.sbt.jse.SbtJsEngine, com.typesafe.sbt.coffeescript.SbtCoffeeScript, sbt.plugins.BackgroundRunPlugin, com.typesafe.sbt.digest.SbtDigest, play.sbt.forkrun.PlayForkRun)
  :: sorting:: found: List(sbt.plugins.CorePlugin, com.typesafe.sbt.web.SbtWeb, sbt.plugins.InteractionServicePlugin, sbt.plugins.SendEventServicePlugin, sbt.plugins.SerializersPlugin, sbt.plugins.IvyPlugin, com.typesafe.sbt.webdriver.SbtWebDriver, com.typesafe.sbt.jse.SbtJsEngine, com.typesafe.sbt.digest.SbtDigest) not found List(play.PlayJava, play.Play, sbt.plugins.JvmPlugin, com.typesafe.sbt.jse.SbtJsTask, play.twirl.sbt.SbtTwirl, com.typesafe.sbt.jshint.SbtJSHint, sbt.plugins.JUnitXmlReportPlugin, com.typesafe.sbt.mocha.SbtMocha, com.typesafe.sbt.less.SbtLess, com.typesafe.sbt.rjs.SbtRjs, com.typesafe.sbt.coffeescript.SbtCoffeeScript, sbt.plugins.BackgroundRunPlugin, play.sbt.forkrun.PlayForkRun)
  :: sorting:: found: List(sbt.plugins.CorePlugin, com.typesafe.sbt.web.SbtWeb, sbt.plugins.InteractionServicePlugin, sbt.plugins.SendEventServicePlugin, sbt.plugins.SerializersPlugin, sbt.plugins.IvyPlugin, com.typesafe.sbt.webdriver.SbtWebDriver, com.typesafe.sbt.jse.SbtJsEngine, com.typesafe.sbt.digest.SbtDigest, sbt.plugins.JvmPlugin, com.typesafe.sbt.jse.SbtJsTask) not found List(play.PlayJava, play.Play, play.twirl.sbt.SbtTwirl, com.typesafe.sbt.jshint.SbtJSHint, sbt.plugins.JUnitXmlReportPlugin, com.typesafe.sbt.mocha.SbtMocha, com.typesafe.sbt.less.SbtLess, com.typesafe.sbt.rjs.SbtRjs, com.typesafe.sbt.coffeescript.SbtCoffeeScript, sbt.plugins.BackgroundRunPlugin, play.sbt.forkrun.PlayForkRun)
  :: sorting:: found: List(sbt.plugins.CorePlugin, com.typesafe.sbt.web.SbtWeb, sbt.plugins.InteractionServicePlugin, sbt.plugins.SendEventServicePlugin, sbt.plugins.SerializersPlugin, sbt.plugins.IvyPlugin, com.typesafe.sbt.webdriver.SbtWebDriver, com.typesafe.sbt.jse.SbtJsEngine, com.typesafe.sbt.digest.SbtDigest, sbt.plugins.JvmPlugin, com.typesafe.sbt.jse.SbtJsTask, play.twirl.sbt.SbtTwirl, com.typesafe.sbt.jshint.SbtJSHint, sbt.plugins.JUnitXmlReportPlugin, com.typesafe.sbt.mocha.SbtMocha, com.typesafe.sbt.less.SbtLess, com.typesafe.sbt.rjs.SbtRjs, com.typesafe.sbt.coffeescript.SbtCoffeeScript, sbt.plugins.BackgroundRunPlugin) not found List(play.PlayJava, play.Play, play.sbt.forkrun.PlayForkRun)
  :: sorting:: found: List(sbt.plugins.CorePlugin, com.typesafe.sbt.web.SbtWeb, sbt.plugins.InteractionServicePlugin, sbt.plugins.SendEventServicePlugin, sbt.plugins.SerializersPlugin, sbt.plugins.IvyPlugin, com.typesafe.sbt.webdriver.SbtWebDriver, com.typesafe.sbt.jse.SbtJsEngine, com.typesafe.sbt.digest.SbtDigest, sbt.plugins.JvmPlugin, com.typesafe.sbt.jse.SbtJsTask, play.twirl.sbt.SbtTwirl, com.typesafe.sbt.jshint.SbtJSHint, sbt.plugins.JUnitXmlReportPlugin, com.typesafe.sbt.mocha.SbtMocha, com.typesafe.sbt.less.SbtLess, com.typesafe.sbt.rjs.SbtRjs, com.typesafe.sbt.coffeescript.SbtCoffeeScript, sbt.plugins.BackgroundRunPlugin, play.Play) not found List(play.PlayJava, play.sbt.forkrun.PlayForkRun)
  :: sorting:: found: List(sbt.plugins.CorePlugin, com.typesafe.sbt.web.SbtWeb, sbt.plugins.InteractionServicePlugin, sbt.plugins.SendEventServicePlugin, sbt.plugins.SerializersPlugin, sbt.plugins.IvyPlugin, com.typesafe.sbt.webdriver.SbtWebDriver, com.typesafe.sbt.jse.SbtJsEngine, com.typesafe.sbt.digest.SbtDigest, sbt.plugins.JvmPlugin, com.typesafe.sbt.jse.SbtJsTask, play.twirl.sbt.SbtTwirl, com.typesafe.sbt.jshint.SbtJSHint, sbt.plugins.JUnitXmlReportPlugin, com.typesafe.sbt.mocha.SbtMocha, com.typesafe.sbt.less.SbtLess, com.typesafe.sbt.rjs.SbtRjs, com.typesafe.sbt.coffeescript.SbtCoffeeScript, sbt.plugins.BackgroundRunPlugin, play.Play, play.PlayJava, play.sbt.forkrun.PlayForkRun) not found List()
  :: sorted deduced result: List(sbt.plugins.CorePlugin, com.typesafe.sbt.web.SbtWeb, sbt.plugins.InteractionServicePlugin, sbt.plugins.SendEventServicePlugin, sbt.plugins.SerializersPlugin, sbt.plugins.IvyPlugin, com.typesafe.sbt.webdriver.SbtWebDriver, com.typesafe.sbt.jse.SbtJsEngine, com.typesafe.sbt.digest.SbtDigest, sbt.plugins.JvmPlugin, com.typesafe.sbt.jse.SbtJsTask, play.twirl.sbt.SbtTwirl, com.typesafe.sbt.jshint.SbtJSHint, sbt.plugins.JUnitXmlReportPlugin, com.typesafe.sbt.mocha.SbtMocha, com.typesafe.sbt.less.SbtLess, com.typesafe.sbt.rjs.SbtRjs, com.typesafe.sbt.coffeescript.SbtCoffeeScript, sbt.plugins.BackgroundRunPlugin, play.Play, play.PlayJava, play.sbt.forkrun.PlayForkRun)
[Loading] Done in C:\Users\BASHBABA\Desktop\OLGA\movierecommendation, returning: (root)
Set current project to actiontest (in build file:/C:/Users/BASHBABA/Desktop/OLGA/movierecommendation/)
Reapplying settings...
Set current project to actiontest (in build file:/C:/Users/BASHBABA/Desktop/OLGA/movierecommendation/)
> iflast shell
> server-send-ready-for-request
> server-handle-next-server-request
> compile
Evaluating tasks: compile:compile
Running task... Cancel: sbt.server.ServerTaskCancellation@5a3e08f7, check cycles: false

Initial source changes: 
	removed:Set()
	added: Set(C:\Users\BASHBABA\Desktop\OLGA\movierecommendation\target\scala-2.11\twirl\main\views\html\update.template.scala, C:\Users\BASHBABA\Desktop\OLGA\movierecommendation\app\models\Update.java)
	modified: Set(C:\Users\BASHBABA\Desktop\OLGA\movierecommendation\target\scala-2.11\src_managed\main\controllers\routes.java, C:\Users\BASHBABA\Desktop\OLGA\movierecommendation\target\scala-2.11\src_managed\main\routes_routing.scala, C:\Users\BASHBABA\Desktop\OLGA\movierecommendation\app\models\AllUsers.java, C:\Users\BASHBABA\Desktop\OLGA\movierecommendation\app\controllers\Register.java, C:\Users\BASHBABA\Desktop\OLGA\movierecommendation\target\scala-2.11\src_managed\main\routes_reverseRouting.scala)
Removed products: Set()
External API changes: API Changes: Set()
Modified binary dependencies: Set()
Initial directly invalidated sources: Set(C:\Users\BASHBABA\Desktop\OLGA\movierecommendation\target\scala-2.11\src_managed\main\controllers\routes.java, C:\Users\BASHBABA\Desktop\OLGA\movierecommendation\target\scala-2.11\src_managed\main\routes_routing.scala, C:\Users\BASHBABA\Desktop\OLGA\movierecommendation\app\models\AllUsers.java, C:\Users\BASHBABA\Desktop\OLGA\movierecommendation\target\scala-2.11\twirl\main\views\html\update.template.scala, C:\Users\BASHBABA\Desktop\OLGA\movierecommendation\app\models\Update.java, C:\Users\BASHBABA\Desktop\OLGA\movierecommendation\app\controllers\Register.java, C:\Users\BASHBABA\Desktop\OLGA\movierecommendation\target\scala-2.11\src_managed\main\routes_reverseRouting.scala)

Sources indirectly invalidated by:
	product: Set()
	binary dep: Set()
	external source: Set()
All initially invalidated sources: Set(C:\Users\BASHBABA\Desktop\OLGA\movierecommendation\target\scala-2.11\src_managed\main\controllers\routes.java, C:\Users\BASHBABA\Desktop\OLGA\movierecommendation\target\scala-2.11\src_managed\main\routes_routing.scala, C:\Users\BASHBABA\Desktop\OLGA\movierecommendation\app\models\AllUsers.java, C:\Users\BASHBABA\Desktop\OLGA\movierecommendation\target\scala-2.11\twirl\main\views\html\update.template.scala, C:\Users\BASHBABA\Desktop\OLGA\movierecommendation\app\models\Update.java, C:\Users\BASHBABA\Desktop\OLGA\movierecommendation\app\controllers\Register.java, C:\Users\BASHBABA\Desktop\OLGA\movierecommendation\target\scala-2.11\src_managed\main\routes_reverseRouting.scala)

Read from stdout: Compiling 3 Scala sources and 4 Java sources to C:\Users\BASHBABA\Desktop\OLGA\movierecommendation\target\scala-2.11\classes...
Compiling 3 Scala sources and 4 Java sources to C:\Users\BASHBABA\Desktop\OLGA\movierecommendation\target\scala-2.11\classes...
Getting compiler-interface from component compiler for Scala 2.11.1
Other repositories:
Default repositories:
Getting compiler-interface from component compiler for Scala 2.11.1
Other repositories:
Default repositories:
Running cached compiler 371be3fb, interfacing (CompilerInterface) with Scala compiler version 2.11.1
Calling Scala compiler with arguments  (CompilerInterface):
	-deprecation
	-unchecked
	-encoding
	utf8
	-bootclasspath
	C:\Program Files\Java\jdk1.8.0_40\jre\lib\resources.jar;C:\Program Files\Java\jdk1.8.0_40\jre\lib\rt.jar;C:\Program Files\Java\jdk1.8.0_40\jre\lib\sunrsasign.jar;C:\Program Files\Java\jdk1.8.0_40\jre\lib\jsse.jar;C:\Program Files\Java\jdk1.8.0_40\jre\lib\jce.jar;C:\Program Files\Java\jdk1.8.0_40\jre\lib\charsets.jar;C:\Program Files\Java\jdk1.8.0_40\jre\lib\jfr.jar;C:\Program Files\Java\jdk1.8.0_40\jre\classes;C:\Users\BASHBABA\.ivy2\cache\org.scala-lang\scala-library\jars\scala-library-2.11.1.jar
	-classpath
	C:\Users\BASHBABA\Desktop\OLGA\movierecommendation\target\scala-2.11\classes;C:\Users\BASHBABA\Desktop\OLGA\movierecommendation\lib\commons-math3-3.4.1.jar;C:\Users\BASHBABA\Desktop\OLGA\movierecommendation\lib\guava-18.0.jar;C:\Users\BASHBABA\Desktop\OLGA\movierecommendation\lib\mahout-core-0.9.jar;C:\Users\BASHBABA\Desktop\OLGA\movierecommendation\lib\mahout-integration-0.9.jar;C:\Users\BASHBABA\Desktop\OLGA\movierecommendation\lib\mahout-math-0.9.jar;C:\Users\BASHBABA\.ivy2\cache\com.typesafe.play\twirl-api_2.11\jars\twirl-api_2.11-1.0.2.jar;C:\Users\BASHBABA\.ivy2\cache\org.apache.commons\commons-lang3\jars\commons-lang3-3.1.jar;C:\Users\BASHBABA\.ivy2\cache\org.scala-lang.modules\scala-xml_2.11\bundles\scala-xml_2.11-1.0.1.jar;C:\Users\BASHBABA\.ivy2\cache\com.typesafe.play\play_2.11\jars\play_2.11-2.3.8.jar;C:\Users\BASHBABA\.ivy2\cache\com.typesafe.play\build-link\jars\build-link-2.3.8.jar;C:\Users\BASHBABA\.ivy2\cache\com.typesafe.play\play-exceptions\jars\play-exceptions-2.3.8.jar;C:\Users\BASHBABA\.ivy2\cache\com.typesafe.play\play-iteratees_2.11\jars\play-iteratees_2.11-2.3.8.jar;C:\Users\BASHBABA\.ivy2\cache\org.scala-stm\scala-stm_2.11\jars\scala-stm_2.11-0.7.jar;C:\Users\BASHBABA\.ivy2\cache\com.typesafe\config\bundles\config-1.2.1.jar;C:\Users\BASHBABA\.ivy2\cache\com.typesafe.play\play-json_2.11\jars\play-json_2.11-2.3.8.jar;C:\Users\BASHBABA\.ivy2\cache\com.typesafe.play\play-functional_2.11\jars\play-functional_2.11-2.3.8.jar;C:\Users\BASHBABA\.ivy2\cache\com.typesafe.play\play-datacommons_2.11\jars\play-datacommons_2.11-2.3.8.jar;C:\Users\BASHBABA\.ivy2\cache\joda-time\joda-time\jars\joda-time-2.3.jar;C:\Users\BASHBABA\.ivy2\cache\org.joda\joda-convert\jars\joda-convert-1.6.jar;C:\Users\BASHBABA\.ivy2\cache\com.fasterxml.jackson.core\jackson-annotations\bundles\jackson-annotations-2.3.2.jar;C:\Users\BASHBABA\.ivy2\cache\com.fasterxml.jackson.core\jackson-core\bundles\jackson-core-2.3.2.jar;C:\Users\BASHBABA\.ivy2\cache\com.fasterxml.jackson.core\jackson-databind\bundles\jackson-databind-2.3.2.jar;C:\Users\BASHBABA\.ivy2\cache\org.scala-lang\scala-reflect\jars\scala-reflect-2.11.1.jar;C:\Users\BASHBABA\.ivy2\cache\org.scala-lang.modules\scala-parser-combinators_2.11\bundles\scala-parser-combinators_2.11-1.0.1.jar;C:\Users\BASHBABA\.ivy2\cache\io.netty\netty\bundles\netty-3.9.3.Final.jar;C:\Users\BASHBABA\.ivy2\cache\com.typesafe.netty\netty-http-pipelining\jars\netty-http-pipelining-1.1.2.jar;C:\Users\BASHBABA\.ivy2\cache\org.slf4j\slf4j-api\jars\slf4j-api-1.7.6.jar;C:\Users\BASHBABA\.ivy2\cache\org.slf4j\jul-to-slf4j\jars\jul-to-slf4j-1.7.6.jar;C:\Users\BASHBABA\.ivy2\cache\org.slf4j\jcl-over-slf4j\jars\jcl-over-slf4j-1.7.6.jar;C:\Users\BASHBABA\.ivy2\cache\ch.qos.logback\logback-core\jars\logback-core-1.1.1.jar;C:\Users\BASHBABA\.ivy2\cache\ch.qos.logback\logback-classic\jars\logback-classic-1.1.1.jar;C:\Users\BASHBABA\.ivy2\cache\com.typesafe.akka\akka-actor_2.11\jars\akka-actor_2.11-2.3.4.jar;C:\Users\BASHBABA\.ivy2\cache\com.typesafe.akka\akka-slf4j_2.11\jars\akka-slf4j_2.11-2.3.4.jar;C:\Users\BASHBABA\.ivy2\cache\commons-codec\commons-codec\jars\commons-codec-1.9.jar;C:\Users\BASHBABA\.ivy2\cache\xerces\xercesImpl\jars\xercesImpl-2.11.0.jar;C:\Users\BASHBABA\.ivy2\cache\xml-apis\xml-apis\jars\xml-apis-1.4.01.jar;C:\Users\BASHBABA\.ivy2\cache\javax.transaction\jta\jars\jta-1.1.jar;C:\Users\BASHBABA\.ivy2\cache\com.typesafe.play\play-java_2.11\jars\play-java_2.11-2.3.8.jar;C:\Users\BASHBABA\.ivy2\cache\org.yaml\snakeyaml\bundles\snakeyaml-1.13.jar;C:\Users\BASHBABA\.ivy2\cache\org.hibernate\hibernate-validator\jars\hibernate-validator-5.0.3.Final.jar;C:\Users\BASHBABA\.ivy2\cache\javax.validation\validation-api\jars\validation-api-1.1.0.Final.jar;C:\Users\BASHBABA\.ivy2\cache\com.fasterxml\classmate\bundles\classmate-1.0.0.jar;C:\Users\BASHBABA\.ivy2\cache\org.jboss.logging\jboss-logging\jars\jboss-logging-3.2.0.Final.jar;C:\Users\BASHBABA\.ivy2\cache\org.springframework\spring-context\jars\spring-context-4.0.3.RELEASE.jar;C:\Users\BASHBABA\.ivy2\cache\org.springframework\spring-core\jars\spring-core-4.0.3.RELEASE.jar;C:\Users\BASHBABA\.ivy2\cache\org.springframework\spring-beans\jars\spring-beans-4.0.3.RELEASE.jar;C:\Users\BASHBABA\.ivy2\cache\org.javassist\javassist\bundles\javassist-3.19.0-GA.jar;C:\Users\BASHBABA\.ivy2\cache\org.reflections\reflections\jars\reflections-0.9.8.jar;C:\Users\BASHBABA\.ivy2\cache\com.google.guava\guava\bundles\guava-16.0.1.jar;C:\Users\BASHBABA\.ivy2\cache\dom4j\dom4j\jars\dom4j-1.6.1.jar;C:\Users\BASHBABA\.ivy2\cache\com.google.code.findbugs\jsr305\jars\jsr305-2.0.3.jar;C:\Users\BASHBABA\.ivy2\cache\org.apache.tomcat\tomcat-servlet-api\jars\tomcat-servlet-api-8.0.5.jar;C:\Users\BASHBABA\.ivy2\cache\com.typesafe.play\play-java-jdbc_2.11\jars\play-java-jdbc_2.11-2.3.8.jar;C:\Users\BASHBABA\.ivy2\cache\com.typesafe.play\play-jdbc_2.11\jars\play-jdbc_2.11-2.3.8.jar;C:\Users\BASHBABA\.ivy2\cache\com.jolbox\bonecp\bundles\bonecp-0.8.0.RELEASE.jar;C:\Users\BASHBABA\.ivy2\cache\com.h2database\h2\jars\h2-1.3.175.jar;C:\Users\BASHBABA\.ivy2\cache\tyrex\tyrex\jars\tyrex-1.0.1.jar;C:\Users\BASHBABA\.ivy2\cache\com.typesafe.play\play-java-ebean_2.11\jars\play-java-ebean_2.11-2.3.8.jar;C:\Users\BASHBABA\.ivy2\cache\org.avaje.ebeanorm\avaje-ebeanorm\jars\avaje-ebeanorm-3.3.4.jar;C:\Users\BASHBABA\.ivy2\cache\org.avaje.ebeanorm\avaje-ebeanorm-agent\jars\avaje-ebeanorm-agent-3.2.2.jar;C:\Users\BASHBABA\.ivy2\cache\org.hibernate.javax.persistence\hibernate-jpa-2.0-api\jars\hibernate-jpa-2.0-api-1.0.1.Final.jar;C:\Users\BASHBABA\.ivy2\cache\com.typesafe.play\play-cache_2.11\jars\play-cache_2.11-2.3.8.jar;C:\Users\BASHBABA\.ivy2\cache\net.sf.ehcache\ehcache-core\jars\ehcache-core-2.6.8.jar;C:\Users\BASHBABA\.ivy2\cache\com.typesafe.play\play-java-ws_2.11\jars\play-java-ws_2.11-2.3.8.jar;C:\Users\BASHBABA\.ivy2\cache\com.typesafe.play\play-ws_2.11\jars\play-ws_2.11-2.3.8.jar;C:\Users\BASHBABA\.ivy2\cache\com.ning\async-http-client\jars\async-http-client-1.8.15.jar;C:\Users\BASHBABA\.ivy2\cache\oauth.signpost\signpost-core\jars\signpost-core-1.2.1.2.jar;C:\Users\BASHBABA\.ivy2\cache\oauth.signpost\signpost-commonshttp4\jars\signpost-commonshttp4-1.2.1.2.jar;C:\Users\BASHBABA\.ivy2\cache\org.apache.httpcomponents\httpcore\jars\httpcore-4.0.1.jar;C:\Users\BASHBABA\.ivy2\cache\org.apache.httpcomponents\httpclient\jars\httpclient-4.0.1.jar;C:\Users\BASHBABA\.ivy2\cache\commons-logging\commons-logging\jars\commons-logging-1.1.1.jar;C:\Users\BASHBABA\.ivy2\cache\mysql\mysql-connector-java\jars\mysql-connector-java-5.1.27.jar;C:\Users\BASHBABA\.ivy2\cache\org.webjars\bootstrap\jars\bootstrap-3.0.2.jar;C:\Users\BASHBABA\.ivy2\cache\org.webjars\jquery\jars\jquery-1.9.0.jar
Scala compilation took 16.943475094 s
Attempting to call com.sun.tools.javac.api.JavacTool@65942c4a directly...
Read from stdout: C:\Users\BASHBABA\Desktop\OLGA\movierecommendation\app\controllers\Register.java: C:\Users\BASHBABA\Desktop\OLGA\movierecommendation\app\controllers\Register.java uses unchecked or unsafe operations.
C:\Users\BASHBABA\Desktop\OLGA\movierecommendation\app\controllers\Register.java: C:\Users\BASHBABA\Desktop\OLGA\movierecommendation\app\controllers\Register.java uses unchecked or unsafe operations.
Read from stdout: C:\Users\BASHBABA\Desktop\OLGA\movierecommendation\app\controllers\Register.java: Recompile with -Xlint:unchecked for details.
C:\Users\BASHBABA\Desktop\OLGA\movierecommendation\app\controllers\Register.java: Recompile with -Xlint:unchecked for details.
Java compilation took 3.371579173 s
Java analysis took 0.442435782 s
Java compile + analysis took 3.835081436 s
Invalidating C:\Users\BASHBABA\Desktop\OLGA\movierecommendation\app\models\Update.java...
Invalidating (transitively) by inheritance from C:\Users\BASHBABA\Desktop\OLGA\movierecommendation\app\models\Update.java...
Initial set of included nodes: Set(C:\Users\BASHBABA\Desktop\OLGA\movierecommendation\app\models\Update.java)
Invalidated by transitive inheritance dependency: Set(C:\Users\BASHBABA\Desktop\OLGA\movierecommendation\app\models\Update.java)
The C:\Users\BASHBABA\Desktop\OLGA\movierecommendation\app\models\Update.java source file has the following regular definitions changed:
	notify, cancel, wait, equals, Update, run, notifyAll, <init>, toString, getClass, scheduledExecutionTime, hashCode.
All member reference dependencies will be considered within this context.
Name hashing optimization doesn't apply to non-Scala dependency: C:\Users\BASHBABA\Desktop\OLGA\movierecommendation\app\models\AllUsers.java
Name hashing optimization doesn't apply to non-Scala dependency: C:\Users\BASHBABA\Desktop\OLGA\movierecommendation\app\models\Update.java
Invalidating C:\Users\BASHBABA\Desktop\OLGA\movierecommendation\target\scala-2.11\src_managed\main\routes_reverseRouting.scala...
Invalidating (transitively) by inheritance from C:\Users\BASHBABA\Desktop\OLGA\movierecommendation\target\scala-2.11\src_managed\main\routes_reverseRouting.scala...
Initial set of included nodes: Set(C:\Users\BASHBABA\Desktop\OLGA\movierecommendation\target\scala-2.11\src_managed\main\routes_reverseRouting.scala)
Invalidated by transitive inheritance dependency: Set(C:\Users\BASHBABA\Desktop\OLGA\movierecommendation\target\scala-2.11\src_managed\main\routes_reverseRouting.scala)
The C:\Users\BASHBABA\Desktop\OLGA\movierecommendation\target\scala-2.11\src_managed\main\routes_reverseRouting.scala source file has the following regular definitions changed:
	updating.
All member reference dependencies will be considered within this context.
None of the modified names appears in C:\Users\BASHBABA\Desktop\OLGA\movierecommendation\target\scala-2.11\twirl\main\views\html\main.template.scala. This dependency is not being considered for invalidation.
None of the modified names appears in C:\Users\BASHBABA\Desktop\OLGA\movierecommendation\target\scala-2.11\twirl\main\views\html\mainuser.template.scala. This dependency is not being considered for invalidation.
None of the modified names appears in C:\Users\BASHBABA\Desktop\OLGA\movierecommendation\target\scala-2.11\twirl\main\views\html\mainreg.template.scala. This dependency is not being considered for invalidation.
Name hashing optimization doesn't apply to non-Scala dependency: C:\Users\BASHBABA\Desktop\OLGA\movierecommendation\target\scala-2.11\src_managed\main\controllers\routes.java
None of the modified names appears in C:\Users\BASHBABA\Desktop\OLGA\movierecommendation\target\scala-2.11\twirl\main\views\html\mainload.template.scala. This dependency is not being considered for invalidation.
None of the modified names appears in C:\Users\BASHBABA\Desktop\OLGA\movierecommendation\target\scala-2.11\twirl\main\views\html\mainrec.template.scala. This dependency is not being considered for invalidation.
None of the modified names appears in C:\Users\BASHBABA\Desktop\OLGA\movierecommendation\target\scala-2.11\twirl\main\views\html\user.template.scala. This dependency is not being considered for invalidation.
None of the modified names appears in C:\Users\BASHBABA\Desktop\OLGA\movierecommendation\target\scala-2.11\twirl\main\views\html\regpage.template.scala. This dependency is not being considered for invalidation.
None of the modified names appears in C:\Users\BASHBABA\Desktop\OLGA\movierecommendation\target\scala-2.11\twirl\main\views\html\home.template.scala. This dependency is not being considered for invalidation.
Name hashing optimization doesn't apply to non-Scala dependency: C:\Users\BASHBABA\Desktop\OLGA\movierecommendation\app\controllers\Register.java
None of the modified names appears in C:\Users\BASHBABA\Desktop\OLGA\movierecommendation\target\scala-2.11\twirl\main\views\html\loadmore.template.scala. This dependency is not being considered for invalidation.
None of the modified names appears in C:\Users\BASHBABA\Desktop\OLGA\movierecommendation\target\scala-2.11\twirl\main\views\html\somethingelse.template.scala. This dependency is not being considered for invalidation.
Invalidating C:\Users\BASHBABA\Desktop\OLGA\movierecommendation\app\controllers\Register.java...
Invalidating (transitively) by inheritance from C:\Users\BASHBABA\Desktop\OLGA\movierecommendation\app\controllers\Register.java...
Initial set of included nodes: Set(C:\Users\BASHBABA\Desktop\OLGA\movierecommendation\app\controllers\Register.java)
Invalidated by transitive inheritance dependency: Set(C:\Users\BASHBABA\Desktop\OLGA\movierecommendation\app\controllers\Register.java)
The C:\Users\BASHBABA\Desktop\OLGA\movierecommendation\app\controllers\Register.java source file has the following regular definitions changed:
	updating, signin.
All member reference dependencies will be considered within this context.
The following modified names cause invalidation of C:\Users\BASHBABA\Desktop\OLGA\movierecommendation\target\scala-2.11\src_managed\main\routes_reverseRouting.scala: Set(updating, signin)
The following modified names cause invalidation of C:\Users\BASHBABA\Desktop\OLGA\movierecommendation\target\scala-2.11\src_managed\main\routes_routing.scala: Set(updating, signin)
Name hashing optimization doesn't apply to non-Scala dependency: C:\Users\BASHBABA\Desktop\OLGA\movierecommendation\app\controllers\Register.java
Invalidating C:\Users\BASHBABA\Desktop\OLGA\movierecommendation\app\models\AllUsers.java...
Invalidating (transitively) by inheritance from C:\Users\BASHBABA\Desktop\OLGA\movierecommendation\app\models\AllUsers.java...
Initial set of included nodes: Set(C:\Users\BASHBABA\Desktop\OLGA\movierecommendation\app\models\AllUsers.java)
Invalidated by transitive inheritance dependency: Set(C:\Users\BASHBABA\Desktop\OLGA\movierecommendation\app\models\AllUsers.java)
The C:\Users\BASHBABA\Desktop\OLGA\movierecommendation\app\models\AllUsers.java source file has the following regular definitions changed:
	updateNow, updateFinish, V, updating, setV.
All member reference dependencies will be considered within this context.
Name hashing optimization doesn't apply to non-Scala dependency: C:\Users\BASHBABA\Desktop\OLGA\movierecommendation\app\models\AllUsers.java
Name hashing optimization doesn't apply to non-Scala dependency: C:\Users\BASHBABA\Desktop\OLGA\movierecommendation\app\controllers\Register.java
Name hashing optimization doesn't apply to non-Scala dependency: C:\Users\BASHBABA\Desktop\OLGA\movierecommendation\app\models\Update.java
Invalidating C:\Users\BASHBABA\Desktop\OLGA\movierecommendation\target\scala-2.11\twirl\main\views\html\update.template.scala...
Invalidating (transitively) by inheritance from C:\Users\BASHBABA\Desktop\OLGA\movierecommendation\target\scala-2.11\twirl\main\views\html\update.template.scala...
Initial set of included nodes: Set(C:\Users\BASHBABA\Desktop\OLGA\movierecommendation\target\scala-2.11\twirl\main\views\html\update.template.scala)
Invalidated by transitive inheritance dependency: Set(C:\Users\BASHBABA\Desktop\OLGA\movierecommendation\target\scala-2.11\twirl\main\views\html\update.template.scala)
The C:\Users\BASHBABA\Desktop\OLGA\movierecommendation\target\scala-2.11\twirl\main\views\html\update.template.scala source file has the following regular definitions changed:
	notify, format, wait, $asInstanceOf, productArity, equals, asInstanceOf, f, synchronized, _display_, $isInstanceOf, ref, canEqual, productPrefix, notifyAll, readResolve, isInstanceOf, apply, ==, clone, copy, toString, !=, getClass, copy$default$1, update, render, ne, eq, productIterator, ##, finalize, productElement, hashCode.
All member reference dependencies will be considered within this context.
Name hashing optimization doesn't apply to non-Scala dependency: C:\Users\BASHBABA\Desktop\OLGA\movierecommendation\app\controllers\Register.java
New invalidations:
	Set(C:\Users\BASHBABA\Desktop\OLGA\movierecommendation\target\scala-2.11\src_managed\main\controllers\routes.java, C:\Users\BASHBABA\Desktop\OLGA\movierecommendation\target\scala-2.11\src_managed\main\routes_routing.scala)
Initial set of included nodes: Set(C:\Users\BASHBABA\Desktop\OLGA\movierecommendation\target\scala-2.11\src_managed\main\controllers\routes.java, C:\Users\BASHBABA\Desktop\OLGA\movierecommendation\target\scala-2.11\src_managed\main\routes_routing.scala)
Including C:\Users\BASHBABA\Desktop\OLGA\movierecommendation\target\scala-2.11\twirl\main\views\html\main.template.scala by C:\Users\BASHBABA\Desktop\OLGA\movierecommendation\target\scala-2.11\src_managed\main\controllers\routes.java
Including C:\Users\BASHBABA\Desktop\OLGA\movierecommendation\target\scala-2.11\twirl\main\views\html\index.template.scala by C:\Users\BASHBABA\Desktop\OLGA\movierecommendation\target\scala-2.11\twirl\main\views\html\main.template.scala
Including C:\Users\BASHBABA\Desktop\OLGA\movierecommendation\app\controllers\Application.java by C:\Users\BASHBABA\Desktop\OLGA\movierecommendation\target\scala-2.11\twirl\main\views\html\index.template.scala
Including C:\Users\BASHBABA\Desktop\OLGA\movierecommendation\target\scala-2.11\twirl\main\views\html\submitrec.template.scala by C:\Users\BASHBABA\Desktop\OLGA\movierecommendation\target\scala-2.11\twirl\main\views\html\main.template.scala
Including C:\Users\BASHBABA\Desktop\OLGA\movierecommendation\target\scala-2.11\twirl\main\views\html\home.template.scala by C:\Users\BASHBABA\Desktop\OLGA\movierecommendation\target\scala-2.11\twirl\main\views\html\main.template.scala
Including C:\Users\BASHBABA\Desktop\OLGA\movierecommendation\app\controllers\Register.java by C:\Users\BASHBABA\Desktop\OLGA\movierecommendation\target\scala-2.11\twirl\main\views\html\home.template.scala
Including C:\Users\BASHBABA\Desktop\OLGA\movierecommendation\target\scala-2.11\src_managed\main\routes_reverseRouting.scala by C:\Users\BASHBABA\Desktop\OLGA\movierecommendation\app\controllers\Register.java
Including C:\Users\BASHBABA\Desktop\OLGA\movierecommendation\target\scala-2.11\twirl\main\views\html\mainuser.template.scala by C:\Users\BASHBABA\Desktop\OLGA\movierecommendation\target\scala-2.11\src_managed\main\routes_reverseRouting.scala
Including C:\Users\BASHBABA\Desktop\OLGA\movierecommendation\target\scala-2.11\twirl\main\views\html\user.template.scala by C:\Users\BASHBABA\Desktop\OLGA\movierecommendation\target\scala-2.11\twirl\main\views\html\mainuser.template.scala
Including C:\Users\BASHBABA\Desktop\OLGA\movierecommendation\target\scala-2.11\twirl\main\views\html\mainreg.template.scala by C:\Users\BASHBABA\Desktop\OLGA\movierecommendation\target\scala-2.11\src_managed\main\routes_reverseRouting.scala
Including C:\Users\BASHBABA\Desktop\OLGA\movierecommendation\target\scala-2.11\twirl\main\views\html\regpage.template.scala by C:\Users\BASHBABA\Desktop\OLGA\movierecommendation\target\scala-2.11\twirl\main\views\html\mainreg.template.scala
Including C:\Users\BASHBABA\Desktop\OLGA\movierecommendation\target\scala-2.11\twirl\main\views\html\mainload.template.scala by C:\Users\BASHBABA\Desktop\OLGA\movierecommendation\target\scala-2.11\src_managed\main\routes_reverseRouting.scala
Including C:\Users\BASHBABA\Desktop\OLGA\movierecommendation\target\scala-2.11\twirl\main\views\html\loadmore.template.scala by C:\Users\BASHBABA\Desktop\OLGA\movierecommendation\target\scala-2.11\twirl\main\views\html\mainload.template.scala
Including C:\Users\BASHBABA\Desktop\OLGA\movierecommendation\target\scala-2.11\twirl\main\views\html\mainrec.template.scala by C:\Users\BASHBABA\Desktop\OLGA\movierecommendation\target\scala-2.11\src_managed\main\routes_reverseRouting.scala
Including C:\Users\BASHBABA\Desktop\OLGA\movierecommendation\target\scala-2.11\twirl\main\views\html\somethingelse.template.scala by C:\Users\BASHBABA\Desktop\OLGA\movierecommendation\target\scala-2.11\twirl\main\views\html\mainrec.template.scala
Including C:\Users\BASHBABA\Desktop\OLGA\movierecommendation\target\scala-2.11\src_managed\main\routes_routing.scala by C:\Users\BASHBABA\Desktop\OLGA\movierecommendation\app\controllers\Register.java
Including C:\Users\BASHBABA\Desktop\OLGA\movierecommendation\target\scala-2.11\twirl\main\views\html\submit.template.scala by C:\Users\BASHBABA\Desktop\OLGA\movierecommendation\target\scala-2.11\twirl\main\views\html\main.template.scala
Previously invalidated, but (transitively) depend on new invalidations:
	Set(C:\Users\BASHBABA\Desktop\OLGA\movierecommendation\app\controllers\Register.java, C:\Users\BASHBABA\Desktop\OLGA\movierecommendation\target\scala-2.11\src_managed\main\routes_reverseRouting.scala)
All newly invalidated sources after taking into account (previously) recompiled sources:Set()
Total time: 30 s, completed May 17, 2015 11:23:07 PM
> server-post-command-cleanup
> server-handle-next-server-request
> {file:/C:/Users/BASHBABA/Desktop/OLGA/movierecommendation/}root/compile:discoveredMainClasses
Evaluating tasks: compile:discoveredMainClasses
Running task... Cancel: sbt.server.ServerTaskCancellation@177ebcd2, check cycles: false

Initial source changes: 
	removed:Set()
	added: Set()
	modified: Set()
Removed products: Set()
External API changes: API Changes: Set()
Modified binary dependencies: Set()
Initial directly invalidated sources: Set()

Sources indirectly invalidated by:
	product: Set()
	binary dep: Set()
	external source: Set()
All initially invalidated sources: Set()

Total time: 2 s, completed May 17, 2015 11:23:09 PM
> server-post-command-cleanup
> server-handle-next-server-request
> {file:/C:/Users/BASHBABA/Desktop/OLGA/movierecommendation/}root/compile:mainClass
Evaluating tasks: compile:mainClass
Running task... Cancel: sbt.server.ServerTaskCancellation@5c548064, check cycles: false
Total time: 0 s, completed May 17, 2015 11:23:09 PM
> server-post-command-cleanup
> server-handle-next-server-request
> {file:/C:/Users/BASHBABA/Desktop/OLGA/movierecommendation/}root/compile:discoveredMainClasses
Evaluating tasks: compile:discoveredMainClasses
Running task... Cancel: sbt.server.ServerTaskCancellation@6bc77f51, check cycles: false

Initial source changes: 
	removed:Set()
	added: Set()
	modified: Set()
Removed products: Set()
External API changes: API Changes: Set()
Modified binary dependencies: Set()
Initial directly invalidated sources: Set()

Sources indirectly invalidated by:
	product: Set()
	binary dep: Set()
	external source: Set()
All initially invalidated sources: Set()

Total time: 2 s, completed May 17, 2015 11:23:11 PM
> server-post-command-cleanup
> server-handle-next-server-request
> compile
Evaluating tasks: compile:compile
Running task... Cancel: sbt.server.ServerTaskCancellation@7419c589, check cycles: false

Initial source changes: 
	removed:Set()
	added: Set()
	modified: Set(C:\Users\BASHBABA\Desktop\OLGA\movierecommendation\app\controllers\Register.java)
Removed products: Set()
External API changes: API Changes: Set()
Modified binary dependencies: Set()
Initial directly invalidated sources: Set(C:\Users\BASHBABA\Desktop\OLGA\movierecommendation\app\controllers\Register.java)

Sources indirectly invalidated by:
	product: Set()
	binary dep: Set()
	external source: Set()
All initially invalidated sources: Set(C:\Users\BASHBABA\Desktop\OLGA\movierecommendation\app\controllers\Register.java)

Read from stdout: Compiling 1 Java source to C:\Users\BASHBABA\Desktop\OLGA\movierecommendation\target\scala-2.11\classes...
Compiling 1 Java source to C:\Users\BASHBABA\Desktop\OLGA\movierecommendation\target\scala-2.11\classes...
Attempting to call com.sun.tools.javac.api.JavacTool@48cb20d2 directly...
Read from stdout: C:\Users\BASHBABA\Desktop\OLGA\movierecommendation\app\controllers\Register.java:55: method updateSVDsmall in class models.AllUsers cannot be applied to given types;
Read from stdout: required: no arguments
Read from stdout: found: int
Read from stdout: reason: actual and formal argument lists differ in length
C:\Users\BASHBABA\Desktop\OLGA\movierecommendation\app\controllers\Register.java:55: method updateSVDsmall in class models.AllUsers cannot be applied to given types;
  required: no arguments
  found: int
  reason: actual and formal argument lists differ in length
Read from stdout: allusers.updateSVDsmall
allusers.updateSVDsmall
Read from stdout: C:\Users\BASHBABA\Desktop\OLGA\movierecommendation\app\controllers\Register.java: C:\Users\BASHBABA\Desktop\OLGA\movierecommendation\app\controllers\Register.java uses unchecked or unsafe operations.
C:\Users\BASHBABA\Desktop\OLGA\movierecommendation\app\controllers\Register.java: C:\Users\BASHBABA\Desktop\OLGA\movierecommendation\app\controllers\Register.java uses unchecked or unsafe operations.
Read from stdout: C:\Users\BASHBABA\Desktop\OLGA\movierecommendation\app\controllers\Register.java: Recompile with -Xlint:unchecked for details.
C:\Users\BASHBABA\Desktop\OLGA\movierecommendation\app\controllers\Register.java: Recompile with -Xlint:unchecked for details.
Read from stdout: (compile:compileIncremental) javac returned nonzero exit code
(compile:compileIncremental) javac returned nonzero exit code
Total time: 2 s, completed May 17, 2015 11:26:16 PM
> server-post-command-error-handler
> server-post-command-cleanup
> server-handle-next-server-request
> compile
Evaluating tasks: compile:compile
Running task... Cancel: sbt.server.ServerTaskCancellation@12438882, check cycles: false

Initial source changes: 
	removed:Set()
	added: Set()
	modified: Set(C:\Users\BASHBABA\Desktop\OLGA\movierecommendation\app\controllers\Register.java)
Removed products: Set()
External API changes: API Changes: Set()
Modified binary dependencies: Set()
Initial directly invalidated sources: Set(C:\Users\BASHBABA\Desktop\OLGA\movierecommendation\app\controllers\Register.java)

Sources indirectly invalidated by:
	product: Set()
	binary dep: Set()
	external source: Set()
All initially invalidated sources: Set(C:\Users\BASHBABA\Desktop\OLGA\movierecommendation\app\controllers\Register.java)

Read from stdout: Compiling 1 Java source to C:\Users\BASHBABA\Desktop\OLGA\movierecommendation\target\scala-2.11\classes...
Compiling 1 Java source to C:\Users\BASHBABA\Desktop\OLGA\movierecommendation\target\scala-2.11\classes...
Attempting to call com.sun.tools.javac.api.JavacTool@30dd24a3 directly...
Read from stdout: C:\Users\BASHBABA\Desktop\OLGA\movierecommendation\app\controllers\Register.java:55: method updateSVDsmall in class models.AllUsers cannot be applied to given types;
Read from stdout: required: no arguments
Read from stdout: found: int
Read from stdout: reason: actual and formal argument lists differ in length
C:\Users\BASHBABA\Desktop\OLGA\movierecommendation\app\controllers\Register.java:55: method updateSVDsmall in class models.AllUsers cannot be applied to given types;
  required: no arguments
  found: int
  reason: actual and formal argument lists differ in length
Read from stdout: allusers.updateSVDsmall
allusers.updateSVDsmall
Read from stdout: C:\Users\BASHBABA\Desktop\OLGA\movierecommendation\app\controllers\Register.java: C:\Users\BASHBABA\Desktop\OLGA\movierecommendation\app\controllers\Register.java uses unchecked or unsafe operations.
C:\Users\BASHBABA\Desktop\OLGA\movierecommendation\app\controllers\Register.java: C:\Users\BASHBABA\Desktop\OLGA\movierecommendation\app\controllers\Register.java uses unchecked or unsafe operations.
Read from stdout: C:\Users\BASHBABA\Desktop\OLGA\movierecommendation\app\controllers\Register.java: Recompile with -Xlint:unchecked for details.
C:\Users\BASHBABA\Desktop\OLGA\movierecommendation\app\controllers\Register.java: Recompile with -Xlint:unchecked for details.
Read from stdout: (compile:compileIncremental) javac returned nonzero exit code
(compile:compileIncremental) javac returned nonzero exit code
Total time: 2 s, completed May 17, 2015 11:26:29 PM
> server-post-command-error-handler
> server-post-command-cleanup
> server-handle-next-server-request
> compile
Evaluating tasks: compile:compile
Running task... Cancel: sbt.server.ServerTaskCancellation@1a83467, check cycles: false

Initial source changes: 
	removed:Set()
	added: Set()
	modified: Set(C:\Users\BASHBABA\Desktop\OLGA\movierecommendation\app\controllers\Register.java)
Removed products: Set()
External API changes: API Changes: Set()
Modified binary dependencies: Set()
Initial directly invalidated sources: Set(C:\Users\BASHBABA\Desktop\OLGA\movierecommendation\app\controllers\Register.java)

Sources indirectly invalidated by:
	product: Set()
	binary dep: Set()
	external source: Set()
All initially invalidated sources: Set(C:\Users\BASHBABA\Desktop\OLGA\movierecommendation\app\controllers\Register.java)

Read from stdout: Compiling 1 Java source to C:\Users\BASHBABA\Desktop\OLGA\movierecommendation\target\scala-2.11\classes...
Compiling 1 Java source to C:\Users\BASHBABA\Desktop\OLGA\movierecommendation\target\scala-2.11\classes...
Attempting to call com.sun.tools.javac.api.JavacTool@2476db16 directly...
Read from stdout: C:\Users\BASHBABA\Desktop\OLGA\movierecommendation\app\controllers\Register.java:55: method updateSVDsmall in class models.AllUsers cannot be applied to given types;
Read from stdout: required: no arguments
Read from stdout: found: int
Read from stdout: reason: actual and formal argument lists differ in length
C:\Users\BASHBABA\Desktop\OLGA\movierecommendation\app\controllers\Register.java:55: method updateSVDsmall in class models.AllUsers cannot be applied to given types;
  required: no arguments
  found: int
  reason: actual and formal argument lists differ in length
Read from stdout: allusers.updateSVDsmall
allusers.updateSVDsmall
Read from stdout: C:\Users\BASHBABA\Desktop\OLGA\movierecommendation\app\controllers\Register.java: C:\Users\BASHBABA\Desktop\OLGA\movierecommendation\app\controllers\Register.java uses unchecked or unsafe operations.
C:\Users\BASHBABA\Desktop\OLGA\movierecommendation\app\controllers\Register.java: C:\Users\BASHBABA\Desktop\OLGA\movierecommendation\app\controllers\Register.java uses unchecked or unsafe operations.
Read from stdout: C:\Users\BASHBABA\Desktop\OLGA\movierecommendation\app\controllers\Register.java: Recompile with -Xlint:unchecked for details.
C:\Users\BASHBABA\Desktop\OLGA\movierecommendation\app\controllers\Register.java: Recompile with -Xlint:unchecked for details.
Read from stdout: (compile:compileIncremental) javac returned nonzero exit code
(compile:compileIncremental) javac returned nonzero exit code
Total time: 2 s, completed May 17, 2015 11:26:45 PM
> server-post-command-error-handler
> server-post-command-cleanup
> server-handle-next-server-request
> compile
Evaluating tasks: compile:compile
Running task... Cancel: sbt.server.ServerTaskCancellation@1b66548b, check cycles: false

Initial source changes: 
	removed:Set()
	added: Set()
	modified: Set(C:\Users\BASHBABA\Desktop\OLGA\movierecommendation\app\controllers\Register.java)
Removed products: Set()
External API changes: API Changes: Set()
Modified binary dependencies: Set()
Initial directly invalidated sources: Set(C:\Users\BASHBABA\Desktop\OLGA\movierecommendation\app\controllers\Register.java)

Sources indirectly invalidated by:
	product: Set()
	binary dep: Set()
	external source: Set()
All initially invalidated sources: Set(C:\Users\BASHBABA\Desktop\OLGA\movierecommendation\app\controllers\Register.java)

Read from stdout: Compiling 1 Java source to C:\Users\BASHBABA\Desktop\OLGA\movierecommendation\target\scala-2.11\classes...
Compiling 1 Java source to C:\Users\BASHBABA\Desktop\OLGA\movierecommendation\target\scala-2.11\classes...
Attempting to call com.sun.tools.javac.api.JavacTool@4ac5242f directly...
Read from stdout: C:\Users\BASHBABA\Desktop\OLGA\movierecommendation\app\controllers\Register.java: C:\Users\BASHBABA\Desktop\OLGA\movierecommendation\app\controllers\Register.java uses unchecked or unsafe operations.
C:\Users\BASHBABA\Desktop\OLGA\movierecommendation\app\controllers\Register.java: C:\Users\BASHBABA\Desktop\OLGA\movierecommendation\app\controllers\Register.java uses unchecked or unsafe operations.
Read from stdout: C:\Users\BASHBABA\Desktop\OLGA\movierecommendation\app\controllers\Register.java: Recompile with -Xlint:unchecked for details.
C:\Users\BASHBABA\Desktop\OLGA\movierecommendation\app\controllers\Register.java: Recompile with -Xlint:unchecked for details.
Java compilation took 0.362398958 s
Java analysis took 0.252701809 s
Java compile + analysis took 0.626570682 s
Invalidating C:\Users\BASHBABA\Desktop\OLGA\movierecommendation\app\controllers\Register.java...
Invalidating (transitively) by inheritance from C:\Users\BASHBABA\Desktop\OLGA\movierecommendation\app\controllers\Register.java...
Initial set of included nodes: Set(C:\Users\BASHBABA\Desktop\OLGA\movierecommendation\app\controllers\Register.java)
Invalidated by transitive inheritance dependency: Set(C:\Users\BASHBABA\Desktop\OLGA\movierecommendation\app\controllers\Register.java)
The C:\Users\BASHBABA\Desktop\OLGA\movierecommendation\app\controllers\Register.java source file has the following regular definitions changed:
	usercount.
All member reference dependencies will be considered within this context.
Name hashing optimization doesn't apply to non-Scala dependency: C:\Users\BASHBABA\Desktop\OLGA\movierecommendation\app\controllers\Register.java
None of the modified names appears in C:\Users\BASHBABA\Desktop\OLGA\movierecommendation\target\scala-2.11\src_managed\main\routes_reverseRouting.scala. This dependency is not being considered for invalidation.
None of the modified names appears in C:\Users\BASHBABA\Desktop\OLGA\movierecommendation\target\scala-2.11\src_managed\main\routes_routing.scala. This dependency is not being considered for invalidation.
New invalidations:
	Set()
Initial set of included nodes: Set()
Previously invalidated, but (transitively) depend on new invalidations:
	Set()
All newly invalidated sources after taking into account (previously) recompiled sources:Set()
Total time: 2 s, completed May 17, 2015 11:28:07 PM
> server-post-command-cleanup
> server-handle-next-server-request
> compile
Evaluating tasks: compile:compile
Running task... Cancel: sbt.server.ServerTaskCancellation@6bf67eff, check cycles: false

Initial source changes: 
	removed:Set()
	added: Set()
	modified: Set(C:\Users\BASHBABA\Desktop\OLGA\movierecommendation\app\models\Update.java)
Removed products: Set()
External API changes: API Changes: Set()
Modified binary dependencies: Set()
Initial directly invalidated sources: Set(C:\Users\BASHBABA\Desktop\OLGA\movierecommendation\app\models\Update.java)

Sources indirectly invalidated by:
	product: Set()
	binary dep: Set()
	external source: Set()
All initially invalidated sources: Set(C:\Users\BASHBABA\Desktop\OLGA\movierecommendation\app\models\Update.java)

Read from stdout: Compiling 1 Java source to C:\Users\BASHBABA\Desktop\OLGA\movierecommendation\target\scala-2.11\classes...
Compiling 1 Java source to C:\Users\BASHBABA\Desktop\OLGA\movierecommendation\target\scala-2.11\classes...
Attempting to call com.sun.tools.javac.api.JavacTool@39dcbe53 directly...
Read from stdout: C:\Users\BASHBABA\Desktop\OLGA\movierecommendation\app\models\Update.java:23: cannot find symbol
Read from stdout: symbol:   variable Register
Read from stdout: location: class models.Update
C:\Users\BASHBABA\Desktop\OLGA\movierecommendation\app\models\Update.java:23: cannot find symbol
  symbol:   variable Register
  location: class models.Update
Read from stdout: Register
Register
Read from stdout: (compile:compileIncremental) javac returned nonzero exit code
(compile:compileIncremental) javac returned nonzero exit code
Total time: 1 s, completed May 17, 2015 11:28:12 PM
> server-post-command-error-handler
> server-post-command-cleanup
> server-handle-next-server-request
> compile
Evaluating tasks: compile:compile
Running task... Cancel: sbt.server.ServerTaskCancellation@185e1610, check cycles: false

Initial source changes: 
	removed:Set()
	added: Set()
	modified: Set(C:\Users\BASHBABA\Desktop\OLGA\movierecommendation\app\models\Update.java)
Removed products: Set()
External API changes: API Changes: Set()
Modified binary dependencies: Set()
Initial directly invalidated sources: Set(C:\Users\BASHBABA\Desktop\OLGA\movierecommendation\app\models\Update.java)

Sources indirectly invalidated by:
	product: Set()
	binary dep: Set()
	external source: Set()
All initially invalidated sources: Set(C:\Users\BASHBABA\Desktop\OLGA\movierecommendation\app\models\Update.java)

Read from stdout: Compiling 1 Java source to C:\Users\BASHBABA\Desktop\OLGA\movierecommendation\target\scala-2.11\classes...
Compiling 1 Java source to C:\Users\BASHBABA\Desktop\OLGA\movierecommendation\target\scala-2.11\classes...
Attempting to call com.sun.tools.javac.api.JavacTool@35c8fd7f directly...
Read from stdout: C:\Users\BASHBABA\Desktop\OLGA\movierecommendation\app\models\Update.java:23: cannot find symbol
Read from stdout: symbol:   variable Register
Read from stdout: location: class models.Update
C:\Users\BASHBABA\Desktop\OLGA\movierecommendation\app\models\Update.java:23: cannot find symbol
  symbol:   variable Register
  location: class models.Update
Read from stdout: Register
Register
Read from stdout: (compile:compileIncremental) javac returned nonzero exit code
(compile:compileIncremental) javac returned nonzero exit code
Total time: 1 s, completed May 17, 2015 11:28:17 PM
> server-post-command-error-handler
> server-post-command-cleanup
> server-handle-next-server-request
> compile
Evaluating tasks: compile:compile
Running task... Cancel: sbt.server.ServerTaskCancellation@48e74ce8, check cycles: false

Initial source changes: 
	removed:Set()
	added: Set()
	modified: Set(C:\Users\BASHBABA\Desktop\OLGA\movierecommendation\app\models\Update.java)
Removed products: Set()
External API changes: API Changes: Set()
Modified binary dependencies: Set()
Initial directly invalidated sources: Set(C:\Users\BASHBABA\Desktop\OLGA\movierecommendation\app\models\Update.java)

Sources indirectly invalidated by:
	product: Set()
	binary dep: Set()
	external source: Set()
All initially invalidated sources: Set(C:\Users\BASHBABA\Desktop\OLGA\movierecommendation\app\models\Update.java)

Read from stdout: Compiling 1 Java source to C:\Users\BASHBABA\Desktop\OLGA\movierecommendation\target\scala-2.11\classes...
Compiling 1 Java source to C:\Users\BASHBABA\Desktop\OLGA\movierecommendation\target\scala-2.11\classes...
Attempting to call com.sun.tools.javac.api.JavacTool@10abc2f2 directly...
Read from stdout: C:\Users\BASHBABA\Desktop\OLGA\movierecommendation\app\models\Update.java:11: class, interface, or enum expected
C:\Users\BASHBABA\Desktop\OLGA\movierecommendation\app\models\Update.java:11: class, interface, or enum expected
Read from stdout: (compile:compileIncremental) javac returned nonzero exit code
(compile:compileIncremental) javac returned nonzero exit code
Total time: 1 s, completed May 17, 2015 11:28:46 PM
> server-post-command-error-handler
> server-post-command-cleanup
> server-handle-next-server-request
> compile
Evaluating tasks: compile:compile
Running task... Cancel: sbt.server.ServerTaskCancellation@6be087fa, check cycles: false

Initial source changes: 
	removed:Set()
	added: Set()
	modified: Set(C:\Users\BASHBABA\Desktop\OLGA\movierecommendation\app\models\Update.java)
Removed products: Set()
External API changes: API Changes: Set()
Modified binary dependencies: Set()
Initial directly invalidated sources: Set(C:\Users\BASHBABA\Desktop\OLGA\movierecommendation\app\models\Update.java)

Sources indirectly invalidated by:
	product: Set()
	binary dep: Set()
	external source: Set()
All initially invalidated sources: Set(C:\Users\BASHBABA\Desktop\OLGA\movierecommendation\app\models\Update.java)

Read from stdout: Compiling 1 Java source to C:\Users\BASHBABA\Desktop\OLGA\movierecommendation\target\scala-2.11\classes...
Compiling 1 Java source to C:\Users\BASHBABA\Desktop\OLGA\movierecommendation\target\scala-2.11\classes...
Attempting to call com.sun.tools.javac.api.JavacTool@2d841e1c directly...
Read from stdout: C:\Users\BASHBABA\Desktop\OLGA\movierecommendation\app\models\Update.java:11: class, interface, or enum expected
C:\Users\BASHBABA\Desktop\OLGA\movierecommendation\app\models\Update.java:11: class, interface, or enum expected
Read from stdout: (compile:compileIncremental) javac returned nonzero exit code
(compile:compileIncremental) javac returned nonzero exit code
Total time: 0 s, completed May 17, 2015 11:28:52 PM
> server-post-command-error-handler
> server-post-command-cleanup
> server-handle-next-server-request
> compile
Evaluating tasks: compile:compile
Running task... Cancel: sbt.server.ServerTaskCancellation@7afacf69, check cycles: false

Initial source changes: 
	removed:Set()
	added: Set()
	modified: Set(C:\Users\BASHBABA\Desktop\OLGA\movierecommendation\app\models\Update.java)
Removed products: Set()
External API changes: API Changes: Set()
Modified binary dependencies: Set()
Initial directly invalidated sources: Set(C:\Users\BASHBABA\Desktop\OLGA\movierecommendation\app\models\Update.java)

Sources indirectly invalidated by:
	product: Set()
	binary dep: Set()
	external source: Set()
All initially invalidated sources: Set(C:\Users\BASHBABA\Desktop\OLGA\movierecommendation\app\models\Update.java)

Read from stdout: Compiling 1 Java source to C:\Users\BASHBABA\Desktop\OLGA\movierecommendation\target\scala-2.11\classes...
Compiling 1 Java source to C:\Users\BASHBABA\Desktop\OLGA\movierecommendation\target\scala-2.11\classes...
Attempting to call com.sun.tools.javac.api.JavacTool@595d9b2a directly...
Read from stdout: C:\Users\BASHBABA\Desktop\OLGA\movierecommendation\app\models\Update.java:11: class, interface, or enum expected
C:\Users\BASHBABA\Desktop\OLGA\movierecommendation\app\models\Update.java:11: class, interface, or enum expected
Read from stdout: (compile:compileIncremental) javac returned nonzero exit code
(compile:compileIncremental) javac returned nonzero exit code
Total time: 1 s, completed May 17, 2015 11:28:58 PM
> server-post-command-error-handler
> server-post-command-cleanup
> server-handle-next-server-request
> compile
Evaluating tasks: compile:compile
Running task... Cancel: sbt.server.ServerTaskCancellation@448cc63d, check cycles: false

Initial source changes: 
	removed:Set()
	added: Set()
	modified: Set(C:\Users\BASHBABA\Desktop\OLGA\movierecommendation\app\models\Update.java)
Removed products: Set()
External API changes: API Changes: Set()
Modified binary dependencies: Set()
Initial directly invalidated sources: Set(C:\Users\BASHBABA\Desktop\OLGA\movierecommendation\app\models\Update.java)

Sources indirectly invalidated by:
	product: Set()
	binary dep: Set()
	external source: Set()
All initially invalidated sources: Set(C:\Users\BASHBABA\Desktop\OLGA\movierecommendation\app\models\Update.java)

Read from stdout: Compiling 1 Java source to C:\Users\BASHBABA\Desktop\OLGA\movierecommendation\target\scala-2.11\classes...
Compiling 1 Java source to C:\Users\BASHBABA\Desktop\OLGA\movierecommendation\target\scala-2.11\classes...
Attempting to call com.sun.tools.javac.api.JavacTool@5f91053 directly...
Read from stdout: C:\Users\BASHBABA\Desktop\OLGA\movierecommendation\app\models\Update.java:11: cannot find symbol
Read from stdout: symbol:   class Register
Read from stdout: location: package models
C:\Users\BASHBABA\Desktop\OLGA\movierecommendation\app\models\Update.java:11: cannot find symbol
  symbol:   class Register
  location: package models
Read from stdout: models.Register
models.Register
Read from stdout: C:\Users\BASHBABA\Desktop\OLGA\movierecommendation\app\models\Update.java:24: cannot find symbol
Read from stdout: symbol:   variable Register
Read from stdout: location: class models.Update
C:\Users\BASHBABA\Desktop\OLGA\movierecommendation\app\models\Update.java:24: cannot find symbol
  symbol:   variable Register
  location: class models.Update
Read from stdout: Register
Register
Read from stdout: (compile:compileIncremental) javac returned nonzero exit code
(compile:compileIncremental) javac returned nonzero exit code
Total time: 0 s, completed May 17, 2015 11:29:09 PM
> server-post-command-error-handler
> server-post-command-cleanup
> server-handle-next-server-request
> compile
Evaluating tasks: compile:compile
Running task... Cancel: sbt.server.ServerTaskCancellation@3eeeffa6, check cycles: false

Initial source changes: 
	removed:Set()
	added: Set()
	modified: Set(C:\Users\BASHBABA\Desktop\OLGA\movierecommendation\app\models\Update.java)
Removed products: Set()
External API changes: API Changes: Set()
Modified binary dependencies: Set()
Initial directly invalidated sources: Set(C:\Users\BASHBABA\Desktop\OLGA\movierecommendation\app\models\Update.java)

Sources indirectly invalidated by:
	product: Set()
	binary dep: Set()
	external source: Set()
All initially invalidated sources: Set(C:\Users\BASHBABA\Desktop\OLGA\movierecommendation\app\models\Update.java)

Read from stdout: Compiling 1 Java source to C:\Users\BASHBABA\Desktop\OLGA\movierecommendation\target\scala-2.11\classes...
Compiling 1 Java source to C:\Users\BASHBABA\Desktop\OLGA\movierecommendation\target\scala-2.11\classes...
Attempting to call com.sun.tools.javac.api.JavacTool@69fd9b13 directly...
Read from stdout: C:\Users\BASHBABA\Desktop\OLGA\movierecommendation\app\models\Update.java:11: cannot find symbol
Read from stdout: symbol:   class Register
Read from stdout: location: package models
C:\Users\BASHBABA\Desktop\OLGA\movierecommendation\app\models\Update.java:11: cannot find symbol
  symbol:   class Register
  location: package models
Read from stdout: models.Register
models.Register
Read from stdout: C:\Users\BASHBABA\Desktop\OLGA\movierecommendation\app\models\Update.java:24: cannot find symbol
Read from stdout: symbol:   variable Register
Read from stdout: location: class models.Update
C:\Users\BASHBABA\Desktop\OLGA\movierecommendation\app\models\Update.java:24: cannot find symbol
  symbol:   variable Register
  location: class models.Update
Read from stdout: Register
Register
Read from stdout: (compile:compileIncremental) javac returned nonzero exit code
(compile:compileIncremental) javac returned nonzero exit code
Total time: 1 s, completed May 17, 2015 11:29:13 PM
> server-post-command-error-handler
> server-post-command-cleanup
> server-handle-next-server-request
> compile
Evaluating tasks: compile:compile
Running task... Cancel: sbt.server.ServerTaskCancellation@1cb01ca6, check cycles: false

Initial source changes: 
	removed:Set()
	added: Set()
	modified: Set(C:\Users\BASHBABA\Desktop\OLGA\movierecommendation\app\models\Update.java)
Removed products: Set()
External API changes: API Changes: Set()
Modified binary dependencies: Set()
Initial directly invalidated sources: Set(C:\Users\BASHBABA\Desktop\OLGA\movierecommendation\app\models\Update.java)

Sources indirectly invalidated by:
	product: Set()
	binary dep: Set()
	external source: Set()
All initially invalidated sources: Set(C:\Users\BASHBABA\Desktop\OLGA\movierecommendation\app\models\Update.java)

Read from stdout: Compiling 1 Java source to C:\Users\BASHBABA\Desktop\OLGA\movierecommendation\target\scala-2.11\classes...
Compiling 1 Java source to C:\Users\BASHBABA\Desktop\OLGA\movierecommendation\target\scala-2.11\classes...
Attempting to call com.sun.tools.javac.api.JavacTool@7b3a075f directly...
Read from stdout: C:\Users\BASHBABA\Desktop\OLGA\movierecommendation\app\models\Update.java:24: usercount is not public in controllers.Register; cannot be accessed from outside package
C:\Users\BASHBABA\Desktop\OLGA\movierecommendation\app\models\Update.java:24: usercount is not public in controllers.Register; cannot be accessed from outside package
Read from stdout: Register.usercount
Register.usercount
Read from stdout: (compile:compileIncremental) javac returned nonzero exit code
(compile:compileIncremental) javac returned nonzero exit code
Total time: 1 s, completed May 17, 2015 11:29:43 PM
> server-post-command-error-handler
> server-post-command-cleanup
> server-handle-next-server-request
> compile
Evaluating tasks: compile:compile
Running task... Cancel: sbt.server.ServerTaskCancellation@2f8343cb, check cycles: false

Initial source changes: 
	removed:Set()
	added: Set()
	modified: Set(C:\Users\BASHBABA\Desktop\OLGA\movierecommendation\app\models\Update.java)
Removed products: Set()
External API changes: API Changes: Set()
Modified binary dependencies: Set()
Initial directly invalidated sources: Set(C:\Users\BASHBABA\Desktop\OLGA\movierecommendation\app\models\Update.java)

Sources indirectly invalidated by:
	product: Set()
	binary dep: Set()
	external source: Set()
All initially invalidated sources: Set(C:\Users\BASHBABA\Desktop\OLGA\movierecommendation\app\models\Update.java)

Read from stdout: Compiling 1 Java source to C:\Users\BASHBABA\Desktop\OLGA\movierecommendation\target\scala-2.11\classes...
Compiling 1 Java source to C:\Users\BASHBABA\Desktop\OLGA\movierecommendation\target\scala-2.11\classes...
Attempting to call com.sun.tools.javac.api.JavacTool@23f2ddc0 directly...
Read from stdout: C:\Users\BASHBABA\Desktop\OLGA\movierecommendation\app\models\Update.java:24: usercount is not public in controllers.Register; cannot be accessed from outside package
C:\Users\BASHBABA\Desktop\OLGA\movierecommendation\app\models\Update.java:24: usercount is not public in controllers.Register; cannot be accessed from outside package
Read from stdout: Register.usercount
Register.usercount
Read from stdout: (compile:compileIncremental) javac returned nonzero exit code
(compile:compileIncremental) javac returned nonzero exit code
Total time: 1 s, completed May 17, 2015 11:29:47 PM
> server-post-command-error-handler
> server-post-command-cleanup
> server-handle-next-server-request
> compile
Evaluating tasks: compile:compile
Running task... Cancel: sbt.server.ServerTaskCancellation@5236ef6d, check cycles: false

Initial source changes: 
	removed:Set()
	added: Set()
	modified: Set(C:\Users\BASHBABA\Desktop\OLGA\movierecommendation\app\models\Update.java)
Removed products: Set()
External API changes: API Changes: Set()
Modified binary dependencies: Set()
Initial directly invalidated sources: Set(C:\Users\BASHBABA\Desktop\OLGA\movierecommendation\app\models\Update.java)

Sources indirectly invalidated by:
	product: Set()
	binary dep: Set()
	external source: Set()
All initially invalidated sources: Set(C:\Users\BASHBABA\Desktop\OLGA\movierecommendation\app\models\Update.java)

Read from stdout: Compiling 1 Java source to C:\Users\BASHBABA\Desktop\OLGA\movierecommendation\target\scala-2.11\classes...
Compiling 1 Java source to C:\Users\BASHBABA\Desktop\OLGA\movierecommendation\target\scala-2.11\classes...
Attempting to call com.sun.tools.javac.api.JavacTool@ebdfe1f directly...
Read from stdout: C:\Users\BASHBABA\Desktop\OLGA\movierecommendation\app\models\Update.java:24: cannot find symbol
Read from stdout: symbol:   method getusercount()
Read from stdout: location: class controllers.Register
C:\Users\BASHBABA\Desktop\OLGA\movierecommendation\app\models\Update.java:24: cannot find symbol
  symbol:   method getusercount()
  location: class controllers.Register
Read from stdout: Register.getusercount
Register.getusercount
Read from stdout: (compile:compileIncremental) javac returned nonzero exit code
(compile:compileIncremental) javac returned nonzero exit code
Total time: 0 s, completed May 17, 2015 11:30:10 PM
> server-post-command-error-handler
> server-post-command-cleanup
> server-handle-next-server-request
> compile
Evaluating tasks: compile:compile
Running task... Cancel: sbt.server.ServerTaskCancellation@2b8cb0a, check cycles: false

Initial source changes: 
	removed:Set()
	added: Set()
	modified: Set(C:\Users\BASHBABA\Desktop\OLGA\movierecommendation\app\models\Update.java, C:\Users\BASHBABA\Desktop\OLGA\movierecommendation\app\controllers\Register.java)
Removed products: Set()
External API changes: API Changes: Set()
Modified binary dependencies: Set()
Initial directly invalidated sources: Set(C:\Users\BASHBABA\Desktop\OLGA\movierecommendation\app\models\Update.java, C:\Users\BASHBABA\Desktop\OLGA\movierecommendation\app\controllers\Register.java)

Sources indirectly invalidated by:
	product: Set()
	binary dep: Set()
	external source: Set()
All initially invalidated sources: Set(C:\Users\BASHBABA\Desktop\OLGA\movierecommendation\app\models\Update.java, C:\Users\BASHBABA\Desktop\OLGA\movierecommendation\app\controllers\Register.java)

Read from stdout: Compiling 2 Java sources to C:\Users\BASHBABA\Desktop\OLGA\movierecommendation\target\scala-2.11\classes...
Compiling 2 Java sources to C:\Users\BASHBABA\Desktop\OLGA\movierecommendation\target\scala-2.11\classes...
Attempting to call com.sun.tools.javac.api.JavacTool@40d32ce5 directly...
Read from stdout: C:\Users\BASHBABA\Desktop\OLGA\movierecommendation\app\controllers\Register.java:40: <identifier> expected
C:\Users\BASHBABA\Desktop\OLGA\movierecommendation\app\controllers\Register.java:40: <identifier> expected
Read from stdout: (compile:compileIncremental) javac returned nonzero exit code
(compile:compileIncremental) javac returned nonzero exit code
Total time: 1 s, completed May 17, 2015 11:31:44 PM
> server-post-command-error-handler
> server-post-command-cleanup
> server-handle-next-server-request
> compile
Evaluating tasks: compile:compile
Running task... Cancel: sbt.server.ServerTaskCancellation@67627ef2, check cycles: false

Initial source changes: 
	removed:Set()
	added: Set()
	modified: Set(C:\Users\BASHBABA\Desktop\OLGA\movierecommendation\app\models\Update.java, C:\Users\BASHBABA\Desktop\OLGA\movierecommendation\app\controllers\Register.java)
Removed products: Set()
External API changes: API Changes: Set()
Modified binary dependencies: Set()
Initial directly invalidated sources: Set(C:\Users\BASHBABA\Desktop\OLGA\movierecommendation\app\models\Update.java, C:\Users\BASHBABA\Desktop\OLGA\movierecommendation\app\controllers\Register.java)

Sources indirectly invalidated by:
	product: Set()
	binary dep: Set()
	external source: Set()
All initially invalidated sources: Set(C:\Users\BASHBABA\Desktop\OLGA\movierecommendation\app\models\Update.java, C:\Users\BASHBABA\Desktop\OLGA\movierecommendation\app\controllers\Register.java)

Read from stdout: Compiling 2 Java sources to C:\Users\BASHBABA\Desktop\OLGA\movierecommendation\target\scala-2.11\classes...
Compiling 2 Java sources to C:\Users\BASHBABA\Desktop\OLGA\movierecommendation\target\scala-2.11\classes...
Attempting to call com.sun.tools.javac.api.JavacTool@640dcbff directly...
Read from stdout: C:\Users\BASHBABA\Desktop\OLGA\movierecommendation\app\controllers\Register.java:40: <identifier> expected
C:\Users\BASHBABA\Desktop\OLGA\movierecommendation\app\controllers\Register.java:40: <identifier> expected
Read from stdout: (compile:compileIncremental) javac returned nonzero exit code
(compile:compileIncremental) javac returned nonzero exit code
Total time: 1 s, completed May 17, 2015 11:31:48 PM
> server-post-command-error-handler
> server-post-command-cleanup
> server-handle-next-server-request
> compile
Evaluating tasks: compile:compile
Running task... Cancel: sbt.server.ServerTaskCancellation@f7e9b37, check cycles: false

Initial source changes: 
	removed:Set()
	added: Set()
	modified: Set(C:\Users\BASHBABA\Desktop\OLGA\movierecommendation\app\models\Update.java, C:\Users\BASHBABA\Desktop\OLGA\movierecommendation\app\controllers\Register.java)
Removed products: Set()
External API changes: API Changes: Set()
Modified binary dependencies: Set()
Initial directly invalidated sources: Set(C:\Users\BASHBABA\Desktop\OLGA\movierecommendation\app\models\Update.java, C:\Users\BASHBABA\Desktop\OLGA\movierecommendation\app\controllers\Register.java)

Sources indirectly invalidated by:
	product: Set()
	binary dep: Set()
	external source: Set()
All initially invalidated sources: Set(C:\Users\BASHBABA\Desktop\OLGA\movierecommendation\app\models\Update.java, C:\Users\BASHBABA\Desktop\OLGA\movierecommendation\app\controllers\Register.java)

Read from stdout: Compiling 2 Java sources to C:\Users\BASHBABA\Desktop\OLGA\movierecommendation\target\scala-2.11\classes...
Compiling 2 Java sources to C:\Users\BASHBABA\Desktop\OLGA\movierecommendation\target\scala-2.11\classes...
Attempting to call com.sun.tools.javac.api.JavacTool@69265088 directly...
Read from stdout: C:\Users\BASHBABA\Desktop\OLGA\movierecommendation\app\controllers\Register.java:41: non-static variable this cannot be referenced from a static context
C:\Users\BASHBABA\Desktop\OLGA\movierecommendation\app\controllers\Register.java:41: non-static variable this cannot be referenced from a static context
Read from stdout: this
this
Read from stdout: C:\Users\BASHBABA\Desktop\OLGA\movierecommendation\app\controllers\Register.java: C:\Users\BASHBABA\Desktop\OLGA\movierecommendation\app\controllers\Register.java uses unchecked or unsafe operations.
C:\Users\BASHBABA\Desktop\OLGA\movierecommendation\app\controllers\Register.java: C:\Users\BASHBABA\Desktop\OLGA\movierecommendation\app\controllers\Register.java uses unchecked or unsafe operations.
Read from stdout: C:\Users\BASHBABA\Desktop\OLGA\movierecommendation\app\controllers\Register.java: Recompile with -Xlint:unchecked for details.
C:\Users\BASHBABA\Desktop\OLGA\movierecommendation\app\controllers\Register.java: Recompile with -Xlint:unchecked for details.
Read from stdout: (compile:compileIncremental) javac returned nonzero exit code
(compile:compileIncremental) javac returned nonzero exit code
Total time: 1 s, completed May 17, 2015 11:32:03 PM
> server-post-command-error-handler
> server-post-command-cleanup
> server-handle-next-server-request
> compile
Evaluating tasks: compile:compile
Running task... Cancel: sbt.server.ServerTaskCancellation@d8a99a1, check cycles: false

Initial source changes: 
	removed:Set()
	added: Set()
	modified: Set(C:\Users\BASHBABA\Desktop\OLGA\movierecommendation\app\models\Update.java, C:\Users\BASHBABA\Desktop\OLGA\movierecommendation\app\controllers\Register.java)
Removed products: Set()
External API changes: API Changes: Set()
Modified binary dependencies: Set()
Initial directly invalidated sources: Set(C:\Users\BASHBABA\Desktop\OLGA\movierecommendation\app\models\Update.java, C:\Users\BASHBABA\Desktop\OLGA\movierecommendation\app\controllers\Register.java)

Sources indirectly invalidated by:
	product: Set()
	binary dep: Set()
	external source: Set()
All initially invalidated sources: Set(C:\Users\BASHBABA\Desktop\OLGA\movierecommendation\app\models\Update.java, C:\Users\BASHBABA\Desktop\OLGA\movierecommendation\app\controllers\Register.java)

Read from stdout: Compiling 2 Java sources to C:\Users\BASHBABA\Desktop\OLGA\movierecommendation\target\scala-2.11\classes...
Compiling 2 Java sources to C:\Users\BASHBABA\Desktop\OLGA\movierecommendation\target\scala-2.11\classes...
Attempting to call com.sun.tools.javac.api.JavacTool@119221bb directly...
Read from stdout: C:\Users\BASHBABA\Desktop\OLGA\movierecommendation\app\controllers\Register.java:41: non-static variable this cannot be referenced from a static context
C:\Users\BASHBABA\Desktop\OLGA\movierecommendation\app\controllers\Register.java:41: non-static variable this cannot be referenced from a static context
Read from stdout: this
this
Read from stdout: C:\Users\BASHBABA\Desktop\OLGA\movierecommendation\app\controllers\Register.java: C:\Users\BASHBABA\Desktop\OLGA\movierecommendation\app\controllers\Register.java uses unchecked or unsafe operations.
C:\Users\BASHBABA\Desktop\OLGA\movierecommendation\app\controllers\Register.java: C:\Users\BASHBABA\Desktop\OLGA\movierecommendation\app\controllers\Register.java uses unchecked or unsafe operations.
Read from stdout: C:\Users\BASHBABA\Desktop\OLGA\movierecommendation\app\controllers\Register.java: Recompile with -Xlint:unchecked for details.
C:\Users\BASHBABA\Desktop\OLGA\movierecommendation\app\controllers\Register.java: Recompile with -Xlint:unchecked for details.
Read from stdout: (compile:compileIncremental) javac returned nonzero exit code
(compile:compileIncremental) javac returned nonzero exit code
Total time: 1 s, completed May 17, 2015 11:32:09 PM
> server-post-command-error-handler
> server-post-command-cleanup
> server-handle-next-server-request
> compile
Evaluating tasks: compile:compile
Running task... Cancel: sbt.server.ServerTaskCancellation@63505d70, check cycles: false

Initial source changes: 
	removed:Set()
	added: Set()
	modified: Set(C:\Users\BASHBABA\Desktop\OLGA\movierecommendation\app\models\Update.java, C:\Users\BASHBABA\Desktop\OLGA\movierecommendation\app\controllers\Register.java)
Removed products: Set()
External API changes: API Changes: Set()
Modified binary dependencies: Set()
Initial directly invalidated sources: Set(C:\Users\BASHBABA\Desktop\OLGA\movierecommendation\app\models\Update.java, C:\Users\BASHBABA\Desktop\OLGA\movierecommendation\app\controllers\Register.java)

Sources indirectly invalidated by:
	product: Set()
	binary dep: Set()
	external source: Set()
All initially invalidated sources: Set(C:\Users\BASHBABA\Desktop\OLGA\movierecommendation\app\models\Update.java, C:\Users\BASHBABA\Desktop\OLGA\movierecommendation\app\controllers\Register.java)

Read from stdout: Compiling 2 Java sources to C:\Users\BASHBABA\Desktop\OLGA\movierecommendation\target\scala-2.11\classes...
Compiling 2 Java sources to C:\Users\BASHBABA\Desktop\OLGA\movierecommendation\target\scala-2.11\classes...
Attempting to call com.sun.tools.javac.api.JavacTool@7f5c10f5 directly...
Read from stdout: C:\Users\BASHBABA\Desktop\OLGA\movierecommendation\app\controllers\Register.java: C:\Users\BASHBABA\Desktop\OLGA\movierecommendation\app\controllers\Register.java uses unchecked or unsafe operations.
C:\Users\BASHBABA\Desktop\OLGA\movierecommendation\app\controllers\Register.java: C:\Users\BASHBABA\Desktop\OLGA\movierecommendation\app\controllers\Register.java uses unchecked or unsafe operations.
Read from stdout: C:\Users\BASHBABA\Desktop\OLGA\movierecommendation\app\controllers\Register.java: Recompile with -Xlint:unchecked for details.
C:\Users\BASHBABA\Desktop\OLGA\movierecommendation\app\controllers\Register.java: Recompile with -Xlint:unchecked for details.
Java compilation took 0.227717718 s
Java analysis took 0.170444008 s
Java compile + analysis took 0.409305879 s
Invalidating C:\Users\BASHBABA\Desktop\OLGA\movierecommendation\app\controllers\Register.java...
Invalidating (transitively) by inheritance from C:\Users\BASHBABA\Desktop\OLGA\movierecommendation\app\controllers\Register.java...
Initial set of included nodes: Set(C:\Users\BASHBABA\Desktop\OLGA\movierecommendation\app\controllers\Register.java)
Invalidated by transitive inheritance dependency: Set(C:\Users\BASHBABA\Desktop\OLGA\movierecommendation\app\controllers\Register.java)
The C:\Users\BASHBABA\Desktop\OLGA\movierecommendation\app\controllers\Register.java source file has the following regular definitions changed:
	getusercount.
All member reference dependencies will be considered within this context.
Name hashing optimization doesn't apply to non-Scala dependency: C:\Users\BASHBABA\Desktop\OLGA\movierecommendation\app\controllers\Register.java
Name hashing optimization doesn't apply to non-Scala dependency: C:\Users\BASHBABA\Desktop\OLGA\movierecommendation\app\models\Update.java
None of the modified names appears in C:\Users\BASHBABA\Desktop\OLGA\movierecommendation\target\scala-2.11\src_managed\main\routes_reverseRouting.scala. This dependency is not being considered for invalidation.
None of the modified names appears in C:\Users\BASHBABA\Desktop\OLGA\movierecommendation\target\scala-2.11\src_managed\main\routes_routing.scala. This dependency is not being considered for invalidation.
New invalidations:
	Set(C:\Users\BASHBABA\Desktop\OLGA\movierecommendation\app\models\Update.java)
Initial set of included nodes: Set(C:\Users\BASHBABA\Desktop\OLGA\movierecommendation\app\models\Update.java)
Including C:\Users\BASHBABA\Desktop\OLGA\movierecommendation\app\models\AllUsers.java by C:\Users\BASHBABA\Desktop\OLGA\movierecommendation\app\models\Update.java
Including C:\Users\BASHBABA\Desktop\OLGA\movierecommendation\app\controllers\Register.java by C:\Users\BASHBABA\Desktop\OLGA\movierecommendation\app\models\AllUsers.java
Including C:\Users\BASHBABA\Desktop\OLGA\movierecommendation\target\scala-2.11\src_managed\main\routes_reverseRouting.scala by C:\Users\BASHBABA\Desktop\OLGA\movierecommendation\app\controllers\Register.java
Including C:\Users\BASHBABA\Desktop\OLGA\movierecommendation\target\scala-2.11\twirl\main\views\html\main.template.scala by C:\Users\BASHBABA\Desktop\OLGA\movierecommendation\target\scala-2.11\src_managed\main\routes_reverseRouting.scala
Including C:\Users\BASHBABA\Desktop\OLGA\movierecommendation\target\scala-2.11\twirl\main\views\html\index.template.scala by C:\Users\BASHBABA\Desktop\OLGA\movierecommendation\target\scala-2.11\twirl\main\views\html\main.template.scala
Including C:\Users\BASHBABA\Desktop\OLGA\movierecommendation\app\controllers\Application.java by C:\Users\BASHBABA\Desktop\OLGA\movierecommendation\target\scala-2.11\twirl\main\views\html\index.template.scala
Including C:\Users\BASHBABA\Desktop\OLGA\movierecommendation\target\scala-2.11\twirl\main\views\html\submitrec.template.scala by C:\Users\BASHBABA\Desktop\OLGA\movierecommendation\target\scala-2.11\twirl\main\views\html\main.template.scala
Including C:\Users\BASHBABA\Desktop\OLGA\movierecommendation\target\scala-2.11\twirl\main\views\html\home.template.scala by C:\Users\BASHBABA\Desktop\OLGA\movierecommendation\target\scala-2.11\twirl\main\views\html\main.template.scala
Including C:\Users\BASHBABA\Desktop\OLGA\movierecommendation\target\scala-2.11\twirl\main\views\html\submit.template.scala by C:\Users\BASHBABA\Desktop\OLGA\movierecommendation\target\scala-2.11\twirl\main\views\html\main.template.scala
Including C:\Users\BASHBABA\Desktop\OLGA\movierecommendation\target\scala-2.11\twirl\main\views\html\mainuser.template.scala by C:\Users\BASHBABA\Desktop\OLGA\movierecommendation\target\scala-2.11\src_managed\main\routes_reverseRouting.scala
Including C:\Users\BASHBABA\Desktop\OLGA\movierecommendation\target\scala-2.11\twirl\main\views\html\user.template.scala by C:\Users\BASHBABA\Desktop\OLGA\movierecommendation\target\scala-2.11\twirl\main\views\html\mainuser.template.scala
Including C:\Users\BASHBABA\Desktop\OLGA\movierecommendation\target\scala-2.11\twirl\main\views\html\mainreg.template.scala by C:\Users\BASHBABA\Desktop\OLGA\movierecommendation\target\scala-2.11\src_managed\main\routes_reverseRouting.scala
Including C:\Users\BASHBABA\Desktop\OLGA\movierecommendation\target\scala-2.11\twirl\main\views\html\regpage.template.scala by C:\Users\BASHBABA\Desktop\OLGA\movierecommendation\target\scala-2.11\twirl\main\views\html\mainreg.template.scala
Including C:\Users\BASHBABA\Desktop\OLGA\movierecommendation\target\scala-2.11\src_managed\main\controllers\routes.java by C:\Users\BASHBABA\Desktop\OLGA\movierecommendation\target\scala-2.11\src_managed\main\routes_reverseRouting.scala
Including C:\Users\BASHBABA\Desktop\OLGA\movierecommendation\target\scala-2.11\twirl\main\views\html\mainload.template.scala by C:\Users\BASHBABA\Desktop\OLGA\movierecommendation\target\scala-2.11\src_managed\main\controllers\routes.java
Including C:\Users\BASHBABA\Desktop\OLGA\movierecommendation\target\scala-2.11\twirl\main\views\html\loadmore.template.scala by C:\Users\BASHBABA\Desktop\OLGA\movierecommendation\target\scala-2.11\twirl\main\views\html\mainload.template.scala
Including C:\Users\BASHBABA\Desktop\OLGA\movierecommendation\target\scala-2.11\twirl\main\views\html\mainrec.template.scala by C:\Users\BASHBABA\Desktop\OLGA\movierecommendation\target\scala-2.11\src_managed\main\controllers\routes.java
Including C:\Users\BASHBABA\Desktop\OLGA\movierecommendation\target\scala-2.11\twirl\main\views\html\somethingelse.template.scala by C:\Users\BASHBABA\Desktop\OLGA\movierecommendation\target\scala-2.11\twirl\main\views\html\mainrec.template.scala
Including C:\Users\BASHBABA\Desktop\OLGA\movierecommendation\target\scala-2.11\src_managed\main\routes_routing.scala by C:\Users\BASHBABA\Desktop\OLGA\movierecommendation\app\controllers\Register.java
Previously invalidated, but (transitively) depend on new invalidations:
	Set(C:\Users\BASHBABA\Desktop\OLGA\movierecommendation\app\controllers\Register.java)
All newly invalidated sources after taking into account (previously) recompiled sources:Set()
Total time: 1 s, completed May 17, 2015 11:32:23 PM
> server-post-command-cleanup
> server-handle-next-server-request
> compile
Evaluating tasks: compile:compile
Running task... Cancel: sbt.server.ServerTaskCancellation@7d3a8e19, check cycles: false

Initial source changes: 
	removed:Set()
	added: Set()
	modified: Set(C:\Users\BASHBABA\Desktop\OLGA\movierecommendation\app\models\AllUsers.java)
Removed products: Set()
External API changes: API Changes: Set()
Modified binary dependencies: Set()
Initial directly invalidated sources: Set(C:\Users\BASHBABA\Desktop\OLGA\movierecommendation\app\models\AllUsers.java)

Sources indirectly invalidated by:
	product: Set()
	binary dep: Set()
	external source: Set()
All initially invalidated sources: Set(C:\Users\BASHBABA\Desktop\OLGA\movierecommendation\app\models\AllUsers.java)

Read from stdout: Compiling 1 Java source to C:\Users\BASHBABA\Desktop\OLGA\movierecommendation\target\scala-2.11\classes...
Compiling 1 Java source to C:\Users\BASHBABA\Desktop\OLGA\movierecommendation\target\scala-2.11\classes...
Attempting to call com.sun.tools.javac.api.JavacTool@6be6eeec directly...
Read from stdout: C:\Users\BASHBABA\Desktop\OLGA\movierecommendation\app\models\AllUsers.java:846: ')' expected
C:\Users\BASHBABA\Desktop\OLGA\movierecommendation\app\models\AllUsers.java:846: ')' expected
Read from stdout: C:\Users\BASHBABA\Desktop\OLGA\movierecommendation\app\models\AllUsers.java:847: illegal start of expression
C:\Users\BASHBABA\Desktop\OLGA\movierecommendation\app\models\AllUsers.java:847: illegal start of expression
Read from stdout: C:\Users\BASHBABA\Desktop\OLGA\movierecommendation\app\models\AllUsers.java:847: ';' expected
C:\Users\BASHBABA\Desktop\OLGA\movierecommendation\app\models\AllUsers.java:847: ';' expected
Read from stdout: C:\Users\BASHBABA\Desktop\OLGA\movierecommendation\app\models\AllUsers.java:848: illegal start of expression
C:\Users\BASHBABA\Desktop\OLGA\movierecommendation\app\models\AllUsers.java:848: illegal start of expression
Read from stdout: (compile:compileIncremental) javac returned nonzero exit code
(compile:compileIncremental) javac returned nonzero exit code
Total time: 0 s, completed May 17, 2015 11:33:49 PM
> server-post-command-error-handler
> server-post-command-cleanup
> server-handle-next-server-request
> compile
Evaluating tasks: compile:compile
Running task... Cancel: sbt.server.ServerTaskCancellation@2ee60ac0, check cycles: false

Initial source changes: 
	removed:Set()
	added: Set()
	modified: Set(C:\Users\BASHBABA\Desktop\OLGA\movierecommendation\app\models\AllUsers.java)
Removed products: Set()
External API changes: API Changes: Set()
Modified binary dependencies: Set()
Initial directly invalidated sources: Set(C:\Users\BASHBABA\Desktop\OLGA\movierecommendation\app\models\AllUsers.java)

Sources indirectly invalidated by:
	product: Set()
	binary dep: Set()
	external source: Set()
All initially invalidated sources: Set(C:\Users\BASHBABA\Desktop\OLGA\movierecommendation\app\models\AllUsers.java)

Read from stdout: Compiling 1 Java source to C:\Users\BASHBABA\Desktop\OLGA\movierecommendation\target\scala-2.11\classes...
Compiling 1 Java source to C:\Users\BASHBABA\Desktop\OLGA\movierecommendation\target\scala-2.11\classes...
Attempting to call com.sun.tools.javac.api.JavacTool@625a8930 directly...
Read from stdout: C:\Users\BASHBABA\Desktop\OLGA\movierecommendation\app\models\AllUsers.java:846: ')' expected
C:\Users\BASHBABA\Desktop\OLGA\movierecommendation\app\models\AllUsers.java:846: ')' expected
Read from stdout: C:\Users\BASHBABA\Desktop\OLGA\movierecommendation\app\models\AllUsers.java:847: illegal start of expression
C:\Users\BASHBABA\Desktop\OLGA\movierecommendation\app\models\AllUsers.java:847: illegal start of expression
Read from stdout: C:\Users\BASHBABA\Desktop\OLGA\movierecommendation\app\models\AllUsers.java:847: ';' expected
C:\Users\BASHBABA\Desktop\OLGA\movierecommendation\app\models\AllUsers.java:847: ';' expected
Read from stdout: C:\Users\BASHBABA\Desktop\OLGA\movierecommendation\app\models\AllUsers.java:848: illegal start of expression
C:\Users\BASHBABA\Desktop\OLGA\movierecommendation\app\models\AllUsers.java:848: illegal start of expression
Read from stdout: (compile:compileIncremental) javac returned nonzero exit code
(compile:compileIncremental) javac returned nonzero exit code
Total time: 1 s, completed May 17, 2015 11:33:56 PM
> server-post-command-error-handler
> server-post-command-cleanup
> server-handle-next-server-request
> compile
Evaluating tasks: compile:compile
Running task... Cancel: sbt.server.ServerTaskCancellation@ccfb3c9, check cycles: false

Initial source changes: 
	removed:Set()
	added: Set()
	modified: Set(C:\Users\BASHBABA\Desktop\OLGA\movierecommendation\app\models\AllUsers.java)
Removed products: Set()
External API changes: API Changes: Set()
Modified binary dependencies: Set()
Initial directly invalidated sources: Set(C:\Users\BASHBABA\Desktop\OLGA\movierecommendation\app\models\AllUsers.java)

Sources indirectly invalidated by:
	product: Set()
	binary dep: Set()
	external source: Set()
All initially invalidated sources: Set(C:\Users\BASHBABA\Desktop\OLGA\movierecommendation\app\models\AllUsers.java)

Read from stdout: Compiling 1 Java source to C:\Users\BASHBABA\Desktop\OLGA\movierecommendation\target\scala-2.11\classes...
Compiling 1 Java source to C:\Users\BASHBABA\Desktop\OLGA\movierecommendation\target\scala-2.11\classes...
Attempting to call com.sun.tools.javac.api.JavacTool@2267ac87 directly...
Java compilation took 0.30080646 s
Java analysis took 0.045469556 s
Java compile + analysis took 0.363107154 s
New invalidations:
	Set()
Initial set of included nodes: Set()
Previously invalidated, but (transitively) depend on new invalidations:
	Set()
All newly invalidated sources after taking into account (previously) recompiled sources:Set()
Total time: 1 s, completed May 17, 2015 11:34:07 PM
> server-post-command-cleanup
> server-handle-next-server-request
> compile
Evaluating tasks: compile:compile
Running task... Cancel: sbt.server.ServerTaskCancellation@3f260af1, check cycles: false

Initial source changes: 
	removed:Set()
	added: Set()
	modified: Set()
Removed products: Set()
External API changes: API Changes: Set()
Modified binary dependencies: Set()
Initial directly invalidated sources: Set()

Sources indirectly invalidated by:
	product: Set()
	binary dep: Set()
	external source: Set()
All initially invalidated sources: Set()

Total time: 0 s, completed May 17, 2015 11:34:10 PM
> server-post-command-cleanup
> server-handle-next-server-request
> compile
Evaluating tasks: compile:compile
Running task... Cancel: sbt.server.ServerTaskCancellation@12b49899, check cycles: false

Initial source changes: 
	removed:Set()
	added: Set()
	modified: Set(C:\Users\BASHBABA\Desktop\OLGA\movierecommendation\app\models\Update.java)
Removed products: Set()
External API changes: API Changes: Set()
Modified binary dependencies: Set()
Initial directly invalidated sources: Set(C:\Users\BASHBABA\Desktop\OLGA\movierecommendation\app\models\Update.java)

Sources indirectly invalidated by:
	product: Set()
	binary dep: Set()
	external source: Set()
All initially invalidated sources: Set(C:\Users\BASHBABA\Desktop\OLGA\movierecommendation\app\models\Update.java)

Read from stdout: Compiling 1 Java source to C:\Users\BASHBABA\Desktop\OLGA\movierecommendation\target\scala-2.11\classes...
Compiling 1 Java source to C:\Users\BASHBABA\Desktop\OLGA\movierecommendation\target\scala-2.11\classes...
Attempting to call com.sun.tools.javac.api.JavacTool@8b7f1ae directly...
Java compilation took 0.101917706 s
Java analysis took 0.023980033 s
Java compile + analysis took 0.140141532 s
New invalidations:
	Set()
Initial set of included nodes: Set()
Previously invalidated, but (transitively) depend on new invalidations:
	Set()
All newly invalidated sources after taking into account (previously) recompiled sources:Set()
Total time: 1 s, completed May 17, 2015 11:35:36 PM
> server-post-command-cleanup
> server-handle-next-server-request
> compile
Evaluating tasks: compile:compile
Running task... Cancel: sbt.server.ServerTaskCancellation@1edfb4fd, check cycles: false

Initial source changes: 
	removed:Set()
	added: Set()
	modified: Set()
Removed products: Set()
External API changes: API Changes: Set()
Modified binary dependencies: Set()
Initial directly invalidated sources: Set()

Sources indirectly invalidated by:
	product: Set()
	binary dep: Set()
	external source: Set()
All initially invalidated sources: Set()

Total time: 1 s, completed May 17, 2015 11:36:05 PM
> server-post-command-cleanup
> server-handle-next-server-request
